2019-06-26 10:48:51 info: Check out the app at http://localhost:4000
2019-06-26 10:48:52 info: Connected to mongodb server
2019-06-26 15:19:29 info: PARAM {"0":"video/VideoUpload/undefined/undefined"} | BODY {}
2019-06-26 15:19:29 error: uncaughtException: Cast to number failed for value "undefined" at path "_id" for model "video"
CastError: Cast to number failed for value "undefined" at path "_id" for model "video"
    at new CastError (D:\workplace\react-app\node_modules\mongoose\lib\error\cast.js:29:11)
    at SchemaNumber.cast (D:\workplace\react-app\node_modules\mongoose\lib\schema\number.js:311:11)
    at SchemaNumber.SchemaType.applySetters (D:\workplace\react-app\node_modules\mongoose\lib\schematype.js:892:12)
    at SchemaNumber.SchemaType._castForQuery (D:\workplace\react-app\node_modules\mongoose\lib\schematype.js:1304:15)
    at SchemaNumber.castForQuery (D:\workplace\react-app\node_modules\mongoose\lib\schema\number.js:363:14)
    at SchemaNumber.SchemaType.castForQueryWrapper (D:\workplace\react-app\node_modules\mongoose\lib\schematype.js:1273:15)
    at cast (D:\workplace\react-app\node_modules\mongoose\lib\cast.js:307:32)
    at model.Query.Query.cast (D:\workplace\react-app\node_modules\mongoose\lib\query.js:4520:12)
    at model.Query.Query._castConditions (D:\workplace\react-app\node_modules\mongoose\lib\query.js:1762:10)
    at model.Query.<anonymous> (D:\workplace\react-app\node_modules\mongoose\lib\query.js:1789:8)
    at model.Query._wrappedThunk [as _find] (D:\workplace\react-app\node_modules\mongoose\lib\helpers\query\wrapThunk.js:16:8)
    at process.nextTick (D:\workplace\react-app\node_modules\kareem\index.js:369:33)
    at process._tickCallback (internal/process/next_tick.js:61:11)
2019-06-26 15:19:29 info: PARAM {"0":"image/test/gallery"} | BODY {}
2019-06-26 15:19:29 info: PARAM {"0":"image/test/grid"} | BODY {}
2019-06-26 15:19:29 info: PARAM {"0":"memo"} | BODY {}
2019-06-26 15:19:35 info: PARAM {"0":"image/test/gallery"} | BODY {}
2019-06-26 15:19:35 info: PARAM {"0":"image/test/grid"} | BODY {}
2019-06-26 15:19:35 info: PARAM {"0":"memo"} | BODY {}
2019-06-26 15:19:53 info: ::ffff:127.0.0.1 - - [26/Jun/2019:06:19:53 +0000] "GET /api/video/VideoUpload/undefined/undefined HTTP/1.1" - - "http://localhost:3000/VideoUpload" "Mozilla/5.0 (Windows NT 10.0; Win64; x64) AppleWebKit/537.36 (KHTML, like Gecko) Chrome/75.0.3770.100 Safari/537.36"

2019-06-26 15:19:53 info: PARAM {"0":"video/VideoUpload/undefined/undefined"} | BODY {}
2019-06-26 15:19:53 error: uncaughtException: Cast to number failed for value "undefined" at path "_id" for model "video"
CastError: Cast to number failed for value "undefined" at path "_id" for model "video"
    at new CastError (D:\workplace\react-app\node_modules\mongoose\lib\error\cast.js:29:11)
    at SchemaNumber.cast (D:\workplace\react-app\node_modules\mongoose\lib\schema\number.js:311:11)
    at SchemaNumber.SchemaType.applySetters (D:\workplace\react-app\node_modules\mongoose\lib\schematype.js:892:12)
    at SchemaNumber.SchemaType._castForQuery (D:\workplace\react-app\node_modules\mongoose\lib\schematype.js:1304:15)
    at SchemaNumber.castForQuery (D:\workplace\react-app\node_modules\mongoose\lib\schema\number.js:363:14)
    at SchemaNumber.SchemaType.castForQueryWrapper (D:\workplace\react-app\node_modules\mongoose\lib\schematype.js:1273:15)
    at cast (D:\workplace\react-app\node_modules\mongoose\lib\cast.js:307:32)
    at model.Query.Query.cast (D:\workplace\react-app\node_modules\mongoose\lib\query.js:4520:12)
    at model.Query.Query._castConditions (D:\workplace\react-app\node_modules\mongoose\lib\query.js:1762:10)
    at model.Query.<anonymous> (D:\workplace\react-app\node_modules\mongoose\lib\query.js:1789:8)
    at model.Query._wrappedThunk [as _find] (D:\workplace\react-app\node_modules\mongoose\lib\helpers\query\wrapThunk.js:16:8)
    at process.nextTick (D:\workplace\react-app\node_modules\kareem\index.js:369:33)
    at process._tickCallback (internal/process/next_tick.js:61:11)
2019-06-26 15:19:53 info: PARAM {"0":"image/test/gallery"} | BODY {}
2019-06-26 15:19:53 info: PARAM {"0":"image/test/grid"} | BODY {}
2019-06-26 15:19:53 info: PARAM {"0":"memo"} | BODY {}
2019-06-26 15:20:02 info: ::ffff:127.0.0.1 - - [26/Jun/2019:06:20:02 +0000] "GET /api/video/VideoUpload/undefined/undefined HTTP/1.1" - - "http://localhost:3000/VideoUpload" "Mozilla/5.0 (Windows NT 10.0; Win64; x64) AppleWebKit/537.36 (KHTML, like Gecko) Chrome/75.0.3770.100 Safari/537.36"

2019-06-26 15:31:42 info: Check out the app at http://localhost:4000
2019-06-26 15:31:43 info: Connected to mongodb server
2019-06-26 15:36:03 info: Check out the app at http://localhost:4000
2019-06-26 15:36:04 info: Connected to mongodb server
2019-06-26 15:48:59 info: PARAM {"0":"kakao/"} | BODY {"code":"uxa2Di_sPz1rcybz6CJL8XBZd-quLdtUFWhzK02rsTegdX0bYAq-yVYJun5Ejo5iuD47MgorDKgAAAFrkosJiw"}
2019-06-26 15:48:59 error: ReferenceError: qs is not defined
    at D:/workplace/react-app/server/routes/kakao.js:21:14
    at Layer.handle [as handle_request] (D:\workplace\react-app\node_modules\express\lib\router\layer.js:95:5)
    at next (D:\workplace\react-app\node_modules\express\lib\router\route.js:137:13)
    at Route.dispatch (D:\workplace\react-app\node_modules\express\lib\router\route.js:112:3)
    at Layer.handle [as handle_request] (D:\workplace\react-app\node_modules\express\lib\router\layer.js:95:5)
    at D:\workplace\react-app\node_modules\express\lib\router\index.js:281:22
    at Function.process_params (D:\workplace\react-app\node_modules\express\lib\router\index.js:335:12)
    at next (D:\workplace\react-app\node_modules\express\lib\router\index.js:275:10)
    at Function.handle (D:\workplace\react-app\node_modules\express\lib\router\index.js:174:3)
    at router (D:\workplace\react-app\node_modules\express\lib\router\index.js:47:12)
    at Layer.handle [as handle_request] (D:\workplace\react-app\node_modules\express\lib\router\layer.js:95:5)
    at trim_prefix (D:\workplace\react-app\node_modules\express\lib\router\index.js:317:13)
    at D:\workplace\react-app\node_modules\express\lib\router\index.js:284:7
    at Function.process_params (D:\workplace\react-app\node_modules\express\lib\router\index.js:335:12)
    at next (D:\workplace\react-app\node_modules\express\lib\router\index.js:275:10)
    at D:/workplace/react-app/server/routes/index.js:16:5
2019-06-26 15:48:59 info: ::ffff:127.0.0.1 - - [26/Jun/2019:06:48:59 +0000] "POST /api/kakao/ HTTP/1.1" 500 16 "http://localhost:3000/oauth?code=uxa2Di_sPz1rcybz6CJL8XBZd-quLdtUFWhzK02rsTegdX0bYAq-yVYJun5Ejo5iuD47MgorDKgAAAFrkosJiw" "Mozilla/5.0 (Windows NT 10.0; Win64; x64) AppleWebKit/537.36 (KHTML, like Gecko) Chrome/75.0.3770.100 Safari/537.36"

2019-06-26 15:49:07 info: PARAM {"0":"kakao/"} | BODY {"code":"3tlLiXnBCO-qVy7_N3dtGzwIzEWHYFvmEJ55kP0_YGWLx6ONNiF69g-mxOS9z2PGoRhiqAopyNgAAAFrkouLSA"}
2019-06-26 15:49:07 error: ReferenceError: qs is not defined
    at D:/workplace/react-app/server/routes/kakao.js:21:14
    at Layer.handle [as handle_request] (D:\workplace\react-app\node_modules\express\lib\router\layer.js:95:5)
    at next (D:\workplace\react-app\node_modules\express\lib\router\route.js:137:13)
    at Route.dispatch (D:\workplace\react-app\node_modules\express\lib\router\route.js:112:3)
    at Layer.handle [as handle_request] (D:\workplace\react-app\node_modules\express\lib\router\layer.js:95:5)
    at D:\workplace\react-app\node_modules\express\lib\router\index.js:281:22
    at Function.process_params (D:\workplace\react-app\node_modules\express\lib\router\index.js:335:12)
    at next (D:\workplace\react-app\node_modules\express\lib\router\index.js:275:10)
    at Function.handle (D:\workplace\react-app\node_modules\express\lib\router\index.js:174:3)
    at router (D:\workplace\react-app\node_modules\express\lib\router\index.js:47:12)
    at Layer.handle [as handle_request] (D:\workplace\react-app\node_modules\express\lib\router\layer.js:95:5)
    at trim_prefix (D:\workplace\react-app\node_modules\express\lib\router\index.js:317:13)
    at D:\workplace\react-app\node_modules\express\lib\router\index.js:284:7
    at Function.process_params (D:\workplace\react-app\node_modules\express\lib\router\index.js:335:12)
    at next (D:\workplace\react-app\node_modules\express\lib\router\index.js:275:10)
    at D:/workplace/react-app/server/routes/index.js:16:5
2019-06-26 15:49:07 info: ::ffff:127.0.0.1 - - [26/Jun/2019:06:49:07 +0000] "POST /api/kakao/ HTTP/1.1" 500 16 "http://localhost:3000/oauth?code=3tlLiXnBCO-qVy7_N3dtGzwIzEWHYFvmEJ55kP0_YGWLx6ONNiF69g-mxOS9z2PGoRhiqAopyNgAAAFrkouLSA" "Mozilla/5.0 (Windows NT 10.0; Win64; x64) AppleWebKit/537.36 (KHTML, like Gecko) Chrome/75.0.3770.100 Safari/537.36"

2019-06-26 15:49:34 info: PARAM {"0":"kakao/"} | BODY {"code":"3tlLiXnBCO-qVy7_N3dtGzwIzEWHYFvmEJ55kP0_YGWLx6ONNiF69g-mxOS9z2PGoRhiqAopyNgAAAFrkouLSA"}
2019-06-26 15:49:34 error: ReferenceError: qs is not defined
    at D:/workplace/react-app/server/routes/kakao.js:21:14
    at Layer.handle [as handle_request] (D:\workplace\react-app\node_modules\express\lib\router\layer.js:95:5)
    at next (D:\workplace\react-app\node_modules\express\lib\router\route.js:137:13)
    at Route.dispatch (D:\workplace\react-app\node_modules\express\lib\router\route.js:112:3)
    at Layer.handle [as handle_request] (D:\workplace\react-app\node_modules\express\lib\router\layer.js:95:5)
    at D:\workplace\react-app\node_modules\express\lib\router\index.js:281:22
    at Function.process_params (D:\workplace\react-app\node_modules\express\lib\router\index.js:335:12)
    at next (D:\workplace\react-app\node_modules\express\lib\router\index.js:275:10)
    at Function.handle (D:\workplace\react-app\node_modules\express\lib\router\index.js:174:3)
    at router (D:\workplace\react-app\node_modules\express\lib\router\index.js:47:12)
    at Layer.handle [as handle_request] (D:\workplace\react-app\node_modules\express\lib\router\layer.js:95:5)
    at trim_prefix (D:\workplace\react-app\node_modules\express\lib\router\index.js:317:13)
    at D:\workplace\react-app\node_modules\express\lib\router\index.js:284:7
    at Function.process_params (D:\workplace\react-app\node_modules\express\lib\router\index.js:335:12)
    at next (D:\workplace\react-app\node_modules\express\lib\router\index.js:275:10)
    at D:/workplace/react-app/server/routes/index.js:16:5
2019-06-26 15:49:34 info: ::ffff:127.0.0.1 - - [26/Jun/2019:06:49:34 +0000] "POST /api/kakao/ HTTP/1.1" 500 16 "http://localhost:3000/oauth?code=3tlLiXnBCO-qVy7_N3dtGzwIzEWHYFvmEJ55kP0_YGWLx6ONNiF69g-mxOS9z2PGoRhiqAopyNgAAAFrkouLSA" "Mozilla/5.0 (Windows NT 10.0; Win64; x64) AppleWebKit/537.36 (KHTML, like Gecko) Chrome/75.0.3770.100 Safari/537.36"

2019-06-26 15:49:44 info: Check out the app at http://localhost:4000
2019-06-26 15:49:45 info: Connected to mongodb server
2019-06-26 15:49:49 info: PARAM {"0":"kakao/"} | BODY {"code":"7jzD6hly-J5_GetZUdjxTxbuX0UETFvFYzqK9Z3QzZMQww1brOKm6HYsz23ub6GePdspsgopyNkAAAFrkowxFA"}
2019-06-26 15:50:15 info: Check out the app at http://localhost:4000
2019-06-26 15:50:16 info: Connected to mongodb server
2019-06-26 15:50:21 info: PARAM {"0":"kakao/"} | BODY {"code":"njyATNlKATJGLXK8Xdy3oVCqyHKyZ3pNyUyyP1wlkuthTSgA2ZAmrt9ucj4x8PAb847tfAorDR8AAAFrkoys7g"}
2019-06-26 15:50:38 info: Check out the app at http://localhost:4000
2019-06-26 15:50:39 info: Connected to mongodb server
2019-06-26 15:50:50 info: PARAM {"0":"kakao/"} | BODY {"code":"GR9UlNRXgciNXh1szwo7ReaydW-LMgYS2yqXHF7ErlpTgXbHrSpbKAsKyMq0brPsXt2r9gorDR8AAAFrko0doQ"}
2019-06-26 15:50:52 info: ::ffff:127.0.0.1 - - [26/Jun/2019:06:50:52 +0000] "POST /api/kakao/ HTTP/1.1" - - "http://localhost:3000/oauth?code=GR9UlNRXgciNXh1szwo7ReaydW-LMgYS2yqXHF7ErlpTgXbHrSpbKAsKyMq0brPsXt2r9gorDR8AAAFrko0doQ" "Mozilla/5.0 (Windows NT 10.0; Win64; x64) AppleWebKit/537.36 (KHTML, like Gecko) Chrome/75.0.3770.100 Safari/537.36"

2019-06-26 15:50:52 info: PARAM {"0":"kakao/"} | BODY {"code":"IanIVg1GWx1rMWA4Osws62WoHDgfRI64nC-1YbzadQtJSYoue-4U2ApBYj_LqkhbBp5wkQorDR8AAAFrko0m9Q"}
2019-06-26 15:52:52 info: ::ffff:127.0.0.1 - - [26/Jun/2019:06:52:52 +0000] "POST /api/kakao/ HTTP/1.1" - - "http://localhost:3000/oauth?code=IanIVg1GWx1rMWA4Osws62WoHDgfRI64nC-1YbzadQtJSYoue-4U2ApBYj_LqkhbBp5wkQorDR8AAAFrko0m9Q" "Mozilla/5.0 (Windows NT 10.0; Win64; x64) AppleWebKit/537.36 (KHTML, like Gecko) Chrome/75.0.3770.100 Safari/537.36"

2019-06-26 15:52:53 info: PARAM {"0":"kakao/"} | BODY {"code":"IanIVg1GWx1rMWA4Osws62WoHDgfRI64nC-1YbzadQtJSYoue-4U2ApBYj_LqkhbBp5wkQorDR8AAAFrko0m9Q"}
2019-06-26 15:54:53 info: ::ffff:127.0.0.1 - - [26/Jun/2019:06:54:53 +0000] "POST /api/kakao/ HTTP/1.1" - - "http://localhost:3000/oauth?code=IanIVg1GWx1rMWA4Osws62WoHDgfRI64nC-1YbzadQtJSYoue-4U2ApBYj_LqkhbBp5wkQorDR8AAAFrko0m9Q" "Mozilla/5.0 (Windows NT 10.0; Win64; x64) AppleWebKit/537.36 (KHTML, like Gecko) Chrome/75.0.3770.100 Safari/537.36"

2019-06-26 15:59:47 info: PARAM {"0":"kakao/"} | BODY {"code":"IanIVg1GWx1rMWA4Osws62WoHDgfRI64nC-1YbzadQtJSYoue-4U2ApBYj_LqkhbBp5wkQorDR8AAAFrko0m9Q"}
2019-06-26 15:59:58 info: Check out the app at http://localhost:4000
2019-06-26 15:59:59 info: Connected to mongodb server
2019-06-26 16:02:04 info: PARAM {"0":"kakao/"} | BODY {"code":"IanIVg1GWx1rMWA4Osws62WoHDgfRI64nC-1YbzadQtJSYoue-4U2ApBYj_LqkhbBp5wkQorDR8AAAFrko0m9Q"}
2019-06-26 16:02:31 info: ::ffff:127.0.0.1 - - [26/Jun/2019:07:02:31 +0000] "POST /api/kakao/ HTTP/1.1" - - "http://localhost:3000/oauth?code=IanIVg1GWx1rMWA4Osws62WoHDgfRI64nC-1YbzadQtJSYoue-4U2ApBYj_LqkhbBp5wkQorDR8AAAFrko0m9Q" "Mozilla/5.0 (Windows NT 10.0; Win64; x64) AppleWebKit/537.36 (KHTML, like Gecko) Chrome/75.0.3770.100 Safari/537.36"

2019-06-26 16:02:31 info: PARAM {"0":"kakao/"} | BODY {"code":"IanIVg1GWx1rMWA4Osws62WoHDgfRI64nC-1YbzadQtJSYoue-4U2ApBYj_LqkhbBp5wkQorDR8AAAFrko0m9Q"}
2019-06-26 16:02:43 info: ::ffff:127.0.0.1 - - [26/Jun/2019:07:02:43 +0000] "POST /api/kakao/ HTTP/1.1" - - "http://localhost:3000/oauth?code=IanIVg1GWx1rMWA4Osws62WoHDgfRI64nC-1YbzadQtJSYoue-4U2ApBYj_LqkhbBp5wkQorDR8AAAFrko0m9Q" "Mozilla/5.0 (Windows NT 10.0; Win64; x64) AppleWebKit/537.36 (KHTML, like Gecko) Chrome/75.0.3770.100 Safari/537.36"

2019-06-26 16:02:43 info: PARAM {"0":"kakao/"} | BODY {"code":"IanIVg1GWx1rMWA4Osws62WoHDgfRI64nC-1YbzadQtJSYoue-4U2ApBYj_LqkhbBp5wkQorDR8AAAFrko0m9Q"}
2019-06-26 16:04:43 info: ::ffff:127.0.0.1 - - [26/Jun/2019:07:04:43 +0000] "POST /api/kakao/ HTTP/1.1" - - "http://localhost:3000/oauth?code=IanIVg1GWx1rMWA4Osws62WoHDgfRI64nC-1YbzadQtJSYoue-4U2ApBYj_LqkhbBp5wkQorDR8AAAFrko0m9Q" "Mozilla/5.0 (Windows NT 10.0; Win64; x64) AppleWebKit/537.36 (KHTML, like Gecko) Chrome/75.0.3770.100 Safari/537.36"

2019-06-26 16:04:43 info: PARAM {"0":"kakao/"} | BODY {"code":"IanIVg1GWx1rMWA4Osws62WoHDgfRI64nC-1YbzadQtJSYoue-4U2ApBYj_LqkhbBp5wkQorDR8AAAFrko0m9Q"}
2019-06-26 16:06:43 info: ::ffff:127.0.0.1 - - [26/Jun/2019:07:06:43 +0000] "POST /api/kakao/ HTTP/1.1" - - "http://localhost:3000/oauth?code=IanIVg1GWx1rMWA4Osws62WoHDgfRI64nC-1YbzadQtJSYoue-4U2ApBYj_LqkhbBp5wkQorDR8AAAFrko0m9Q" "Mozilla/5.0 (Windows NT 10.0; Win64; x64) AppleWebKit/537.36 (KHTML, like Gecko) Chrome/75.0.3770.100 Safari/537.36"

2019-06-26 16:12:24 info: PARAM {"0":"kakao/"} | BODY {"code":"IanIVg1GWx1rMWA4Osws62WoHDgfRI64nC-1YbzadQtJSYoue-4U2ApBYj_LqkhbBp5wkQorDR8AAAFrko0m9Q"}
2019-06-26 16:12:26 info: Check out the app at http://localhost:4000
2019-06-26 16:12:27 info: Connected to mongodb server
2019-06-26 16:13:24 info: PARAM {"0":"kakao/"} | BODY {"code":"ijE41EAm4GcIIF-YT_8cClxy6BodvQNG3s4l7VIqhwpPgdgKJoZ20oA4gybF5LgMzXCYJQo9dRoAAAFrkqHGJA"}
2019-06-26 16:13:24 info: ::ffff:127.0.0.1 - - [26/Jun/2019:07:13:24 +0000] "POST /api/kakao/ HTTP/1.1" 200 12 "http://localhost:3000/oauth?code=ijE41EAm4GcIIF-YT_8cClxy6BodvQNG3s4l7VIqhwpPgdgKJoZ20oA4gybF5LgMzXCYJQo9dRoAAAFrkqHGJA" "Mozilla/5.0 (Windows NT 10.0; Win64; x64) AppleWebKit/537.36 (KHTML, like Gecko) Chrome/75.0.3770.100 Safari/537.36"

2019-06-26 16:14:27 info: Check out the app at http://localhost:4000
2019-06-26 16:14:28 info: Connected to mongodb server
2019-06-26 16:14:40 info: PARAM {"0":"kakao/"} | BODY {"code":"v7mj42kvMIsTBqPNSk9pXpZGn8J0Z8cnH_AVvF8vXXBk0Vqi_UWZxKrgJx5oGXPkZ_nwAgorDKcAAAFrkqLvTA"}
2019-06-26 16:14:40 info: ::ffff:127.0.0.1 - - [26/Jun/2019:07:14:40 +0000] "POST /api/kakao/ HTTP/1.1" 200 12 "http://localhost:3000/oauth?code=v7mj42kvMIsTBqPNSk9pXpZGn8J0Z8cnH_AVvF8vXXBk0Vqi_UWZxKrgJx5oGXPkZ_nwAgorDKcAAAFrkqLvTA" "Mozilla/5.0 (Windows NT 10.0; Win64; x64) AppleWebKit/537.36 (KHTML, like Gecko) Chrome/75.0.3770.100 Safari/537.36"

2019-06-26 16:15:08 error: uncaughtException: D:/workplace/react-app/server/routes/kakao.js: Unexpected token, expected , (29:28)
SyntaxError: D:/workplace/react-app/server/routes/kakao.js: Unexpected token, expected , (29:28)
[0m [90m 27 | [39m  [36mreturn[39m axios[33m.[39mpost(url[33m,[39m data)[33m.[39mthen((result) [33m=>[39m {
 [90m 28 | [39m    console[33m.[39mlog(result)[33m;[39m
[31m[1m>[22m[39m[90m 29 | [39m    [36mreturn[39m res[33m.[39mjson({ result[33m.[39mdata })[33m;[39m
 [90m    | [39m                            [31m[1m^[22m[39m
 [90m 30 | [39m
 [90m 31 | [39m  })[33m.[39m[36mcatch[39m((error) [33m=>[39m {
 [90m 32 | [39m    [90m// handle error[39m[0m
    at Parser.pp$5.raise (D:\workplace\react-app\node_modules\babylon\lib\index.js:4454:13)
    at Parser.pp.unexpected (D:\workplace\react-app\node_modules\babylon\lib\index.js:1761:8)
    at Parser.pp.expect (D:\workplace\react-app\node_modules\babylon\lib\index.js:1749:33)
    at Parser.pp$3.parseObj (D:\workplace\react-app\node_modules\babylon\lib\index.js:3978:12)
    at Parser.pp$3.parseExprAtom (D:\workplace\react-app\node_modules\babylon\lib\index.js:3719:19)
    at Parser.pp$3.parseExprSubscripts (D:\workplace\react-app\node_modules\babylon\lib\index.js:3494:19)
    at Parser.pp$3.parseMaybeUnary (D:\workplace\react-app\node_modules\babylon\lib\index.js:3474:19)
    at Parser.pp$3.parseExprOps (D:\workplace\react-app\node_modules\babylon\lib\index.js:3404:19)
    at Parser.pp$3.parseMaybeConditional (D:\workplace\react-app\node_modules\babylon\lib\index.js:3381:19)
    at Parser.pp$3.parseMaybeAssign (D:\workplace\react-app\node_modules\babylon\lib\index.js:3344:19)
    at Parser.pp$3.parseExprListItem (D:\workplace\react-app\node_modules\babylon\lib\index.js:4312:16)
    at Parser.pp$3.parseCallExpressionArguments (D:\workplace\react-app\node_modules\babylon\lib\index.js:3573:20)
    at Parser.pp$3.parseSubscripts (D:\workplace\react-app\node_modules\babylon\lib\index.js:3533:31)
    at Parser.pp$3.parseExprSubscripts (D:\workplace\react-app\node_modules\babylon\lib\index.js:3504:15)
    at Parser.pp$3.parseMaybeUnary (D:\workplace\react-app\node_modules\babylon\lib\index.js:3474:19)
    at Parser.pp$3.parseExprOps (D:\workplace\react-app\node_modules\babylon\lib\index.js:3404:19)
2019-06-26 16:15:26 info: Check out the app at http://localhost:4000
2019-06-26 16:15:27 info: Connected to mongodb server
2019-06-26 16:15:39 info: PARAM {"0":"kakao/"} | BODY {"code":"as1Ldt7vxRUKe2zZChrfwumBVg3hX3Pxmp40GJ3ZQ40qbVIlJ5LgywO5Au0z8kwJAWiB7QopyNkAAAFrkqPVYA"}
2019-06-26 16:15:39 info: ::ffff:127.0.0.1 - - [26/Jun/2019:07:15:39 +0000] "POST /api/kakao/ HTTP/1.1" 200 240 "http://localhost:3000/oauth?code=as1Ldt7vxRUKe2zZChrfwumBVg3hX3Pxmp40GJ3ZQ40qbVIlJ5LgywO5Au0z8kwJAWiB7QopyNkAAAFrkqPVYA" "Mozilla/5.0 (Windows NT 10.0; Win64; x64) AppleWebKit/537.36 (KHTML, like Gecko) Chrome/75.0.3770.100 Safari/537.36"

2019-06-26 16:17:39 info: Check out the app at http://localhost:4000
2019-06-26 16:17:40 info: Connected to mongodb server
2019-06-26 16:17:50 info: PARAM {"0":"kakao/"} | BODY {"code":"8OioFpYRvAllIBr9Cq1ntJ5Vq4Pl0sxCt85h7_TnclgILtoYBdPH1lnms7dcdZvi-QaHgQo9dZsAAAFrkqXUvw"}
2019-06-26 16:17:50 info: ::ffff:127.0.0.1 - - [26/Jun/2019:07:17:50 +0000] "POST /api/kakao/ HTTP/1.1" 200 240 "http://localhost:3000/oauth?code=8OioFpYRvAllIBr9Cq1ntJ5Vq4Pl0sxCt85h7_TnclgILtoYBdPH1lnms7dcdZvi-QaHgQo9dZsAAAFrkqXUvw" "Mozilla/5.0 (Windows NT 10.0; Win64; x64) AppleWebKit/537.36 (KHTML, like Gecko) Chrome/75.0.3770.100 Safari/537.36"

2019-06-26 16:17:57 info: Check out the app at http://localhost:4000
2019-06-26 16:17:58 info: Connected to mongodb server
2019-06-26 16:18:17 info: Check out the app at http://localhost:4000
2019-06-26 16:18:18 info: Connected to mongodb server
2019-06-26 16:18:21 info: Check out the app at http://localhost:4000
2019-06-26 16:18:22 info: Connected to mongodb server
2019-06-26 16:18:26 info: Check out the app at http://localhost:4000
2019-06-26 16:18:27 info: Connected to mongodb server
2019-06-26 16:18:31 info: Check out the app at http://localhost:4000
2019-06-26 16:18:32 info: Connected to mongodb server
2019-06-26 16:23:15 info: PARAM {"0":"kakao/"} | BODY {"code":"uSjr947odMyS7Isd10SQ7TfcAmyBqWxReMSaLxbALIExBeF_Ku55XL0saVdHQfwl9znTeAo9dNoAAAFrkqrLfQ"}
2019-06-26 16:23:15 info: ::ffff:127.0.0.1 - - [26/Jun/2019:07:23:15 +0000] "POST /api/kakao/ HTTP/1.1" 200 240 "http://localhost:3000/oauth?code=uSjr947odMyS7Isd10SQ7TfcAmyBqWxReMSaLxbALIExBeF_Ku55XL0saVdHQfwl9znTeAo9dNoAAAFrkqrLfQ" "Mozilla/5.0 (Windows NT 10.0; Win64; x64) AppleWebKit/537.36 (KHTML, like Gecko) Chrome/75.0.3770.100 Safari/537.36"

2019-06-26 16:24:02 info: PARAM {"0":"kakao/"} | BODY {"code":"uSjr947odMyS7Isd10SQ7TfcAmyBqWxReMSaLxbALIExBeF_Ku55XL0saVdHQfwl9znTeAo9dNoAAAFrkqrLfQ"}
2019-06-26 16:24:07 info: ::ffff:127.0.0.1 - - [26/Jun/2019:07:24:07 +0000] "POST /api/kakao/ HTTP/1.1" - - "http://localhost:3000/oauth?code=uSjr947odMyS7Isd10SQ7TfcAmyBqWxReMSaLxbALIExBeF_Ku55XL0saVdHQfwl9znTeAo9dNoAAAFrkqrLfQ" "Mozilla/5.0 (Windows NT 10.0; Win64; x64) AppleWebKit/537.36 (KHTML, like Gecko) Chrome/75.0.3770.100 Safari/537.36"

2019-06-26 16:24:24 info: PARAM {"0":"kakao/"} | BODY {"code":"kmNIbbi8tO8RWT8VbsfZon4IrJ60bdSGsEfUaIOoF8V9n6cgMQuEJuTfF7GCRwoKJNQv3Ao9dJgAAAFrkqvXvQ"}
2019-06-26 16:24:24 info: ::ffff:127.0.0.1 - - [26/Jun/2019:07:24:24 +0000] "POST /api/kakao/ HTTP/1.1" 200 240 "http://localhost:3000/oauth?code=kmNIbbi8tO8RWT8VbsfZon4IrJ60bdSGsEfUaIOoF8V9n6cgMQuEJuTfF7GCRwoKJNQv3Ao9dJgAAAFrkqvXvQ" "Mozilla/5.0 (Windows NT 10.0; Win64; x64) AppleWebKit/537.36 (KHTML, like Gecko) Chrome/75.0.3770.100 Safari/537.36"

2019-06-26 16:24:32 info: PARAM {"0":"kakao/test"} | BODY {"token":"Wvq0SniDA2yHxozMAL1_EJa1ux5GJV1aDlrz2wo9dRoAAAFrkqvaKg"}
2019-06-26 16:25:24 info: Check out the app at http://localhost:4000
2019-06-26 16:25:25 info: Connected to mongodb server
2019-06-26 16:25:29 info: PARAM {"0":"kakao/"} | BODY {"code":"qV2Xw5DKOFrSy6_YKIP4pL3Gj55Sa7FIgrrLbTTIU3INMmYVAlqSJ1uObkUrNZGhNH1VRwopyV8AAAFrkqzVqA"}
2019-06-26 16:25:29 info: ::ffff:127.0.0.1 - - [26/Jun/2019:07:25:29 +0000] "POST /api/kakao/ HTTP/1.1" 200 240 "http://localhost:3000/oauth?code=qV2Xw5DKOFrSy6_YKIP4pL3Gj55Sa7FIgrrLbTTIU3INMmYVAlqSJ1uObkUrNZGhNH1VRwopyV8AAAFrkqzVqA" "Mozilla/5.0 (Windows NT 10.0; Win64; x64) AppleWebKit/537.36 (KHTML, like Gecko) Chrome/75.0.3770.100 Safari/537.36"

2019-06-26 16:25:30 info: PARAM {"0":"kakao/test"} | BODY {"token":"ewYZuG_Wmd1iMAHpHT7z382JCz1oHr-pFMTHWQorDR8AAAFrkqzXIA"}
2019-06-26 16:25:30 info: ::ffff:127.0.0.1 - - [26/Jun/2019:07:25:30 +0000] "POST /api/kakao/test HTTP/1.1" 200 17 "http://localhost:3000/oauth?code=qV2Xw5DKOFrSy6_YKIP4pL3Gj55Sa7FIgrrLbTTIU3INMmYVAlqSJ1uObkUrNZGhNH1VRwopyV8AAAFrkqzVqA" "Mozilla/5.0 (Windows NT 10.0; Win64; x64) AppleWebKit/537.36 (KHTML, like Gecko) Chrome/75.0.3770.100 Safari/537.36"

2019-06-26 16:25:45 info: PARAM {"0":"kakao/"} | BODY {"code":"c8a9QjvEXMi2gUcUqwYwRnm7E11_A8JeIiXZs0qCOcEyQI904z5etp1KQkZQvejK4MP90QopyV8AAAFrkq0S8Q"}
2019-06-26 16:25:45 info: ::ffff:127.0.0.1 - - [26/Jun/2019:07:25:45 +0000] "POST /api/kakao/ HTTP/1.1" 200 240 "http://localhost:3000/oauth?code=c8a9QjvEXMi2gUcUqwYwRnm7E11_A8JeIiXZs0qCOcEyQI904z5etp1KQkZQvejK4MP90QopyV8AAAFrkq0S8Q" "Mozilla/5.0 (Windows NT 10.0; Win64; x64) AppleWebKit/537.36 (KHTML, like Gecko) Chrome/75.0.3770.100 Safari/537.36"

2019-06-26 16:25:47 info: PARAM {"0":"kakao/test"} | BODY {"token":"bx40Sf0oc9Hf4WRq1CsZiGEoFRYXz7yuIq5_hgorDNMAAAFrkq0ViQ"}
2019-06-26 16:25:47 info: ::ffff:127.0.0.1 - - [26/Jun/2019:07:25:47 +0000] "POST /api/kakao/test HTTP/1.1" 200 17 "http://localhost:3000/oauth?code=c8a9QjvEXMi2gUcUqwYwRnm7E11_A8JeIiXZs0qCOcEyQI904z5etp1KQkZQvejK4MP90QopyV8AAAFrkq0S8Q" "Mozilla/5.0 (Windows NT 10.0; Win64; x64) AppleWebKit/537.36 (KHTML, like Gecko) Chrome/75.0.3770.100 Safari/537.36"

2019-06-26 16:25:50 info: PARAM {"0":"kakao/"} | BODY {"code":"jHADmhNm-SL1zsoJFkfZTCqBlxqBOD1aXmjxpIyyE4qZM9UviQJtC9EHqsY_0FJXGn1KvAopyV8AAAFrkq0qOQ"}
2019-06-26 16:25:50 info: ::ffff:127.0.0.1 - - [26/Jun/2019:07:25:50 +0000] "POST /api/kakao/ HTTP/1.1" 200 240 "http://localhost:3000/oauth?code=jHADmhNm-SL1zsoJFkfZTCqBlxqBOD1aXmjxpIyyE4qZM9UviQJtC9EHqsY_0FJXGn1KvAopyV8AAAFrkq0qOQ" "Mozilla/5.0 (Windows NT 10.0; Win64; x64) AppleWebKit/537.36 (KHTML, like Gecko) Chrome/75.0.3770.100 Safari/537.36"

2019-06-26 16:25:52 info: PARAM {"0":"kakao/test"} | BODY {"token":"Y9jBbdRZlhnRpJLTNuUwZYDsKP-6f9CKoADHXAo9dJcAAAFrkq0rlg"}
2019-06-26 16:25:52 info: ::ffff:127.0.0.1 - - [26/Jun/2019:07:25:52 +0000] "POST /api/kakao/test HTTP/1.1" 200 17 "http://localhost:3000/oauth?code=jHADmhNm-SL1zsoJFkfZTCqBlxqBOD1aXmjxpIyyE4qZM9UviQJtC9EHqsY_0FJXGn1KvAopyV8AAAFrkq0qOQ" "Mozilla/5.0 (Windows NT 10.0; Win64; x64) AppleWebKit/537.36 (KHTML, like Gecko) Chrome/75.0.3770.100 Safari/537.36"

2019-06-26 16:25:57 info: PARAM {"0":"kakao/"} | BODY {"code":"ZTKVgDZfRvFbB6Mz5fuGScPO8Yp4LQyJoL1xZuObMuAIKdhBUjEvZass7XgmscHCJyLHYQopyV8AAAFrkq1E8Q"}
2019-06-26 16:25:57 info: ::ffff:127.0.0.1 - - [26/Jun/2019:07:25:57 +0000] "POST /api/kakao/ HTTP/1.1" 200 240 "http://localhost:3000/oauth?code=ZTKVgDZfRvFbB6Mz5fuGScPO8Yp4LQyJoL1xZuObMuAIKdhBUjEvZass7XgmscHCJyLHYQopyV8AAAFrkq1E8Q" "Mozilla/5.0 (Windows NT 10.0; Win64; x64) AppleWebKit/537.36 (KHTML, like Gecko) Chrome/75.0.3770.100 Safari/537.36"

2019-06-26 16:25:59 info: PARAM {"0":"kakao/test"} | BODY {"token":"A5l931G7essFkaqmKmVUPbx2DJLsY7cujONBYwo9dNoAAAFrkq1GOA"}
2019-06-26 16:25:59 info: ::ffff:127.0.0.1 - - [26/Jun/2019:07:25:59 +0000] "POST /api/kakao/test HTTP/1.1" 200 17 "http://localhost:3000/oauth?code=ZTKVgDZfRvFbB6Mz5fuGScPO8Yp4LQyJoL1xZuObMuAIKdhBUjEvZass7XgmscHCJyLHYQopyV8AAAFrkq1E8Q" "Mozilla/5.0 (Windows NT 10.0; Win64; x64) AppleWebKit/537.36 (KHTML, like Gecko) Chrome/75.0.3770.100 Safari/537.36"

2019-06-26 16:26:01 info: PARAM {"0":"kakao/"} | BODY {"code":"CMBOa9TAHFs5Da7CiedBPLd8qEg6U-XXKmOULiV1Uq1ysOGLteOh4ww0lQyYGb0Q4bVj7wopyV8AAAFrkq1Vtg"}
2019-06-26 16:26:02 info: ::ffff:127.0.0.1 - - [26/Jun/2019:07:26:02 +0000] "POST /api/kakao/ HTTP/1.1" 200 240 "http://localhost:3000/oauth?code=CMBOa9TAHFs5Da7CiedBPLd8qEg6U-XXKmOULiV1Uq1ysOGLteOh4ww0lQyYGb0Q4bVj7wopyV8AAAFrkq1Vtg" "Mozilla/5.0 (Windows NT 10.0; Win64; x64) AppleWebKit/537.36 (KHTML, like Gecko) Chrome/75.0.3770.100 Safari/537.36"

2019-06-26 16:26:03 info: PARAM {"0":"kakao/test"} | BODY {"token":"VabSUINSy5BP32Z5xVn7-2_tGeoMlEPcNxCYiQo9dZwAAAFrkq1XCw"}
2019-06-26 16:26:03 info: ::ffff:127.0.0.1 - - [26/Jun/2019:07:26:03 +0000] "POST /api/kakao/test HTTP/1.1" 200 17 "http://localhost:3000/oauth?code=CMBOa9TAHFs5Da7CiedBPLd8qEg6U-XXKmOULiV1Uq1ysOGLteOh4ww0lQyYGb0Q4bVj7wopyV8AAAFrkq1Vtg" "Mozilla/5.0 (Windows NT 10.0; Win64; x64) AppleWebKit/537.36 (KHTML, like Gecko) Chrome/75.0.3770.100 Safari/537.36"

2019-06-26 18:05:43 info: Check out the app at http://localhost:4000
2019-06-26 18:05:44 info: Connected to mongodb server
2019-06-26 18:06:04 info: PARAM {"0":"kakao/"} | BODY {"code":"CaEEc434O0vRxOP1q452EoRbLCDgPwm-IPWv7EKoSgZxhK_OL9igrGZp-blXCWkppnvSaAo9dJkAAAFrkwjsXA"}
2019-06-26 18:06:04 info: ::ffff:127.0.0.1 - - [26/Jun/2019:09:06:04 +0000] "POST /api/kakao/ HTTP/1.1" 200 240 "http://localhost:3000/oauth?code=CaEEc434O0vRxOP1q452EoRbLCDgPwm-IPWv7EKoSgZxhK_OL9igrGZp-blXCWkppnvSaAo9dJkAAAFrkwjsXA" "Mozilla/5.0 (Windows NT 10.0; Win64; x64) AppleWebKit/537.36 (KHTML, like Gecko) Chrome/75.0.3770.100 Safari/537.36"

2019-06-26 18:06:10 info: PARAM {"0":"kakao/test"} | BODY {"token":"brlInE7GBcl0DPEx0aOh_sB_qsKhJseSbhp_OAo9dRsAAAFrkwjt4w"}
2019-06-26 18:06:10 info: ::ffff:127.0.0.1 - - [26/Jun/2019:09:06:10 +0000] "POST /api/kakao/test HTTP/1.1" 200 17 "http://localhost:3000/oauth?code=CaEEc434O0vRxOP1q452EoRbLCDgPwm-IPWv7EKoSgZxhK_OL9igrGZp-blXCWkppnvSaAo9dJkAAAFrkwjsXA" "Mozilla/5.0 (Windows NT 10.0; Win64; x64) AppleWebKit/537.36 (KHTML, like Gecko) Chrome/75.0.3770.100 Safari/537.36"

2019-06-26 18:06:23 info: PARAM {"0":"kakao/"} | BODY {"code":"4QPQoWQe0te65_GFpr5AOii2B6I4uMm4b_2TgXl3oZI57x3WgPvBPVfnOxdH8oPAaK7u0Ao9dJkAAAFrkwk1hA"}
2019-06-26 18:06:23 info: ::ffff:127.0.0.1 - - [26/Jun/2019:09:06:23 +0000] "POST /api/kakao/ HTTP/1.1" 200 240 "http://localhost:3000/oauth?code=4QPQoWQe0te65_GFpr5AOii2B6I4uMm4b_2TgXl3oZI57x3WgPvBPVfnOxdH8oPAaK7u0Ao9dJkAAAFrkwk1hA" "Mozilla/5.0 (Windows NT 10.0; Win64; x64) AppleWebKit/537.36 (KHTML, like Gecko) Chrome/75.0.3770.100 Safari/537.36"

2019-06-26 18:06:32 info: PARAM {"0":"kakao/"} | BODY {"code":"TWad_dfJpmUMYZsJpHuZNvGjLxWVx-Hu7wp0MM2ZF4swjdxBKQtDLsIGxM6khCp_xwTfugo9dJkAAAFrkwlbFA"}
2019-06-26 18:06:32 info: ::ffff:127.0.0.1 - - [26/Jun/2019:09:06:32 +0000] "POST /api/kakao/ HTTP/1.1" 200 240 "http://localhost:3000/oauth?code=TWad_dfJpmUMYZsJpHuZNvGjLxWVx-Hu7wp0MM2ZF4swjdxBKQtDLsIGxM6khCp_xwTfugo9dJkAAAFrkwlbFA" "Mozilla/5.0 (Windows NT 10.0; Win64; x64) AppleWebKit/537.36 (KHTML, like Gecko) Chrome/75.0.3770.100 Safari/537.36"

2019-06-26 18:06:38 info: PARAM {"0":"kakao/"} | BODY {"code":"Vxde8WnI96cp_vNL5lLt7HAWW8zU3RWMj2fqcBgcTLuMbWcRC9ej61orDXpZTRMs9UYzHgo9dJkAAAFrkwlwMw"}
2019-06-26 18:06:38 info: ::ffff:127.0.0.1 - - [26/Jun/2019:09:06:38 +0000] "POST /api/kakao/ HTTP/1.1" 200 240 "http://localhost:3000/oauth?code=Vxde8WnI96cp_vNL5lLt7HAWW8zU3RWMj2fqcBgcTLuMbWcRC9ej61orDXpZTRMs9UYzHgo9dJkAAAFrkwlwMw" "Mozilla/5.0 (Windows NT 10.0; Win64; x64) AppleWebKit/537.36 (KHTML, like Gecko) Chrome/75.0.3770.100 Safari/537.36"

2019-06-26 18:06:50 info: PARAM {"0":"kakao/test"} | BODY {"token":"9p2hKMzzEn-0jXsjWpDyJaD6prOi60uXNUIqMgorDR4AAAFrkwlxog"}
2019-06-26 18:06:50 info: ::ffff:127.0.0.1 - - [26/Jun/2019:09:06:50 +0000] "POST /api/kakao/test HTTP/1.1" 200 17 "http://localhost:3000/oauth?code=Vxde8WnI96cp_vNL5lLt7HAWW8zU3RWMj2fqcBgcTLuMbWcRC9ej61orDXpZTRMs9UYzHgo9dJkAAAFrkwlwMw" "Mozilla/5.0 (Windows NT 10.0; Win64; x64) AppleWebKit/537.36 (KHTML, like Gecko) Chrome/75.0.3770.100 Safari/537.36"

2019-06-26 18:07:53 info: Check out the app at http://localhost:4000
2019-06-26 18:07:54 info: Connected to mongodb server
