2021-07-17 17:25:17 info: Check out the app at http://localhost:4000
2021-07-17 17:25:17 error: MongoNetworkError: failed to connect to server [localhost:27017] on first connect [Error: connect ECONNREFUSED 127.0.0.1:27017
    at TCPConnectWrap.afterConnect [as oncomplete] (net.js:1146:16) {
  name: 'MongoNetworkError'
}]
    at Pool.<anonymous> (D:\workspace\react-app\node_modules\mongodb\lib\core\topologies\server.js:438:11)
    at Pool.emit (events.js:315:20)
    at Pool.EventEmitter.emit (domain.js:467:12)
    at D:\workspace\react-app\node_modules\mongodb\lib\core\connection\pool.js:562:14
    at D:\workspace\react-app\node_modules\mongodb\lib\core\connection\pool.js:995:11
    at D:\workspace\react-app\node_modules\mongodb\lib\core\connection\connect.js:32:7
    at callback (D:\workspace\react-app\node_modules\mongodb\lib\core\connection\connect.js:280:5)
    at Socket.<anonymous> (D:\workspace\react-app\node_modules\mongodb\lib\core\connection\connect.js:310:7)
    at Object.onceWrapper (events.js:422:26)
    at Socket.emit (events.js:315:20)
    at Socket.EventEmitter.emit (domain.js:467:12)
    at emitErrorNT (internal/streams/destroy.js:106:8)
    at emitErrorCloseNT (internal/streams/destroy.js:74:3)
    at processTicksAndRejections (internal/process/task_queues.js:80:21)
2021-07-17 17:25:47 info: ::ffff:192.168.0.7 - - [17/Jul/2021:08:25:47 +0000] "GET /apple-touch-icon-120x120-precomposed.png HTTP/1.1" 404 179 "-" "MobileSafari/604.1 CFNetwork/1240.0.4 Darwin/20.5.0"

2021-07-17 17:25:47 info: ::ffff:192.168.0.7 - - [17/Jul/2021:08:25:47 +0000] "GET /apple-touch-icon-120x120.png HTTP/1.1" 404 167 "-" "MobileSafari/604.1 CFNetwork/1240.0.4 Darwin/20.5.0"

2021-07-17 17:25:47 info: ::ffff:192.168.0.7 - - [17/Jul/2021:08:25:47 +0000] "GET /apple-touch-icon-precomposed.png HTTP/1.1" 404 171 "-" "MobileSafari/604.1 CFNetwork/1240.0.4 Darwin/20.5.0"

2021-07-17 17:25:47 info: ::ffff:192.168.0.7 - - [17/Jul/2021:08:25:47 +0000] "GET /apple-touch-icon.png HTTP/1.1" 404 159 "-" "MobileSafari/604.1 CFNetwork/1240.0.4 Darwin/20.5.0"

2021-07-17 17:25:54 info: PARAM {"0":"kakao/"} | BODY {"code":"nvF4YAiguLgqxwPZ--7RBnHTp8Kso5R_fdDwoHTL4jg54eUPsaqNsbAMYcG-TjeOLRB_8Ao9cxgAAAF6s5JkLA","redirectUrl":"http://swna.iptime.org:9999/oauth","kakaoClientId":"9e7171f1d9599641378cd3e36174adbc"}
2021-07-17 17:25:54 info: ::ffff:192.168.0.7 - - [17/Jul/2021:08:25:54 +0000] "POST /api/kakao/ HTTP/1.1" 200 267 "http://swna.iptime.org:9999/oauth?code=nvF4YAiguLgqxwPZ--7RBnHTp8Kso5R_fdDwoHTL4jg54eUPsaqNsbAMYcG-TjeOLRB_8Ao9cxgAAAF6s5JkLA" "Mozilla/5.0 (iPhone; CPU iPhone OS 14_6 like Mac OS X) AppleWebKit/605.1.15 (KHTML, like Gecko) Version/14.1.1 Mobile/15E148 Safari/604.1"

2021-07-17 17:25:54 info: PARAM {"0":"kakao/me"} | BODY {"token":"OE-xbndr1L5N36kwsWD20DDWojTZXeCroHO6vQo9dBEAAAF6s5JoSQ"}
2021-07-17 17:25:54 info: ::ffff:192.168.0.7 - - [17/Jul/2021:08:25:54 +0000] "POST /api/kakao/me HTTP/1.1" 200 113 "http://swna.iptime.org:9999/oauth?code=nvF4YAiguLgqxwPZ--7RBnHTp8Kso5R_fdDwoHTL4jg54eUPsaqNsbAMYcG-TjeOLRB_8Ao9cxgAAAF6s5JkLA" "Mozilla/5.0 (iPhone; CPU iPhone OS 14_6 like Mac OS X) AppleWebKit/605.1.15 (KHTML, like Gecko) Version/14.1.1 Mobile/15E148 Safari/604.1"

2021-07-17 17:25:54 info: PARAM {"0":"kakao/getinfo"} | BODY {}
2021-07-17 17:25:54 info: ::ffff:192.168.0.7 - - [17/Jul/2021:08:25:54 +0000] "POST /api/kakao/getinfo HTTP/1.1" 200 122 "http://swna.iptime.org:9999/oauth?code=nvF4YAiguLgqxwPZ--7RBnHTp8Kso5R_fdDwoHTL4jg54eUPsaqNsbAMYcG-TjeOLRB_8Ao9cxgAAAF6s5JkLA" "Mozilla/5.0 (iPhone; CPU iPhone OS 14_6 like Mac OS X) AppleWebKit/605.1.15 (KHTML, like Gecko) Version/14.1.1 Mobile/15E148 Safari/604.1"

2021-07-17 17:25:55 info: PARAM {"0":"image/1112482398/gallery"} | BODY {}
2021-07-17 17:25:55 info: PARAM {"0":"image/1112482398/main"} | BODY {}
2021-07-17 17:25:55 info: PARAM {"0":"userinfo/1112482398"} | BODY {}
2021-07-17 17:26:05 error: uncaughtException: Operation `images.find()` buffering timed out after 10000ms
MongooseError: Operation `images.find()` buffering timed out after 10000ms
    at Timeout.<anonymous> (D:\workspace\react-app\node_modules\mongoose\lib\drivers\node-mongodb-native\collection.js:185:20)
    at listOnTimeout (internal/timers.js:554:17)
    at processTimers (internal/timers.js:497:7)
2021-07-17 17:26:05 error: uncaughtException: Operation `images.find()` buffering timed out after 10000ms
MongooseError: Operation `images.find()` buffering timed out after 10000ms
    at Timeout.<anonymous> (D:\workspace\react-app\node_modules\mongoose\lib\drivers\node-mongodb-native\collection.js:185:20)
    at listOnTimeout (internal/timers.js:554:17)
    at processTimers (internal/timers.js:497:7)
2021-07-17 17:26:05 error: uncaughtException: Operation `userinfos.findOne()` buffering timed out after 10000ms
MongooseError: Operation `userinfos.findOne()` buffering timed out after 10000ms
    at Timeout.<anonymous> (D:\workspace\react-app\node_modules\mongoose\lib\drivers\node-mongodb-native\collection.js:185:20)
    at listOnTimeout (internal/timers.js:554:17)
    at processTimers (internal/timers.js:497:7)
2021-07-17 17:26:19 info: PARAM {"0":"kakao/"} | BODY {"code":"2vYlGi7GGaoRxIPe7CARBcJK-ew9VFoXN2wgO5WKpAkdnUlLlg56BNY4esx89QLRFM7mCgo9dRoAAAF6s5LFow","redirectUrl":"http://swna.iptime.org:9999/oauth","kakaoClientId":"9e7171f1d9599641378cd3e36174adbc"}
2021-07-17 17:26:19 info: ::ffff:192.168.0.7 - - [17/Jul/2021:08:26:19 +0000] "POST /api/kakao/ HTTP/1.1" 200 267 "http://swna.iptime.org:9999/oauth?code=2vYlGi7GGaoRxIPe7CARBcJK-ew9VFoXN2wgO5WKpAkdnUlLlg56BNY4esx89QLRFM7mCgo9dRoAAAF6s5LFow" "Mozilla/5.0 (Windows NT 10.0; Win64; x64) AppleWebKit/537.36 (KHTML, like Gecko) Chrome/91.0.4472.124 Safari/537.36"

2021-07-17 17:26:19 info: PARAM {"0":"kakao/me"} | BODY {"token":"AzGKekZYT9i80WNchx-k9pToc2KgjtqtbeaPSwopcFEAAAF6s5LIxg"}
2021-07-17 17:26:19 info: ::ffff:192.168.0.7 - - [17/Jul/2021:08:26:19 +0000] "POST /api/kakao/me HTTP/1.1" 200 113 "http://swna.iptime.org:9999/oauth?code=2vYlGi7GGaoRxIPe7CARBcJK-ew9VFoXN2wgO5WKpAkdnUlLlg56BNY4esx89QLRFM7mCgo9dRoAAAF6s5LFow" "Mozilla/5.0 (Windows NT 10.0; Win64; x64) AppleWebKit/537.36 (KHTML, like Gecko) Chrome/91.0.4472.124 Safari/537.36"

2021-07-17 17:26:19 info: PARAM {"0":"kakao/getinfo"} | BODY {}
2021-07-17 17:26:19 info: ::ffff:192.168.0.7 - - [17/Jul/2021:08:26:19 +0000] "POST /api/kakao/getinfo HTTP/1.1" 200 122 "http://swna.iptime.org:9999/oauth?code=2vYlGi7GGaoRxIPe7CARBcJK-ew9VFoXN2wgO5WKpAkdnUlLlg56BNY4esx89QLRFM7mCgo9dRoAAAF6s5LFow" "Mozilla/5.0 (Windows NT 10.0; Win64; x64) AppleWebKit/537.36 (KHTML, like Gecko) Chrome/91.0.4472.124 Safari/537.36"

2021-07-17 17:26:19 info: PARAM {"0":"image/1112482398/main"} | BODY {}
2021-07-17 17:26:19 info: PARAM {"0":"userinfo/1112482398"} | BODY {}
2021-07-17 17:26:19 info: PARAM {"0":"image/1112482398/gallery"} | BODY {}
2021-07-17 17:26:23 info: ::ffff:192.168.0.7 - - [17/Jul/2021:08:26:23 +0000] "GET /api/image/1112482398/gallery HTTP/1.1" - - "http://swna.iptime.org:9999/Main" "Mozilla/5.0 (iPhone; CPU iPhone OS 14_6 like Mac OS X) AppleWebKit/605.1.15 (KHTML, like Gecko) Version/14.1.1 Mobile/15E148 Safari/604.1"

2021-07-17 17:26:23 info: ::ffff:192.168.0.7 - - [17/Jul/2021:08:26:23 +0000] "GET /api/userinfo/1112482398 HTTP/1.1" - - "http://swna.iptime.org:9999/Main" "Mozilla/5.0 (iPhone; CPU iPhone OS 14_6 like Mac OS X) AppleWebKit/605.1.15 (KHTML, like Gecko) Version/14.1.1 Mobile/15E148 Safari/604.1"

2021-07-17 17:26:23 info: ::ffff:192.168.0.7 - - [17/Jul/2021:08:26:23 +0000] "GET /api/image/1112482398/main HTTP/1.1" - - "http://swna.iptime.org:9999/Main" "Mozilla/5.0 (iPhone; CPU iPhone OS 14_6 like Mac OS X) AppleWebKit/605.1.15 (KHTML, like Gecko) Version/14.1.1 Mobile/15E148 Safari/604.1"

2021-07-17 17:26:29 error: uncaughtException: Operation `images.find()` buffering timed out after 10000ms
MongooseError: Operation `images.find()` buffering timed out after 10000ms
    at Timeout.<anonymous> (D:\workspace\react-app\node_modules\mongoose\lib\drivers\node-mongodb-native\collection.js:185:20)
    at listOnTimeout (internal/timers.js:554:17)
    at processTimers (internal/timers.js:497:7)
2021-07-17 17:26:29 error: uncaughtException: Operation `images.find()` buffering timed out after 10000ms
MongooseError: Operation `images.find()` buffering timed out after 10000ms
    at Timeout.<anonymous> (D:\workspace\react-app\node_modules\mongoose\lib\drivers\node-mongodb-native\collection.js:185:20)
    at listOnTimeout (internal/timers.js:554:17)
    at processTimers (internal/timers.js:497:7)
2021-07-17 17:26:29 error: uncaughtException: Operation `userinfos.findOne()` buffering timed out after 10000ms
MongooseError: Operation `userinfos.findOne()` buffering timed out after 10000ms
    at Timeout.<anonymous> (D:\workspace\react-app\node_modules\mongoose\lib\drivers\node-mongodb-native\collection.js:185:20)
    at listOnTimeout (internal/timers.js:554:17)
    at processTimers (internal/timers.js:497:7)
2021-07-17 17:26:47 info: PARAM {"0":"memo/1112482398"} | BODY {}
2021-07-17 17:26:47 info: PARAM {"0":"image/1112482398/main"} | BODY {}
2021-07-17 17:26:47 info: PARAM {"0":"image/1112482398/gallery"} | BODY {}
2021-07-17 17:26:47 info: PARAM {"0":"video/1112482398/변돌/0"} | BODY {}
2021-07-17 17:26:54 info: ::ffff:192.168.0.7 - - [17/Jul/2021:08:26:54 +0000] "GET /api/image/1112482398/main HTTP/1.1" - - "http://swna.iptime.org:9999/Home/1112482398/%EB%B3%80%EB%8F%8C/0" "Mozilla/5.0 (iPhone; CPU iPhone OS 14_6 like Mac OS X) AppleWebKit/605.1.15 (KHTML, like Gecko) Mobile/15E148 KAKAOTALK 9.4.1"

2021-07-17 17:26:54 info: ::ffff:192.168.0.7 - - [17/Jul/2021:08:26:54 +0000] "GET /api/image/1112482398/gallery HTTP/1.1" - - "http://swna.iptime.org:9999/Home/1112482398/%EB%B3%80%EB%8F%8C/0" "Mozilla/5.0 (iPhone; CPU iPhone OS 14_6 like Mac OS X) AppleWebKit/605.1.15 (KHTML, like Gecko) Mobile/15E148 KAKAOTALK 9.4.1"

2021-07-17 17:26:54 info: ::ffff:192.168.0.7 - - [17/Jul/2021:08:26:54 +0000] "GET /api/memo/1112482398 HTTP/1.1" - - "http://swna.iptime.org:9999/Home/1112482398/%EB%B3%80%EB%8F%8C/0" "Mozilla/5.0 (iPhone; CPU iPhone OS 14_6 like Mac OS X) AppleWebKit/605.1.15 (KHTML, like Gecko) Mobile/15E148 KAKAOTALK 9.4.1"

2021-07-17 17:26:54 info: PARAM {"0":"userinfo/1112482398"} | BODY {}
2021-07-17 17:26:55 info: ::ffff:192.168.0.7 - - [17/Jul/2021:08:26:55 +0000] "GET /api/video/1112482398/%EB%B3%80%EB%8F%8C/0 HTTP/1.1" - - "http://swna.iptime.org:9999/Home/1112482398/%EB%B3%80%EB%8F%8C/0" "Mozilla/5.0 (iPhone; CPU iPhone OS 14_6 like Mac OS X) AppleWebKit/605.1.15 (KHTML, like Gecko) Mobile/15E148 KAKAOTALK 9.4.1"

2021-07-17 17:26:55 info: ::ffff:192.168.0.7 - - [17/Jul/2021:08:26:55 +0000] "GET /api/userinfo/1112482398 HTTP/1.1" - - "http://swna.iptime.org:9999/Home/1112482398/%EB%B3%80%EB%8F%8C/0" "Mozilla/5.0 (iPhone; CPU iPhone OS 14_6 like Mac OS X) AppleWebKit/605.1.15 (KHTML, like Gecko) Mobile/15E148 KAKAOTALK 9.4.1"

2021-07-17 17:26:57 error: uncaughtException: Operation `memos.find()` buffering timed out after 10000ms
MongooseError: Operation `memos.find()` buffering timed out after 10000ms
    at Timeout.<anonymous> (D:\workspace\react-app\node_modules\mongoose\lib\drivers\node-mongodb-native\collection.js:185:20)
    at listOnTimeout (internal/timers.js:554:17)
    at processTimers (internal/timers.js:497:7)
2021-07-17 17:26:57 error: uncaughtException: Operation `images.find()` buffering timed out after 10000ms
MongooseError: Operation `images.find()` buffering timed out after 10000ms
    at Timeout.<anonymous> (D:\workspace\react-app\node_modules\mongoose\lib\drivers\node-mongodb-native\collection.js:185:20)
    at listOnTimeout (internal/timers.js:554:17)
    at processTimers (internal/timers.js:497:7)
2021-07-17 17:26:57 error: uncaughtException: Operation `images.find()` buffering timed out after 10000ms
MongooseError: Operation `images.find()` buffering timed out after 10000ms
    at Timeout.<anonymous> (D:\workspace\react-app\node_modules\mongoose\lib\drivers\node-mongodb-native\collection.js:185:20)
    at listOnTimeout (internal/timers.js:554:17)
    at processTimers (internal/timers.js:497:7)
2021-07-17 17:26:57 error: uncaughtException: Operation `videos.find()` buffering timed out after 10000ms
MongooseError: Operation `videos.find()` buffering timed out after 10000ms
    at Timeout.<anonymous> (D:\workspace\react-app\node_modules\mongoose\lib\drivers\node-mongodb-native\collection.js:185:20)
    at listOnTimeout (internal/timers.js:554:17)
    at processTimers (internal/timers.js:497:7)
2021-07-17 17:27:04 error: uncaughtException: Operation `userinfos.findOne()` buffering timed out after 10000ms
MongooseError: Operation `userinfos.findOne()` buffering timed out after 10000ms
    at Timeout.<anonymous> (D:\workspace\react-app\node_modules\mongoose\lib\drivers\node-mongodb-native\collection.js:185:20)
    at listOnTimeout (internal/timers.js:554:17)
    at processTimers (internal/timers.js:497:7)
2021-07-17 17:27:51 info: Check out the app at http://localhost:4000
2021-07-17 17:27:51 info: Connected to mongodb server
2021-07-17 17:27:58 info: PARAM {"0":"kakao/getinfo"} | BODY {}
2021-07-17 17:27:58 info: ::ffff:192.168.0.7 - - [17/Jul/2021:08:27:58 +0000] "POST /api/kakao/getinfo HTTP/1.1" 401 11 "http://swna.iptime.org:9999/Main" "Mozilla/5.0 (Windows NT 10.0; Win64; x64) AppleWebKit/537.36 (KHTML, like Gecko) Chrome/91.0.4472.124 Safari/537.36"

2021-07-17 17:27:58 info: PARAM {"0":"image/1112482398/main"} | BODY {}
2021-07-17 17:27:58 info: PARAM {"0":"userinfo/1112482398"} | BODY {}
2021-07-17 17:27:59 info: PARAM {"0":"image/1112482398/gallery"} | BODY {}
2021-07-17 17:27:59 info: ::ffff:192.168.0.7 - - [17/Jul/2021:08:27:59 +0000] "GET /api/image/1112482398/main HTTP/1.1" 200 505 "http://swna.iptime.org:9999/Main" "Mozilla/5.0 (Windows NT 10.0; Win64; x64) AppleWebKit/537.36 (KHTML, like Gecko) Chrome/91.0.4472.124 Safari/537.36"

2021-07-17 17:27:59 info: ::ffff:192.168.0.7 - - [17/Jul/2021:08:27:59 +0000] "GET /api/userinfo/1112482398 HTTP/1.1" 200 580 "http://swna.iptime.org:9999/Main" "Mozilla/5.0 (Windows NT 10.0; Win64; x64) AppleWebKit/537.36 (KHTML, like Gecko) Chrome/91.0.4472.124 Safari/537.36"

2021-07-17 17:27:59 info: ::ffff:192.168.0.7 - - [17/Jul/2021:08:27:59 +0000] "GET /api/image/1112482398/gallery HTTP/1.1" 200 6089 "http://swna.iptime.org:9999/Main" "Mozilla/5.0 (Windows NT 10.0; Win64; x64) AppleWebKit/537.36 (KHTML, like Gecko) Chrome/91.0.4472.124 Safari/537.36"

2021-07-17 17:28:01 info: PARAM {"0":"kakao/"} | BODY {"code":"X4EChTCcV8hNRqBFP6qN5mrC-lKsSzT7eTTzCcfEVpiW1vwuO0YK6e0JB5b4u2iv9kcTzwo9dJcAAAF6s5RXpg","redirectUrl":"http://swna.iptime.org:9999/oauth","kakaoClientId":"9e7171f1d9599641378cd3e36174adbc"}
2021-07-17 17:28:01 info: ::ffff:192.168.0.7 - - [17/Jul/2021:08:28:01 +0000] "POST /api/kakao/ HTTP/1.1" 200 267 "http://swna.iptime.org:9999/oauth?code=X4EChTCcV8hNRqBFP6qN5mrC-lKsSzT7eTTzCcfEVpiW1vwuO0YK6e0JB5b4u2iv9kcTzwo9dJcAAAF6s5RXpg" "Mozilla/5.0 (Windows NT 10.0; Win64; x64) AppleWebKit/537.36 (KHTML, like Gecko) Chrome/91.0.4472.124 Safari/537.36"

2021-07-17 17:28:01 info: PARAM {"0":"kakao/me"} | BODY {"token":"QPlReWZNKmin7MGUzsBcCqSD2MGbFnSVO0yq0gopyWAAAAF6s5RY8Q"}
2021-07-17 17:28:01 info: ::ffff:192.168.0.7 - - [17/Jul/2021:08:28:01 +0000] "POST /api/kakao/me HTTP/1.1" 200 113 "http://swna.iptime.org:9999/oauth?code=X4EChTCcV8hNRqBFP6qN5mrC-lKsSzT7eTTzCcfEVpiW1vwuO0YK6e0JB5b4u2iv9kcTzwo9dJcAAAF6s5RXpg" "Mozilla/5.0 (Windows NT 10.0; Win64; x64) AppleWebKit/537.36 (KHTML, like Gecko) Chrome/91.0.4472.124 Safari/537.36"

2021-07-17 17:28:01 info: PARAM {"0":"kakao/getinfo"} | BODY {}
2021-07-17 17:28:01 info: ::ffff:192.168.0.7 - - [17/Jul/2021:08:28:01 +0000] "POST /api/kakao/getinfo HTTP/1.1" 200 122 "http://swna.iptime.org:9999/oauth?code=X4EChTCcV8hNRqBFP6qN5mrC-lKsSzT7eTTzCcfEVpiW1vwuO0YK6e0JB5b4u2iv9kcTzwo9dJcAAAF6s5RXpg" "Mozilla/5.0 (Windows NT 10.0; Win64; x64) AppleWebKit/537.36 (KHTML, like Gecko) Chrome/91.0.4472.124 Safari/537.36"

2021-07-17 17:28:02 info: PARAM {"0":"image/1112482398/main"} | BODY {}
2021-07-17 17:28:02 info: PARAM {"0":"userinfo/1112482398"} | BODY {}
2021-07-17 17:28:02 info: PARAM {"0":"image/1112482398/gallery"} | BODY {}
