2021-08-18 09:46:05 info: Check out the app at http://localhost:4000
2021-08-18 09:46:05 info: Connected to mongodb server
2021-08-18 09:46:32 info: PARAM {"0":"kakao/"} | BODY {"code":"_-j5NTblF2HCxece16viopiHO99zFJRoc6S_35naedgY6Kbq6v4Ap3n484vfDYrGKk-vmgorDNQAAAF7VrlUjg","redirectUrl":"http://localhost:3000/oauth","kakaoClientId":"9e7171f1d9599641378cd3e36174adbc"}
2021-08-18 09:46:32 info: ::ffff:127.0.0.1 - - [18/Aug/2021:00:46:32 +0000] "POST /api/kakao/ HTTP/1.1" 200 267 "http://localhost:3000/oauth?code=_-j5NTblF2HCxece16viopiHO99zFJRoc6S_35naedgY6Kbq6v4Ap3n484vfDYrGKk-vmgorDNQAAAF7VrlUjg" "Mozilla/5.0 (Windows NT 10.0; Win64; x64) AppleWebKit/537.36 (KHTML, like Gecko) Chrome/92.0.4515.131 Safari/537.36"

2021-08-18 09:46:32 info: PARAM {"0":"kakao/me"} | BODY {"token":"A46CCwNGGoU5NNr1epMYUZsRwdqpg_ULyuHlIQopyV8AAAF7VrlZaw"}
2021-08-18 09:46:33 info: ::ffff:127.0.0.1 - - [18/Aug/2021:00:46:33 +0000] "POST /api/kakao/me HTTP/1.1" 200 113 "http://localhost:3000/oauth?code=_-j5NTblF2HCxece16viopiHO99zFJRoc6S_35naedgY6Kbq6v4Ap3n484vfDYrGKk-vmgorDNQAAAF7VrlUjg" "Mozilla/5.0 (Windows NT 10.0; Win64; x64) AppleWebKit/537.36 (KHTML, like Gecko) Chrome/92.0.4515.131 Safari/537.36"

2021-08-18 09:46:33 info: PARAM {"0":"kakao/getinfo"} | BODY {}
2021-08-18 09:46:33 info: ::ffff:127.0.0.1 - - [18/Aug/2021:00:46:33 +0000] "POST /api/kakao/getinfo HTTP/1.1" 200 122 "http://localhost:3000/oauth?code=_-j5NTblF2HCxece16viopiHO99zFJRoc6S_35naedgY6Kbq6v4Ap3n484vfDYrGKk-vmgorDNQAAAF7VrlUjg" "Mozilla/5.0 (Windows NT 10.0; Win64; x64) AppleWebKit/537.36 (KHTML, like Gecko) Chrome/92.0.4515.131 Safari/537.36"

2021-08-18 09:46:33 info: PARAM {"0":"image/1112482398/main"} | BODY {}
2021-08-18 09:46:34 info: PARAM {"0":"userinfo/1112482398"} | BODY {}
2021-08-18 09:46:35 info: PARAM {"0":"image/1112482398/gallery"} | BODY {}
2021-08-18 09:46:36 info: PARAM {"0":"kakao/getinfo"} | BODY {}
2021-08-18 09:46:36 info: ::ffff:127.0.0.1 - - [18/Aug/2021:00:46:36 +0000] "POST /api/kakao/getinfo HTTP/1.1" 200 122 "http://localhost:3000/ImageUpload" "Mozilla/5.0 (Windows NT 10.0; Win64; x64) AppleWebKit/537.36 (KHTML, like Gecko) Chrome/92.0.4515.131 Safari/537.36"

2021-08-18 09:46:36 info: PARAM {"0":"image/1112482398/main"} | BODY {}
2021-08-18 09:46:36 info: PARAM {"0":"image/1112482398/gallery"} | BODY {}
2021-08-18 09:46:37 info: PARAM {"0":"image/1112482398/gallery"} | BODY {}
2021-08-18 09:46:55 info: PARAM {"0":"image/1112482398/main"} | BODY {}
2021-08-18 09:46:55 info: PARAM {"0":"image/1112482398/gallery"} | BODY {}
2021-08-18 09:46:55 info: PARAM {"0":"video/1112482398/박민둥/8"} | BODY {}
2021-08-18 09:46:55 info: ::ffff:127.0.0.1 - - [18/Aug/2021:00:46:55 +0000] "GET /api/video/1112482398/%EB%B0%95%EB%AF%BC%EB%91%A5/8 HTTP/1.1" 200 365 "http://localhost:3000/Home/1112482398/%EB%B0%95%EB%AF%BC%EB%91%A5/8" "Mozilla/5.0 (Windows NT 10.0; Win64; x64) AppleWebKit/537.36 (KHTML, like Gecko) Chrome/92.0.4515.131 Safari/537.36"

2021-08-18 09:46:55 info: PARAM {"0":"kakao/getinfo"} | BODY {}
2021-08-18 09:46:55 info: PARAM {"0":"memo/1112482398"} | BODY {}
2021-08-18 09:46:55 info: PARAM {"0":"userinfo/1112482398"} | BODY {}
2021-08-18 09:46:55 info: ::ffff:127.0.0.1 - - [18/Aug/2021:00:46:55 +0000] "POST /api/kakao/getinfo HTTP/1.1" 200 122 "http://localhost:3000/Home/1112482398/%EB%B0%95%EB%AF%BC%EB%91%A5/8" "Mozilla/5.0 (Windows NT 10.0; Win64; x64) AppleWebKit/537.36 (KHTML, like Gecko) Chrome/92.0.4515.131 Safari/537.36"

2021-08-18 09:46:55 info: PARAM {"0":"image/1112482398/gallery"} | BODY {}
2021-08-18 09:48:46 info: PARAM {"0":"kakao/getinfo"} | BODY {}
2021-08-18 09:48:46 info: PARAM {"0":"video/1112482398/박민둥/8"} | BODY {}
2021-08-18 09:48:46 info: PARAM {"0":"image/1112482398/gallery"} | BODY {}
2021-08-18 09:48:46 info: PARAM {"0":"userinfo/1112482398"} | BODY {}
2021-08-18 09:48:46 info: PARAM {"0":"image/1112482398/main"} | BODY {}
2021-08-18 09:48:46 info: ::ffff:127.0.0.1 - - [18/Aug/2021:00:48:46 +0000] "POST /api/kakao/getinfo HTTP/1.1" 200 122 "http://localhost:3000/Home/1112482398/%EB%B0%95%EB%AF%BC%EB%91%A5/8" "Mozilla/5.0 (Linux; Android 5.0; SM-G900P Build/LRX21T) AppleWebKit/537.36 (KHTML, like Gecko) Chrome/92.0.4515.131 Mobile Safari/537.36"

2021-08-18 09:48:46 info: PARAM {"0":"memo/1112482398"} | BODY {}
2021-08-18 09:48:46 info: PARAM {"0":"image/1112482398/gallery"} | BODY {}
2021-08-18 09:49:38 info: PARAM {"0":"userinfo/1112482398"} | BODY {}
2021-08-18 09:49:38 info: PARAM {"0":"image/1112482398/gallery"} | BODY {}
2021-08-18 09:49:38 info: PARAM {"0":"video/1112482398/박민둥/8"} | BODY {}
2021-08-18 09:49:38 info: PARAM {"0":"image/1112482398/main"} | BODY {}
2021-08-18 09:49:38 info: PARAM {"0":"kakao/getinfo"} | BODY {}
2021-08-18 09:49:38 info: ::ffff:127.0.0.1 - - [18/Aug/2021:00:49:38 +0000] "POST /api/kakao/getinfo HTTP/1.1" 200 122 "http://localhost:3000/Home/1112482398/%EB%B0%95%EB%AF%BC%EB%91%A5/8" "Mozilla/5.0 (Linux; Android 5.0; SM-G900P Build/LRX21T) AppleWebKit/537.36 (KHTML, like Gecko) Chrome/92.0.4515.131 Mobile Safari/537.36"

2021-08-18 09:49:38 info: PARAM {"0":"memo/1112482398"} | BODY {}
2021-08-18 09:49:38 info: PARAM {"0":"image/1112482398/gallery"} | BODY {}
2021-08-18 09:49:47 info: PARAM {"0":"image/1112482398/main"} | BODY {}
2021-08-18 09:49:47 info: PARAM {"0":"image/1112482398/gallery"} | BODY {}
2021-08-18 09:49:47 info: PARAM {"0":"userinfo/1112482398"} | BODY {}
2021-08-18 09:49:47 info: PARAM {"0":"video/1112482398/박민둥/8"} | BODY {}
2021-08-18 09:49:48 info: PARAM {"0":"kakao/getinfo"} | BODY {}
2021-08-18 09:49:48 info: PARAM {"0":"memo/1112482398"} | BODY {}
2021-08-18 09:49:48 info: ::ffff:127.0.0.1 - - [18/Aug/2021:00:49:48 +0000] "POST /api/kakao/getinfo HTTP/1.1" 200 122 "http://localhost:3000/Home/1112482398/%EB%B0%95%EB%AF%BC%EB%91%A5/8" "Mozilla/5.0 (Linux; Android 5.0; SM-G900P Build/LRX21T) AppleWebKit/537.36 (KHTML, like Gecko) Chrome/92.0.4515.131 Mobile Safari/537.36"

2021-08-18 09:49:48 info: PARAM {"0":"image/1112482398/gallery"} | BODY {}
2021-08-18 09:49:51 info: PARAM {"0":"kakao/getinfo"} | BODY {}
2021-08-18 09:49:51 info: PARAM {"0":"video/1112482398/박민둥/8"} | BODY {}
2021-08-18 09:49:51 info: PARAM {"0":"image/1112482398/gallery"} | BODY {}
2021-08-18 09:49:51 info: PARAM {"0":"image/1112482398/main"} | BODY {}
2021-08-18 09:49:51 info: ::ffff:127.0.0.1 - - [18/Aug/2021:00:49:51 +0000] "POST /api/kakao/getinfo HTTP/1.1" 200 122 "http://localhost:3000/Home/1112482398/%EB%B0%95%EB%AF%BC%EB%91%A5/8" "Mozilla/5.0 (Linux; Android 5.0; SM-G900P Build/LRX21T) AppleWebKit/537.36 (KHTML, like Gecko) Chrome/92.0.4515.131 Mobile Safari/537.36"

2021-08-18 09:49:51 info: PARAM {"0":"userinfo/1112482398"} | BODY {}
2021-08-18 09:49:51 info: PARAM {"0":"memo/1112482398"} | BODY {}
2021-08-18 09:49:51 info: PARAM {"0":"image/1112482398/gallery"} | BODY {}
2021-08-18 09:49:58 info: PARAM {"0":"kakao/getinfo"} | BODY {}
2021-08-18 09:49:59 info: PARAM {"0":"image/1112482398/gallery"} | BODY {}
2021-08-18 09:49:59 info: PARAM {"0":"memo/1112482398"} | BODY {}
2021-08-18 09:49:59 info: PARAM {"0":"video/1112482398/박민둥/8"} | BODY {}
2021-08-18 09:49:59 info: PARAM {"0":"userinfo/1112482398"} | BODY {}
2021-08-18 09:49:59 info: PARAM {"0":"image/1112482398/main"} | BODY {}
2021-08-18 09:49:59 info: ::ffff:127.0.0.1 - - [18/Aug/2021:00:49:59 +0000] "POST /api/kakao/getinfo HTTP/1.1" 200 122 "http://localhost:3000/Home/1112482398/%EB%B0%95%EB%AF%BC%EB%91%A5/8" "Mozilla/5.0 (Linux; Android 5.0; SM-G900P Build/LRX21T) AppleWebKit/537.36 (KHTML, like Gecko) Chrome/92.0.4515.131 Mobile Safari/537.36"

2021-08-18 09:49:59 info: PARAM {"0":"image/1112482398/gallery"} | BODY {}
2021-08-18 09:50:18 info: PARAM {"0":"image/1112482398/main"} | BODY {}
2021-08-18 09:50:18 info: PARAM {"0":"video/1112482398/박민둥/8"} | BODY {}
2021-08-18 09:50:18 info: PARAM {"0":"image/1112482398/gallery"} | BODY {}
2021-08-18 09:50:18 info: PARAM {"0":"userinfo/1112482398"} | BODY {}
2021-08-18 09:50:18 info: PARAM {"0":"kakao/getinfo"} | BODY {}
2021-08-18 09:50:18 info: PARAM {"0":"memo/1112482398"} | BODY {}
2021-08-18 09:50:18 info: ::ffff:127.0.0.1 - - [18/Aug/2021:00:50:18 +0000] "POST /api/kakao/getinfo HTTP/1.1" 200 122 "http://localhost:3000/Home/1112482398/%EB%B0%95%EB%AF%BC%EB%91%A5/8" "Mozilla/5.0 (Linux; Android 5.0; SM-G900P Build/LRX21T) AppleWebKit/537.36 (KHTML, like Gecko) Chrome/92.0.4515.131 Mobile Safari/537.36"

2021-08-18 09:50:18 info: PARAM {"0":"image/1112482398/gallery"} | BODY {}
2021-08-18 09:50:30 info: PARAM {"0":"kakao/getinfo"} | BODY {}
2021-08-18 09:50:30 info: PARAM {"0":"image/1112482398/main"} | BODY {}
2021-08-18 09:50:30 info: PARAM {"0":"userinfo/1112482398"} | BODY {}
2021-08-18 09:50:30 info: PARAM {"0":"image/1112482398/gallery"} | BODY {}
2021-08-18 09:50:30 info: PARAM {"0":"video/1112482398/박민둥/8"} | BODY {}
2021-08-18 09:50:30 info: PARAM {"0":"memo/1112482398"} | BODY {}
2021-08-18 09:50:30 info: ::ffff:127.0.0.1 - - [18/Aug/2021:00:50:30 +0000] "POST /api/kakao/getinfo HTTP/1.1" 200 122 "http://localhost:3000/Home/1112482398/%EB%B0%95%EB%AF%BC%EB%91%A5/8" "Mozilla/5.0 (Linux; Android 5.0; SM-G900P Build/LRX21T) AppleWebKit/537.36 (KHTML, like Gecko) Chrome/92.0.4515.131 Mobile Safari/537.36"

2021-08-18 09:50:30 info: PARAM {"0":"image/1112482398/gallery"} | BODY {}
2021-08-18 09:52:10 info: ::ffff:127.0.0.1 - - [18/Aug/2021:00:52:10 +0000] "GET /uploads/image/1112482398/972a438ea01b3925e6cfefe0f7c68e9fd22c.jpg HTTP/1.1" 200 165323 "http://localhost:3000/Home/1112482398/%EB%B0%95%EB%AF%BC%EB%91%A5/8" "Mozilla/5.0 (Linux; Android 5.0; SM-G900P Build/LRX21T) AppleWebKit/537.36 (KHTML, like Gecko) Chrome/92.0.4515.131 Mobile Safari/537.36"

2021-08-18 09:52:10 info: ::ffff:127.0.0.1 - - [18/Aug/2021:00:52:10 +0000] "GET /uploads/image/1112482398/edb02a0a7d02469088987ab653b6ed3cb5ac.jpg HTTP/1.1" 200 30256 "http://localhost:3000/Home/1112482398/%EB%B0%95%EB%AF%BC%EB%91%A5/8" "Mozilla/5.0 (Linux; Android 5.0; SM-G900P Build/LRX21T) AppleWebKit/537.36 (KHTML, like Gecko) Chrome/92.0.4515.131 Mobile Safari/537.36"

2021-08-18 09:52:11 info: ::ffff:127.0.0.1 - - [18/Aug/2021:00:52:11 +0000] "GET /uploads/image/1112482398/33236ef9828d68d6aa502eb7c0d7a27b1d6a.jpg HTTP/1.1" 200 17881 "http://localhost:3000/Home/1112482398/%EB%B0%95%EB%AF%BC%EB%91%A5/8" "Mozilla/5.0 (Linux; Android 5.0; SM-G900P Build/LRX21T) AppleWebKit/537.36 (KHTML, like Gecko) Chrome/92.0.4515.131 Mobile Safari/537.36"

2021-08-18 09:53:26 info: PARAM {"0":"kakao/getinfo"} | BODY {}
2021-08-18 09:53:26 info: PARAM {"0":"userinfo/1112482398"} | BODY {}
2021-08-18 09:53:26 info: PARAM {"0":"video/1112482398/박민둥/8"} | BODY {}
2021-08-18 09:53:26 info: PARAM {"0":"memo/1112482398"} | BODY {}
2021-08-18 09:53:26 info: PARAM {"0":"image/1112482398/gallery"} | BODY {}
2021-08-18 09:53:26 info: PARAM {"0":"image/1112482398/main"} | BODY {}
2021-08-18 09:53:27 info: ::ffff:127.0.0.1 - - [18/Aug/2021:00:53:27 +0000] "POST /api/kakao/getinfo HTTP/1.1" 200 122 "http://localhost:3000/Home/1112482398/%EB%B0%95%EB%AF%BC%EB%91%A5/8" "Mozilla/5.0 (Linux; Android 5.0; SM-G900P Build/LRX21T) AppleWebKit/537.36 (KHTML, like Gecko) Chrome/92.0.4515.131 Mobile Safari/537.36"

2021-08-18 09:53:27 info: PARAM {"0":"image/1112482398/gallery"} | BODY {}
2021-08-18 09:53:46 info: PARAM {"0":"image/1112482398/gallery"} | BODY {}
2021-08-18 09:53:46 info: PARAM {"0":"video/1112482398/박민둥/8"} | BODY {}
2021-08-18 09:53:46 info: PARAM {"0":"userinfo/1112482398"} | BODY {}
2021-08-18 09:53:46 info: PARAM {"0":"image/1112482398/main"} | BODY {}
2021-08-18 09:53:46 info: PARAM {"0":"memo/1112482398"} | BODY {}
2021-08-18 09:53:46 info: PARAM {"0":"kakao/getinfo"} | BODY {}
2021-08-18 09:53:46 info: ::ffff:127.0.0.1 - - [18/Aug/2021:00:53:46 +0000] "POST /api/kakao/getinfo HTTP/1.1" 200 122 "http://localhost:3000/Home/1112482398/%EB%B0%95%EB%AF%BC%EB%91%A5/8" "Mozilla/5.0 (Linux; Android 5.0; SM-G900P Build/LRX21T) AppleWebKit/537.36 (KHTML, like Gecko) Chrome/92.0.4515.131 Mobile Safari/537.36"

2021-08-18 09:53:46 info: PARAM {"0":"image/1112482398/gallery"} | BODY {}
2021-08-18 09:53:57 info: PARAM {"0":"kakao/getinfo"} | BODY {}
2021-08-18 09:53:57 info: PARAM {"0":"image/1112482398/main"} | BODY {}
2021-08-18 09:53:57 info: PARAM {"0":"video/1112482398/박민둥/8"} | BODY {}
2021-08-18 09:53:57 info: PARAM {"0":"image/1112482398/gallery"} | BODY {}
2021-08-18 09:53:57 info: PARAM {"0":"userinfo/1112482398"} | BODY {}
2021-08-18 09:53:57 info: PARAM {"0":"memo/1112482398"} | BODY {}
2021-08-18 09:53:57 info: ::ffff:127.0.0.1 - - [18/Aug/2021:00:53:57 +0000] "POST /api/kakao/getinfo HTTP/1.1" 200 122 "http://localhost:3000/Home/1112482398/%EB%B0%95%EB%AF%BC%EB%91%A5/8" "Mozilla/5.0 (Linux; Android 5.0; SM-G900P Build/LRX21T) AppleWebKit/537.36 (KHTML, like Gecko) Chrome/92.0.4515.131 Mobile Safari/537.36"

2021-08-18 09:53:57 info: PARAM {"0":"image/1112482398/gallery"} | BODY {}
2021-08-18 09:54:00 info: PARAM {"0":"image/1112482398/main"} | BODY {}
2021-08-18 09:54:00 info: PARAM {"0":"image/1112482398/gallery"} | BODY {}
2021-08-18 09:54:00 info: PARAM {"0":"video/1112482398/박민둥/8"} | BODY {}
2021-08-18 09:54:00 info: PARAM {"0":"userinfo/1112482398"} | BODY {}
2021-08-18 09:54:00 info: PARAM {"0":"kakao/getinfo"} | BODY {}
2021-08-18 09:54:00 info: PARAM {"0":"memo/1112482398"} | BODY {}
2021-08-18 09:54:00 info: PARAM {"0":"image/1112482398/gallery"} | BODY {}
2021-08-18 09:54:00 info: ::ffff:127.0.0.1 - - [18/Aug/2021:00:54:00 +0000] "POST /api/kakao/getinfo HTTP/1.1" 200 122 "http://localhost:3000/Home/1112482398/%EB%B0%95%EB%AF%BC%EB%91%A5/8" "Mozilla/5.0 (Linux; Android 5.0; SM-G900P Build/LRX21T) AppleWebKit/537.36 (KHTML, like Gecko) Chrome/92.0.4515.131 Mobile Safari/537.36"

2021-08-18 09:54:06 info: PARAM {"0":"image/1112482398/main"} | BODY {}
2021-08-18 09:54:06 info: PARAM {"0":"video/1112482398/박민둥/8"} | BODY {}
2021-08-18 09:54:06 info: PARAM {"0":"image/1112482398/gallery"} | BODY {}
2021-08-18 09:54:06 info: PARAM {"0":"userinfo/1112482398"} | BODY {}
2021-08-18 09:54:07 info: PARAM {"0":"kakao/getinfo"} | BODY {}
2021-08-18 09:54:07 info: PARAM {"0":"memo/1112482398"} | BODY {}
2021-08-18 09:54:07 info: ::ffff:127.0.0.1 - - [18/Aug/2021:00:54:07 +0000] "POST /api/kakao/getinfo HTTP/1.1" 200 122 "http://localhost:3000/Home/1112482398/%EB%B0%95%EB%AF%BC%EB%91%A5/8" "Mozilla/5.0 (Linux; Android 5.0; SM-G900P Build/LRX21T) AppleWebKit/537.36 (KHTML, like Gecko) Chrome/92.0.4515.131 Mobile Safari/537.36"

2021-08-18 09:54:07 info: PARAM {"0":"image/1112482398/gallery"} | BODY {}
2021-08-18 09:54:57 info: PARAM {"0":"kakao/getinfo"} | BODY {}
2021-08-18 09:54:57 info: PARAM {"0":"image/1112482398/gallery"} | BODY {}
2021-08-18 09:54:57 info: PARAM {"0":"image/1112482398/main"} | BODY {}
2021-08-18 09:54:57 info: PARAM {"0":"userinfo/1112482398"} | BODY {}
2021-08-18 09:54:57 info: PARAM {"0":"video/1112482398/박민둥/8"} | BODY {}
2021-08-18 09:54:57 info: PARAM {"0":"memo/1112482398"} | BODY {}
2021-08-18 09:54:57 info: ::ffff:127.0.0.1 - - [18/Aug/2021:00:54:57 +0000] "POST /api/kakao/getinfo HTTP/1.1" 200 122 "http://localhost:3000/Home/1112482398/%EB%B0%95%EB%AF%BC%EB%91%A5/8" "Mozilla/5.0 (Linux; Android 5.0; SM-G900P Build/LRX21T) AppleWebKit/537.36 (KHTML, like Gecko) Chrome/92.0.4515.131 Mobile Safari/537.36"

2021-08-18 09:54:57 info: PARAM {"0":"image/1112482398/gallery"} | BODY {}
2021-08-18 09:55:05 info: PARAM {"0":"kakao/getinfo"} | BODY {}
2021-08-18 09:55:05 info: PARAM {"0":"memo/1112482398"} | BODY {}
2021-08-18 09:55:05 info: PARAM {"0":"image/1112482398/gallery"} | BODY {}
2021-08-18 09:55:05 info: PARAM {"0":"video/1112482398/박민둥/8"} | BODY {}
2021-08-18 09:55:05 info: PARAM {"0":"userinfo/1112482398"} | BODY {}
2021-08-18 09:55:05 info: PARAM {"0":"image/1112482398/main"} | BODY {}
2021-08-18 09:55:05 info: ::ffff:127.0.0.1 - - [18/Aug/2021:00:55:05 +0000] "POST /api/kakao/getinfo HTTP/1.1" 200 122 "http://localhost:3000/Home/1112482398/%EB%B0%95%EB%AF%BC%EB%91%A5/8" "Mozilla/5.0 (Linux; Android 5.0; SM-G900P Build/LRX21T) AppleWebKit/537.36 (KHTML, like Gecko) Chrome/92.0.4515.131 Mobile Safari/537.36"

2021-08-18 09:55:06 info: PARAM {"0":"image/1112482398/gallery"} | BODY {}
2021-08-18 09:56:05 info: PARAM {"0":"image/1112482398/gallery"} | BODY {}
2021-08-18 09:56:05 info: PARAM {"0":"video/1112482398/박민둥/8"} | BODY {}
2021-08-18 09:56:05 info: PARAM {"0":"memo/1112482398"} | BODY {}
2021-08-18 09:56:05 info: PARAM {"0":"image/1112482398/main"} | BODY {}
2021-08-18 09:56:05 info: PARAM {"0":"userinfo/1112482398"} | BODY {}
2021-08-18 09:56:05 info: PARAM {"0":"kakao/getinfo"} | BODY {}
2021-08-18 09:56:05 info: PARAM {"0":"image/1112482398/gallery"} | BODY {}
2021-08-18 09:56:05 info: ::ffff:127.0.0.1 - - [18/Aug/2021:00:56:05 +0000] "POST /api/kakao/getinfo HTTP/1.1" 200 122 "http://localhost:3000/Home/1112482398/%EB%B0%95%EB%AF%BC%EB%91%A5/8" "Mozilla/5.0 (Linux; Android 5.0; SM-G900P Build/LRX21T) AppleWebKit/537.36 (KHTML, like Gecko) Chrome/92.0.4515.131 Mobile Safari/537.36"

2021-08-18 09:56:17 info: PARAM {"0":"video/1112482398/박민둥/8"} | BODY {}
2021-08-18 09:56:17 info: PARAM {"0":"image/1112482398/gallery"} | BODY {}
2021-08-18 09:56:17 info: PARAM {"0":"image/1112482398/main"} | BODY {}
2021-08-18 09:56:17 info: PARAM {"0":"userinfo/1112482398"} | BODY {}
2021-08-18 09:56:17 info: PARAM {"0":"kakao/getinfo"} | BODY {}
2021-08-18 09:56:17 info: ::ffff:127.0.0.1 - - [18/Aug/2021:00:56:17 +0000] "POST /api/kakao/getinfo HTTP/1.1" 200 122 "http://localhost:3000/Home/1112482398/%EB%B0%95%EB%AF%BC%EB%91%A5/8" "Mozilla/5.0 (Linux; Android 5.0; SM-G900P Build/LRX21T) AppleWebKit/537.36 (KHTML, like Gecko) Chrome/92.0.4515.131 Mobile Safari/537.36"

2021-08-18 09:56:17 info: PARAM {"0":"memo/1112482398"} | BODY {}
2021-08-18 09:56:17 info: PARAM {"0":"image/1112482398/gallery"} | BODY {}
2021-08-18 09:56:24 info: PARAM {"0":"image/1112482398/gallery"} | BODY {}
2021-08-18 09:56:24 info: PARAM {"0":"userinfo/1112482398"} | BODY {}
2021-08-18 09:56:24 info: PARAM {"0":"image/1112482398/main"} | BODY {}
2021-08-18 09:56:24 info: PARAM {"0":"video/1112482398/박민둥/8"} | BODY {}
2021-08-18 09:56:24 info: PARAM {"0":"kakao/getinfo"} | BODY {}
2021-08-18 09:56:24 info: PARAM {"0":"memo/1112482398"} | BODY {}
2021-08-18 09:56:24 info: ::ffff:127.0.0.1 - - [18/Aug/2021:00:56:24 +0000] "POST /api/kakao/getinfo HTTP/1.1" 200 122 "http://localhost:3000/Home/1112482398/%EB%B0%95%EB%AF%BC%EB%91%A5/8" "Mozilla/5.0 (Linux; Android 5.0; SM-G900P Build/LRX21T) AppleWebKit/537.36 (KHTML, like Gecko) Chrome/92.0.4515.131 Mobile Safari/537.36"

2021-08-18 09:56:24 info: PARAM {"0":"image/1112482398/gallery"} | BODY {}
2021-08-18 09:56:33 info: PARAM {"0":"kakao/getinfo"} | BODY {}
2021-08-18 09:56:33 info: PARAM {"0":"image/1112482398/main"} | BODY {}
2021-08-18 09:56:33 info: PARAM {"0":"userinfo/1112482398"} | BODY {}
2021-08-18 09:56:33 info: PARAM {"0":"video/1112482398/박민둥/8"} | BODY {}
2021-08-18 09:56:33 info: PARAM {"0":"image/1112482398/gallery"} | BODY {}
2021-08-18 09:56:33 info: PARAM {"0":"memo/1112482398"} | BODY {}
2021-08-18 09:56:34 info: ::ffff:127.0.0.1 - - [18/Aug/2021:00:56:34 +0000] "POST /api/kakao/getinfo HTTP/1.1" 200 122 "http://localhost:3000/Home/1112482398/%EB%B0%95%EB%AF%BC%EB%91%A5/8" "Mozilla/5.0 (Linux; Android 5.0; SM-G900P Build/LRX21T) AppleWebKit/537.36 (KHTML, like Gecko) Chrome/92.0.4515.131 Mobile Safari/537.36"

2021-08-18 09:56:34 info: PARAM {"0":"image/1112482398/gallery"} | BODY {}
2021-08-18 09:56:39 info: PARAM {"0":"video/1112482398/박민둥/8"} | BODY {}
2021-08-18 09:56:39 info: PARAM {"0":"image/1112482398/main"} | BODY {}
2021-08-18 09:56:40 info: PARAM {"0":"image/1112482398/gallery"} | BODY {}
2021-08-18 09:56:40 info: PARAM {"0":"kakao/getinfo"} | BODY {}
2021-08-18 09:56:40 info: PARAM {"0":"memo/1112482398"} | BODY {}
2021-08-18 09:56:40 info: PARAM {"0":"userinfo/1112482398"} | BODY {}
2021-08-18 09:56:40 info: PARAM {"0":"image/1112482398/gallery"} | BODY {}
2021-08-18 09:56:40 info: ::ffff:127.0.0.1 - - [18/Aug/2021:00:56:40 +0000] "POST /api/kakao/getinfo HTTP/1.1" 200 122 "http://localhost:3000/Home/1112482398/%EB%B0%95%EB%AF%BC%EB%91%A5/8" "Mozilla/5.0 (Linux; Android 5.0; SM-G900P Build/LRX21T) AppleWebKit/537.36 (KHTML, like Gecko) Chrome/92.0.4515.131 Mobile Safari/537.36"

2021-08-18 09:57:16 info: PARAM {"0":"memo/1112482398"} | BODY {}
2021-08-18 09:57:16 info: PARAM {"0":"userinfo/1112482398"} | BODY {}
2021-08-18 09:57:16 info: PARAM {"0":"image/1112482398/gallery"} | BODY {}
2021-08-18 09:57:16 info: PARAM {"0":"image/1112482398/main"} | BODY {}
2021-08-18 09:57:16 info: PARAM {"0":"video/1112482398/박민둥/8"} | BODY {}
2021-08-18 09:57:16 info: PARAM {"0":"kakao/getinfo"} | BODY {}
2021-08-18 09:57:16 info: ::ffff:127.0.0.1 - - [18/Aug/2021:00:57:16 +0000] "POST /api/kakao/getinfo HTTP/1.1" 200 122 "http://localhost:3000/Home/1112482398/%EB%B0%95%EB%AF%BC%EB%91%A5/8" "Mozilla/5.0 (Linux; Android 5.0; SM-G900P Build/LRX21T) AppleWebKit/537.36 (KHTML, like Gecko) Chrome/92.0.4515.131 Mobile Safari/537.36"

2021-08-18 09:57:17 info: PARAM {"0":"image/1112482398/gallery"} | BODY {}
2021-08-18 09:57:24 info: PARAM {"0":"kakao/getinfo"} | BODY {}
2021-08-18 09:57:24 info: PARAM {"0":"image/1112482398/main"} | BODY {}
2021-08-18 09:57:24 info: PARAM {"0":"video/1112482398/박민둥/8"} | BODY {}
2021-08-18 09:57:24 info: PARAM {"0":"memo/1112482398"} | BODY {}
2021-08-18 09:57:24 info: PARAM {"0":"userinfo/1112482398"} | BODY {}
2021-08-18 09:57:24 info: PARAM {"0":"image/1112482398/gallery"} | BODY {}
2021-08-18 09:57:24 info: ::ffff:127.0.0.1 - - [18/Aug/2021:00:57:24 +0000] "POST /api/kakao/getinfo HTTP/1.1" 200 122 "http://localhost:3000/Home/1112482398/%EB%B0%95%EB%AF%BC%EB%91%A5/8" "Mozilla/5.0 (Linux; Android 5.0; SM-G900P Build/LRX21T) AppleWebKit/537.36 (KHTML, like Gecko) Chrome/92.0.4515.131 Mobile Safari/537.36"

2021-08-18 09:57:25 info: PARAM {"0":"image/1112482398/gallery"} | BODY {}
2021-08-18 09:59:54 info: PARAM {"0":"image/1112482398/main"} | BODY {}
2021-08-18 09:59:54 info: PARAM {"0":"image/1112482398/gallery"} | BODY {}
2021-08-18 09:59:54 info: PARAM {"0":"kakao/getinfo"} | BODY {}
2021-08-18 09:59:54 info: PARAM {"0":"video/1112482398/박민둥/8"} | BODY {}
2021-08-18 09:59:55 info: ::ffff:127.0.0.1 - - [18/Aug/2021:00:59:55 +0000] "POST /api/kakao/getinfo HTTP/1.1" 200 122 "http://localhost:3000/Home/1112482398/%EB%B0%95%EB%AF%BC%EB%91%A5/8" "Mozilla/5.0 (Linux; Android 5.0; SM-G900P Build/LRX21T) AppleWebKit/537.36 (KHTML, like Gecko) Chrome/92.0.4515.131 Mobile Safari/537.36"

2021-08-18 09:59:55 info: PARAM {"0":"memo/1112482398"} | BODY {}
2021-08-18 09:59:55 info: PARAM {"0":"userinfo/1112482398"} | BODY {}
2021-08-18 09:59:55 info: PARAM {"0":"image/1112482398/gallery"} | BODY {}
2021-08-18 10:00:07 info: PARAM {"0":"kakao/getinfo"} | BODY {}
2021-08-18 10:00:07 info: PARAM {"0":"image/1112482398/main"} | BODY {}
2021-08-18 10:00:07 info: PARAM {"0":"userinfo/1112482398"} | BODY {}
2021-08-18 10:00:07 info: PARAM {"0":"video/1112482398/박민둥/8"} | BODY {}
2021-08-18 10:00:07 info: PARAM {"0":"image/1112482398/gallery"} | BODY {}
2021-08-18 10:00:08 info: ::ffff:127.0.0.1 - - [18/Aug/2021:01:00:08 +0000] "POST /api/kakao/getinfo HTTP/1.1" 200 122 "http://localhost:3000/Home/1112482398/%EB%B0%95%EB%AF%BC%EB%91%A5/8" "Mozilla/5.0 (Linux; Android 5.0; SM-G900P Build/LRX21T) AppleWebKit/537.36 (KHTML, like Gecko) Chrome/92.0.4515.131 Mobile Safari/537.36"

2021-08-18 10:00:08 info: PARAM {"0":"memo/1112482398"} | BODY {}
2021-08-18 10:00:08 info: PARAM {"0":"image/1112482398/gallery"} | BODY {}
2021-08-18 10:00:53 info: PARAM {"0":"kakao/getinfo"} | BODY {}
2021-08-18 10:00:53 info: PARAM {"0":"userinfo/1112482398"} | BODY {}
2021-08-18 10:00:53 info: PARAM {"0":"image/1112482398/main"} | BODY {}
2021-08-18 10:00:53 info: PARAM {"0":"video/1112482398/박민둥/8"} | BODY {}
2021-08-18 10:00:53 info: PARAM {"0":"image/1112482398/gallery"} | BODY {}
2021-08-18 10:00:54 info: ::ffff:127.0.0.1 - - [18/Aug/2021:01:00:54 +0000] "POST /api/kakao/getinfo HTTP/1.1" 200 122 "http://localhost:3000/Home/1112482398/%EB%B0%95%EB%AF%BC%EB%91%A5/8" "Mozilla/5.0 (Linux; Android 5.0; SM-G900P Build/LRX21T) AppleWebKit/537.36 (KHTML, like Gecko) Chrome/92.0.4515.131 Mobile Safari/537.36"

2021-08-18 10:00:54 info: PARAM {"0":"memo/1112482398"} | BODY {}
2021-08-18 10:00:54 info: PARAM {"0":"image/1112482398/gallery"} | BODY {}
2021-08-18 10:01:08 info: PARAM {"0":"kakao/getinfo"} | BODY {}
2021-08-18 10:01:08 info: PARAM {"0":"userinfo/1112482398"} | BODY {}
2021-08-18 10:01:08 info: PARAM {"0":"video/1112482398/박민둥/8"} | BODY {}
2021-08-18 10:01:08 info: PARAM {"0":"memo/1112482398"} | BODY {}
2021-08-18 10:01:08 info: PARAM {"0":"image/1112482398/main"} | BODY {}
2021-08-18 10:01:08 info: PARAM {"0":"image/1112482398/gallery"} | BODY {}
2021-08-18 10:01:08 info: ::ffff:127.0.0.1 - - [18/Aug/2021:01:01:08 +0000] "POST /api/kakao/getinfo HTTP/1.1" 200 122 "http://localhost:3000/Home/1112482398/%EB%B0%95%EB%AF%BC%EB%91%A5/8" "Mozilla/5.0 (Linux; Android 5.0; SM-G900P Build/LRX21T) AppleWebKit/537.36 (KHTML, like Gecko) Chrome/92.0.4515.131 Mobile Safari/537.36"

2021-08-18 10:01:08 info: PARAM {"0":"image/1112482398/gallery"} | BODY {}
2021-08-18 10:01:17 info: PARAM {"0":"image/1112482398/main"} | BODY {}
2021-08-18 10:01:17 info: PARAM {"0":"video/1112482398/박민둥/8"} | BODY {}
2021-08-18 10:01:17 info: PARAM {"0":"image/1112482398/gallery"} | BODY {}
2021-08-18 10:01:17 info: PARAM {"0":"userinfo/1112482398"} | BODY {}
2021-08-18 10:01:17 info: PARAM {"0":"kakao/getinfo"} | BODY {}
2021-08-18 10:01:17 info: PARAM {"0":"memo/1112482398"} | BODY {}
2021-08-18 10:01:17 info: ::ffff:127.0.0.1 - - [18/Aug/2021:01:01:17 +0000] "POST /api/kakao/getinfo HTTP/1.1" 200 122 "http://localhost:3000/Home/1112482398/%EB%B0%95%EB%AF%BC%EB%91%A5/8" "Mozilla/5.0 (Linux; Android 5.0; SM-G900P Build/LRX21T) AppleWebKit/537.36 (KHTML, like Gecko) Chrome/92.0.4515.131 Mobile Safari/537.36"

2021-08-18 10:01:17 info: PARAM {"0":"image/1112482398/gallery"} | BODY {}
2021-08-18 10:01:38 info: PARAM {"0":"image/1112482398/main"} | BODY {}
2021-08-18 10:01:38 info: PARAM {"0":"video/1112482398/박민둥/8"} | BODY {}
2021-08-18 10:01:38 info: PARAM {"0":"image/1112482398/gallery"} | BODY {}
2021-08-18 10:01:38 info: PARAM {"0":"userinfo/1112482398"} | BODY {}
2021-08-18 10:01:38 info: PARAM {"0":"memo/1112482398"} | BODY {}
2021-08-18 10:01:38 info: PARAM {"0":"kakao/getinfo"} | BODY {}
2021-08-18 10:01:38 info: PARAM {"0":"image/1112482398/gallery"} | BODY {}
2021-08-18 10:01:39 info: ::ffff:127.0.0.1 - - [18/Aug/2021:01:01:39 +0000] "POST /api/kakao/getinfo HTTP/1.1" 200 122 "http://localhost:3000/Home/1112482398/%EB%B0%95%EB%AF%BC%EB%91%A5/8" "Mozilla/5.0 (Linux; Android 5.0; SM-G900P Build/LRX21T) AppleWebKit/537.36 (KHTML, like Gecko) Chrome/92.0.4515.131 Mobile Safari/537.36"

2021-08-18 10:01:44 info: PARAM {"0":"kakao/getinfo"} | BODY {}
2021-08-18 10:01:44 info: PARAM {"0":"image/1112482398/gallery"} | BODY {}
2021-08-18 10:01:44 info: PARAM {"0":"video/1112482398/박민둥/8"} | BODY {}
2021-08-18 10:01:44 info: PARAM {"0":"image/1112482398/main"} | BODY {}
2021-08-18 10:01:44 info: ::ffff:127.0.0.1 - - [18/Aug/2021:01:01:44 +0000] "POST /api/kakao/getinfo HTTP/1.1" 200 122 "http://localhost:3000/Home/1112482398/%EB%B0%95%EB%AF%BC%EB%91%A5/8" "Mozilla/5.0 (Linux; Android 5.0; SM-G900P Build/LRX21T) AppleWebKit/537.36 (KHTML, like Gecko) Chrome/92.0.4515.131 Mobile Safari/537.36"

2021-08-18 10:01:44 info: PARAM {"0":"userinfo/1112482398"} | BODY {}
2021-08-18 10:01:44 info: PARAM {"0":"memo/1112482398"} | BODY {}
2021-08-18 10:01:44 info: PARAM {"0":"image/1112482398/gallery"} | BODY {}
2021-08-18 10:01:56 info: PARAM {"0":"image/1112482398/gallery"} | BODY {}
2021-08-18 10:01:56 info: PARAM {"0":"image/1112482398/main"} | BODY {}
2021-08-18 10:01:56 info: PARAM {"0":"userinfo/1112482398"} | BODY {}
2021-08-18 10:01:56 info: PARAM {"0":"video/1112482398/박민둥/8"} | BODY {}
2021-08-18 10:01:56 info: PARAM {"0":"kakao/getinfo"} | BODY {}
2021-08-18 10:01:56 info: PARAM {"0":"memo/1112482398"} | BODY {}
2021-08-18 10:01:56 info: ::ffff:127.0.0.1 - - [18/Aug/2021:01:01:56 +0000] "POST /api/kakao/getinfo HTTP/1.1" 200 122 "http://localhost:3000/Home/1112482398/%EB%B0%95%EB%AF%BC%EB%91%A5/8" "Mozilla/5.0 (Linux; Android 5.0; SM-G900P Build/LRX21T) AppleWebKit/537.36 (KHTML, like Gecko) Chrome/92.0.4515.131 Mobile Safari/537.36"

2021-08-18 10:01:56 info: PARAM {"0":"image/1112482398/gallery"} | BODY {}
2021-08-18 10:02:06 info: PARAM {"0":"userinfo/1112482398"} | BODY {}
2021-08-18 10:02:06 info: PARAM {"0":"video/1112482398/박민둥/8"} | BODY {}
2021-08-18 10:02:06 info: PARAM {"0":"image/1112482398/main"} | BODY {}
2021-08-18 10:02:06 info: PARAM {"0":"image/1112482398/gallery"} | BODY {}
2021-08-18 10:02:06 info: PARAM {"0":"kakao/getinfo"} | BODY {}
2021-08-18 10:02:06 info: ::ffff:127.0.0.1 - - [18/Aug/2021:01:02:06 +0000] "POST /api/kakao/getinfo HTTP/1.1" 200 122 "http://localhost:3000/Home/1112482398/%EB%B0%95%EB%AF%BC%EB%91%A5/8" "Mozilla/5.0 (Linux; Android 5.0; SM-G900P Build/LRX21T) AppleWebKit/537.36 (KHTML, like Gecko) Chrome/92.0.4515.131 Mobile Safari/537.36"

2021-08-18 10:02:06 info: PARAM {"0":"memo/1112482398"} | BODY {}
2021-08-18 10:02:06 info: PARAM {"0":"image/1112482398/gallery"} | BODY {}
2021-08-18 10:02:16 info: PARAM {"0":"kakao/getinfo"} | BODY {}
2021-08-18 10:02:16 info: PARAM {"0":"image/1112482398/main"} | BODY {}
2021-08-18 10:02:16 info: PARAM {"0":"image/1112482398/gallery"} | BODY {}
2021-08-18 10:02:16 info: PARAM {"0":"video/1112482398/박민둥/8"} | BODY {}
2021-08-18 10:02:16 info: ::ffff:127.0.0.1 - - [18/Aug/2021:01:02:16 +0000] "POST /api/kakao/getinfo HTTP/1.1" 200 122 "http://localhost:3000/Home/1112482398/%EB%B0%95%EB%AF%BC%EB%91%A5/8" "Mozilla/5.0 (Linux; Android 5.0; SM-G900P Build/LRX21T) AppleWebKit/537.36 (KHTML, like Gecko) Chrome/92.0.4515.131 Mobile Safari/537.36"

2021-08-18 10:02:16 info: PARAM {"0":"userinfo/1112482398"} | BODY {}
2021-08-18 10:02:16 info: PARAM {"0":"memo/1112482398"} | BODY {}
2021-08-18 10:02:16 info: PARAM {"0":"image/1112482398/gallery"} | BODY {}
2021-08-18 10:04:43 info: PARAM {"0":"kakao/getinfo"} | BODY {}
2021-08-18 10:04:43 info: PARAM {"0":"image/1112482398/gallery"} | BODY {}
2021-08-18 10:04:43 info: PARAM {"0":"image/1112482398/main"} | BODY {}
2021-08-18 10:04:43 info: PARAM {"0":"video/1112482398/박민둥/8"} | BODY {}
2021-08-18 10:04:43 info: ::ffff:127.0.0.1 - - [18/Aug/2021:01:04:43 +0000] "POST /api/kakao/getinfo HTTP/1.1" 200 122 "http://localhost:3000/Home/1112482398/%EB%B0%95%EB%AF%BC%EB%91%A5/8" "Mozilla/5.0 (Linux; Android 5.0; SM-G900P Build/LRX21T) AppleWebKit/537.36 (KHTML, like Gecko) Chrome/92.0.4515.131 Mobile Safari/537.36"

2021-08-18 10:04:43 info: PARAM {"0":"userinfo/1112482398"} | BODY {}
2021-08-18 10:04:43 info: PARAM {"0":"memo/1112482398"} | BODY {}
2021-08-18 10:04:43 info: PARAM {"0":"image/1112482398/gallery"} | BODY {}
2021-08-18 10:04:44 info: ::ffff:127.0.0.1 - - [18/Aug/2021:01:04:44 +0000] "GET /uploads/image/1112482398/c62a4375ed19726af177f94e19cc533cff68.jpg HTTP/1.1" 200 26895 "http://localhost:3000/Home/1112482398/%EB%B0%95%EB%AF%BC%EB%91%A5/8" "Mozilla/5.0 (Linux; Android 5.0; SM-G900P Build/LRX21T) AppleWebKit/537.36 (KHTML, like Gecko) Chrome/92.0.4515.131 Mobile Safari/537.36"

2021-08-18 10:04:44 info: ::ffff:127.0.0.1 - - [18/Aug/2021:01:04:44 +0000] "GET /uploads/image/1112482398/5d0f56b81ccf03a0441d4c69ee86c82dc87c.jpg HTTP/1.1" 200 160585 "http://localhost:3000/Home/1112482398/%EB%B0%95%EB%AF%BC%EB%91%A5/8" "Mozilla/5.0 (Linux; Android 5.0; SM-G900P Build/LRX21T) AppleWebKit/537.36 (KHTML, like Gecko) Chrome/92.0.4515.131 Mobile Safari/537.36"

2021-08-18 10:04:44 info: ::ffff:127.0.0.1 - - [18/Aug/2021:01:04:44 +0000] "GET /uploads/image/1112482398/5cc872e501d345f7bd5012cf02cc1c900089.jpg HTTP/1.1" 200 24701 "http://localhost:3000/Home/1112482398/%EB%B0%95%EB%AF%BC%EB%91%A5/8" "Mozilla/5.0 (Linux; Android 5.0; SM-G900P Build/LRX21T) AppleWebKit/537.36 (KHTML, like Gecko) Chrome/92.0.4515.131 Mobile Safari/537.36"

2021-08-18 10:04:44 info: ::ffff:127.0.0.1 - - [18/Aug/2021:01:04:44 +0000] "GET /uploads/image/1112482398/17e719296f8ef993b6f17110c5018574c1ac.jpg HTTP/1.1" 200 140663 "http://localhost:3000/Home/1112482398/%EB%B0%95%EB%AF%BC%EB%91%A5/8" "Mozilla/5.0 (Linux; Android 5.0; SM-G900P Build/LRX21T) AppleWebKit/537.36 (KHTML, like Gecko) Chrome/92.0.4515.131 Mobile Safari/537.36"

2021-08-18 10:04:44 info: ::ffff:127.0.0.1 - - [18/Aug/2021:01:04:44 +0000] "GET /uploads/image/1112482398/d86a7f004a126087dbd5c9662f1b92be65ee.jpg HTTP/1.1" 200 21386 "http://localhost:3000/Home/1112482398/%EB%B0%95%EB%AF%BC%EB%91%A5/8" "Mozilla/5.0 (Linux; Android 5.0; SM-G900P Build/LRX21T) AppleWebKit/537.36 (KHTML, like Gecko) Chrome/92.0.4515.131 Mobile Safari/537.36"

2021-08-18 10:04:45 info: ::ffff:127.0.0.1 - - [18/Aug/2021:01:04:45 +0000] "GET /uploads/image/1112482398/b55410f8125b17bc194b89c956b1a02ed4c6.jpg HTTP/1.1" 200 98271 "http://localhost:3000/Home/1112482398/%EB%B0%95%EB%AF%BC%EB%91%A5/8" "Mozilla/5.0 (Linux; Android 5.0; SM-G900P Build/LRX21T) AppleWebKit/537.36 (KHTML, like Gecko) Chrome/92.0.4515.131 Mobile Safari/537.36"

2021-08-18 10:04:45 info: ::ffff:127.0.0.1 - - [18/Aug/2021:01:04:45 +0000] "GET /uploads/image/1112482398/096c018b4e16433fd8ed73efa11b97609201.jpg HTTP/1.1" 200 127222 "http://localhost:3000/Home/1112482398/%EB%B0%95%EB%AF%BC%EB%91%A5/8" "Mozilla/5.0 (Linux; Android 5.0; SM-G900P Build/LRX21T) AppleWebKit/537.36 (KHTML, like Gecko) Chrome/92.0.4515.131 Mobile Safari/537.36"

2021-08-18 10:05:23 info: PARAM {"0":"image/1112482398/main"} | BODY {}
2021-08-18 10:05:23 info: PARAM {"0":"image/1112482398/gallery"} | BODY {}
2021-08-18 10:05:23 info: PARAM {"0":"video/1112482398/박민둥/8"} | BODY {}
2021-08-18 10:05:23 info: PARAM {"0":"userinfo/1112482398"} | BODY {}
2021-08-18 10:05:23 info: PARAM {"0":"memo/1112482398"} | BODY {}
2021-08-18 10:05:23 info: PARAM {"0":"kakao/getinfo"} | BODY {}
2021-08-18 10:05:23 info: ::ffff:127.0.0.1 - - [18/Aug/2021:01:05:23 +0000] "POST /api/kakao/getinfo HTTP/1.1" 200 122 "http://localhost:3000/Home/1112482398/%EB%B0%95%EB%AF%BC%EB%91%A5/8" "Mozilla/5.0 (Linux; Android 5.0; SM-G900P Build/LRX21T) AppleWebKit/537.36 (KHTML, like Gecko) Chrome/92.0.4515.131 Mobile Safari/537.36"

2021-08-18 10:05:23 info: PARAM {"0":"image/1112482398/gallery"} | BODY {}
2021-08-18 10:05:27 info: PARAM {"0":"kakao/getinfo"} | BODY {}
2021-08-18 10:05:27 info: PARAM {"0":"video/1112482398/박민둥/8"} | BODY {}
2021-08-18 10:05:27 info: PARAM {"0":"memo/1112482398"} | BODY {}
2021-08-18 10:05:27 info: PARAM {"0":"userinfo/1112482398"} | BODY {}
2021-08-18 10:05:27 info: PARAM {"0":"image/1112482398/gallery"} | BODY {}
2021-08-18 10:05:27 info: PARAM {"0":"image/1112482398/main"} | BODY {}
2021-08-18 10:05:28 info: ::ffff:127.0.0.1 - - [18/Aug/2021:01:05:28 +0000] "POST /api/kakao/getinfo HTTP/1.1" 200 122 "http://localhost:3000/Home/1112482398/%EB%B0%95%EB%AF%BC%EB%91%A5/8" "Mozilla/5.0 (Linux; Android 5.0; SM-G900P Build/LRX21T) AppleWebKit/537.36 (KHTML, like Gecko) Chrome/92.0.4515.131 Mobile Safari/537.36"

2021-08-18 10:05:28 info: PARAM {"0":"image/1112482398/gallery"} | BODY {}
2021-08-18 10:07:16 info: PARAM {"0":"video/1112482398/박민둥/8"} | BODY {}
2021-08-18 10:07:16 info: PARAM {"0":"image/1112482398/gallery"} | BODY {}
2021-08-18 10:07:16 info: PARAM {"0":"image/1112482398/main"} | BODY {}
2021-08-18 10:07:16 info: PARAM {"0":"kakao/getinfo"} | BODY {}
2021-08-18 10:07:16 info: PARAM {"0":"memo/1112482398"} | BODY {}
2021-08-18 10:07:16 info: PARAM {"0":"userinfo/1112482398"} | BODY {}
2021-08-18 10:07:17 info: PARAM {"0":"image/1112482398/gallery"} | BODY {}
2021-08-18 10:07:17 info: ::ffff:127.0.0.1 - - [18/Aug/2021:01:07:17 +0000] "POST /api/kakao/getinfo HTTP/1.1" 200 122 "http://localhost:3000/Home/1112482398/%EB%B0%95%EB%AF%BC%EB%91%A5/8" "Mozilla/5.0 (Linux; Android 5.0; SM-G900P Build/LRX21T) AppleWebKit/537.36 (KHTML, like Gecko) Chrome/92.0.4515.131 Mobile Safari/537.36"

2021-08-18 10:08:12 info: PARAM {"0":"kakao/getinfo"} | BODY {}
2021-08-18 10:08:12 info: PARAM {"0":"image/1112482398/main"} | BODY {}
2021-08-18 10:08:12 info: PARAM {"0":"image/1112482398/gallery"} | BODY {}
2021-08-18 10:08:12 info: PARAM {"0":"video/1112482398/박민둥/8"} | BODY {}
2021-08-18 10:08:12 info: ::ffff:127.0.0.1 - - [18/Aug/2021:01:08:12 +0000] "POST /api/kakao/getinfo HTTP/1.1" 200 122 "http://localhost:3000/Home/1112482398/%EB%B0%95%EB%AF%BC%EB%91%A5/8" "Mozilla/5.0 (Linux; Android 5.0; SM-G900P Build/LRX21T) AppleWebKit/537.36 (KHTML, like Gecko) Chrome/92.0.4515.131 Mobile Safari/537.36"

2021-08-18 10:08:12 info: PARAM {"0":"userinfo/1112482398"} | BODY {}
2021-08-18 10:08:12 info: PARAM {"0":"memo/1112482398"} | BODY {}
2021-08-18 10:08:12 info: PARAM {"0":"image/1112482398/gallery"} | BODY {}
2021-08-18 10:08:25 info: PARAM {"0":"image/1112482398/main"} | BODY {}
2021-08-18 10:08:25 info: PARAM {"0":"userinfo/1112482398"} | BODY {}
2021-08-18 10:08:25 info: PARAM {"0":"image/1112482398/gallery"} | BODY {}
2021-08-18 10:08:25 info: PARAM {"0":"video/1112482398/박민둥/8"} | BODY {}
2021-08-18 10:08:25 info: PARAM {"0":"kakao/getinfo"} | BODY {}
2021-08-18 10:08:26 info: PARAM {"0":"memo/1112482398"} | BODY {}
2021-08-18 10:08:26 info: ::ffff:127.0.0.1 - - [18/Aug/2021:01:08:26 +0000] "POST /api/kakao/getinfo HTTP/1.1" 200 122 "http://localhost:3000/Home/1112482398/%EB%B0%95%EB%AF%BC%EB%91%A5/8" "Mozilla/5.0 (Linux; Android 5.0; SM-G900P Build/LRX21T) AppleWebKit/537.36 (KHTML, like Gecko) Chrome/92.0.4515.131 Mobile Safari/537.36"

2021-08-18 10:08:26 info: PARAM {"0":"image/1112482398/gallery"} | BODY {}
2021-08-18 10:08:39 info: PARAM {"0":"kakao/getinfo"} | BODY {}
2021-08-18 10:08:39 info: PARAM {"0":"userinfo/1112482398"} | BODY {}
2021-08-18 10:08:39 info: PARAM {"0":"image/1112482398/main"} | BODY {}
2021-08-18 10:08:39 info: PARAM {"0":"memo/1112482398"} | BODY {}
2021-08-18 10:08:39 info: PARAM {"0":"image/1112482398/gallery"} | BODY {}
2021-08-18 10:08:39 info: PARAM {"0":"video/1112482398/박민둥/8"} | BODY {}
2021-08-18 10:08:39 info: ::ffff:127.0.0.1 - - [18/Aug/2021:01:08:39 +0000] "POST /api/kakao/getinfo HTTP/1.1" 200 122 "http://localhost:3000/Home/1112482398/%EB%B0%95%EB%AF%BC%EB%91%A5/8" "Mozilla/5.0 (Linux; Android 5.0; SM-G900P Build/LRX21T) AppleWebKit/537.36 (KHTML, like Gecko) Chrome/92.0.4515.131 Mobile Safari/537.36"

2021-08-18 10:08:40 info: PARAM {"0":"image/1112482398/gallery"} | BODY {}
2021-08-18 10:08:50 info: PARAM {"0":"image/1112482398/main"} | BODY {}
2021-08-18 10:08:50 info: PARAM {"0":"video/1112482398/박민둥/8"} | BODY {}
2021-08-18 10:08:50 info: PARAM {"0":"image/1112482398/gallery"} | BODY {}
2021-08-18 10:08:50 info: PARAM {"0":"userinfo/1112482398"} | BODY {}
2021-08-18 10:08:50 info: PARAM {"0":"kakao/getinfo"} | BODY {}
2021-08-18 10:08:50 info: PARAM {"0":"memo/1112482398"} | BODY {}
2021-08-18 10:08:51 info: ::ffff:127.0.0.1 - - [18/Aug/2021:01:08:51 +0000] "POST /api/kakao/getinfo HTTP/1.1" 200 122 "http://localhost:3000/Home/1112482398/%EB%B0%95%EB%AF%BC%EB%91%A5/8" "Mozilla/5.0 (Linux; Android 5.0; SM-G900P Build/LRX21T) AppleWebKit/537.36 (KHTML, like Gecko) Chrome/92.0.4515.131 Mobile Safari/537.36"

2021-08-18 10:08:51 info: PARAM {"0":"image/1112482398/gallery"} | BODY {}
2021-08-18 10:09:58 info: PARAM {"0":"kakao/getinfo"} | BODY {}
2021-08-18 10:09:58 info: PARAM {"0":"video/1112482398/박민둥/8"} | BODY {}
2021-08-18 10:09:58 info: PARAM {"0":"image/1112482398/gallery"} | BODY {}
2021-08-18 10:09:58 info: PARAM {"0":"image/1112482398/main"} | BODY {}
2021-08-18 10:09:58 info: ::ffff:127.0.0.1 - - [18/Aug/2021:01:09:58 +0000] "POST /api/kakao/getinfo HTTP/1.1" 200 122 "http://localhost:3000/Home/1112482398/%EB%B0%95%EB%AF%BC%EB%91%A5/8" "Mozilla/5.0 (Linux; Android 5.0; SM-G900P Build/LRX21T) AppleWebKit/537.36 (KHTML, like Gecko) Chrome/92.0.4515.131 Mobile Safari/537.36"

2021-08-18 10:09:58 info: PARAM {"0":"userinfo/1112482398"} | BODY {}
2021-08-18 10:09:58 info: PARAM {"0":"memo/1112482398"} | BODY {}
2021-08-18 10:09:58 info: PARAM {"0":"image/1112482398/gallery"} | BODY {}
2021-08-18 10:10:08 info: PARAM {"0":"kakao/getinfo"} | BODY {}
2021-08-18 10:10:08 info: PARAM {"0":"image/1112482398/main"} | BODY {}
2021-08-18 10:10:08 info: PARAM {"0":"video/1112482398/박민둥/8"} | BODY {}
2021-08-18 10:10:08 info: PARAM {"0":"userinfo/1112482398"} | BODY {}
2021-08-18 10:10:08 info: ::ffff:127.0.0.1 - - [18/Aug/2021:01:10:08 +0000] "POST /api/kakao/getinfo HTTP/1.1" 200 122 "http://localhost:3000/Home/1112482398/%EB%B0%95%EB%AF%BC%EB%91%A5/8" "Mozilla/5.0 (Linux; Android 5.0; SM-G900P Build/LRX21T) AppleWebKit/537.36 (KHTML, like Gecko) Chrome/92.0.4515.131 Mobile Safari/537.36"

2021-08-18 10:10:08 info: PARAM {"0":"memo/1112482398"} | BODY {}
2021-08-18 10:10:08 info: PARAM {"0":"image/1112482398/gallery"} | BODY {}
2021-08-18 10:10:08 info: PARAM {"0":"image/1112482398/gallery"} | BODY {}
2021-08-18 10:10:13 info: PARAM {"0":"video/1112482398/박민둥/8"} | BODY {}
2021-08-18 10:10:13 info: PARAM {"0":"userinfo/1112482398"} | BODY {}
2021-08-18 10:10:13 info: PARAM {"0":"image/1112482398/main"} | BODY {}
2021-08-18 10:10:13 info: PARAM {"0":"image/1112482398/gallery"} | BODY {}
2021-08-18 10:10:13 info: PARAM {"0":"memo/1112482398"} | BODY {}
2021-08-18 10:10:13 info: PARAM {"0":"kakao/getinfo"} | BODY {}
2021-08-18 10:10:13 info: ::ffff:127.0.0.1 - - [18/Aug/2021:01:10:13 +0000] "POST /api/kakao/getinfo HTTP/1.1" 200 122 "http://localhost:3000/Home/1112482398/%EB%B0%95%EB%AF%BC%EB%91%A5/8" "Mozilla/5.0 (Linux; Android 5.0; SM-G900P Build/LRX21T) AppleWebKit/537.36 (KHTML, like Gecko) Chrome/92.0.4515.131 Mobile Safari/537.36"

2021-08-18 10:10:13 info: PARAM {"0":"image/1112482398/gallery"} | BODY {}
2021-08-18 10:10:19 info: PARAM {"0":"image/1112482398/main"} | BODY {}
2021-08-18 10:10:19 info: PARAM {"0":"video/1112482398/박민둥/8"} | BODY {}
2021-08-18 10:10:19 info: PARAM {"0":"image/1112482398/gallery"} | BODY {}
2021-08-18 10:10:19 info: PARAM {"0":"kakao/getinfo"} | BODY {}
2021-08-18 10:10:19 info: PARAM {"0":"memo/1112482398"} | BODY {}
2021-08-18 10:10:19 info: PARAM {"0":"userinfo/1112482398"} | BODY {}
2021-08-18 10:10:19 info: ::ffff:127.0.0.1 - - [18/Aug/2021:01:10:19 +0000] "POST /api/kakao/getinfo HTTP/1.1" 200 122 "http://localhost:3000/Home/1112482398/%EB%B0%95%EB%AF%BC%EB%91%A5/8" "Mozilla/5.0 (Linux; Android 5.0; SM-G900P Build/LRX21T) AppleWebKit/537.36 (KHTML, like Gecko) Chrome/92.0.4515.131 Mobile Safari/537.36"

2021-08-18 10:10:19 info: PARAM {"0":"image/1112482398/gallery"} | BODY {}
2021-08-18 10:10:31 info: PARAM {"0":"kakao/getinfo"} | BODY {}
2021-08-18 10:10:31 info: PARAM {"0":"image/1112482398/main"} | BODY {}
2021-08-18 10:10:31 info: PARAM {"0":"memo/1112482398"} | BODY {}
2021-08-18 10:10:31 info: PARAM {"0":"image/1112482398/gallery"} | BODY {}
2021-08-18 10:10:31 info: PARAM {"0":"video/1112482398/박민둥/8"} | BODY {}
2021-08-18 10:10:31 info: PARAM {"0":"userinfo/1112482398"} | BODY {}
2021-08-18 10:10:31 info: ::ffff:127.0.0.1 - - [18/Aug/2021:01:10:31 +0000] "POST /api/kakao/getinfo HTTP/1.1" 200 122 "http://localhost:3000/Home/1112482398/%EB%B0%95%EB%AF%BC%EB%91%A5/8" "Mozilla/5.0 (Linux; Android 5.0; SM-G900P Build/LRX21T) AppleWebKit/537.36 (KHTML, like Gecko) Chrome/92.0.4515.131 Mobile Safari/537.36"

2021-08-18 10:10:32 info: PARAM {"0":"image/1112482398/gallery"} | BODY {}
2021-08-18 10:10:41 info: PARAM {"0":"video/1112482398/박민둥/8"} | BODY {}
2021-08-18 10:10:41 info: PARAM {"0":"image/1112482398/gallery"} | BODY {}
2021-08-18 10:10:41 info: PARAM {"0":"image/1112482398/main"} | BODY {}
2021-08-18 10:10:41 info: PARAM {"0":"kakao/getinfo"} | BODY {}
2021-08-18 10:10:41 info: PARAM {"0":"userinfo/1112482398"} | BODY {}
2021-08-18 10:10:41 info: PARAM {"0":"memo/1112482398"} | BODY {}
2021-08-18 10:10:42 info: ::ffff:127.0.0.1 - - [18/Aug/2021:01:10:42 +0000] "POST /api/kakao/getinfo HTTP/1.1" 200 122 "http://localhost:3000/Home/1112482398/%EB%B0%95%EB%AF%BC%EB%91%A5/8" "Mozilla/5.0 (Linux; Android 5.0; SM-G900P Build/LRX21T) AppleWebKit/537.36 (KHTML, like Gecko) Chrome/92.0.4515.131 Mobile Safari/537.36"

2021-08-18 10:10:42 info: PARAM {"0":"image/1112482398/gallery"} | BODY {}
2021-08-18 10:11:03 info: PARAM {"0":"video/1112482398/박민둥/8"} | BODY {}
2021-08-18 10:11:03 info: PARAM {"0":"image/1112482398/gallery"} | BODY {}
2021-08-18 10:11:03 info: PARAM {"0":"image/1112482398/main"} | BODY {}
2021-08-18 10:11:03 info: PARAM {"0":"userinfo/1112482398"} | BODY {}
2021-08-18 10:11:03 info: PARAM {"0":"kakao/getinfo"} | BODY {}
2021-08-18 10:11:03 info: PARAM {"0":"memo/1112482398"} | BODY {}
2021-08-18 10:11:03 info: ::ffff:127.0.0.1 - - [18/Aug/2021:01:11:03 +0000] "POST /api/kakao/getinfo HTTP/1.1" 200 122 "http://localhost:3000/Home/1112482398/%EB%B0%95%EB%AF%BC%EB%91%A5/8" "Mozilla/5.0 (Linux; Android 5.0; SM-G900P Build/LRX21T) AppleWebKit/537.36 (KHTML, like Gecko) Chrome/92.0.4515.131 Mobile Safari/537.36"

2021-08-18 10:11:03 info: PARAM {"0":"image/1112482398/gallery"} | BODY {}
2021-08-18 10:20:40 info: PARAM {"0":"kakao/getinfo"} | BODY {}
2021-08-18 10:20:40 info: PARAM {"0":"video/1112482398/박민둥/8"} | BODY {}
2021-08-18 10:20:40 info: PARAM {"0":"image/1112482398/gallery"} | BODY {}
2021-08-18 10:20:40 info: PARAM {"0":"image/1112482398/main"} | BODY {}
2021-08-18 10:20:40 info: PARAM {"0":"userinfo/1112482398"} | BODY {}
2021-08-18 10:20:40 info: ::ffff:127.0.0.1 - - [18/Aug/2021:01:20:40 +0000] "POST /api/kakao/getinfo HTTP/1.1" 200 122 "http://localhost:3000/Home/1112482398/%EB%B0%95%EB%AF%BC%EB%91%A5/8" "Mozilla/5.0 (Linux; Android 5.0; SM-G900P Build/LRX21T) AppleWebKit/537.36 (KHTML, like Gecko) Chrome/92.0.4515.131 Mobile Safari/537.36"

2021-08-18 10:20:41 info: PARAM {"0":"memo/1112482398"} | BODY {}
2021-08-18 10:20:41 info: PARAM {"0":"image/1112482398/gallery"} | BODY {}
2021-08-18 10:20:45 info: PARAM {"0":"video/1112482398/박민둥/8"} | BODY {}
2021-08-18 10:20:45 info: PARAM {"0":"image/1112482398/main"} | BODY {}
2021-08-18 10:20:45 info: PARAM {"0":"image/1112482398/gallery"} | BODY {}
2021-08-18 10:20:45 info: PARAM {"0":"userinfo/1112482398"} | BODY {}
2021-08-18 10:20:45 info: PARAM {"0":"memo/1112482398"} | BODY {}
2021-08-18 10:20:45 info: PARAM {"0":"kakao/getinfo"} | BODY {}
2021-08-18 10:20:45 info: ::ffff:127.0.0.1 - - [18/Aug/2021:01:20:45 +0000] "POST /api/kakao/getinfo HTTP/1.1" 200 122 "http://localhost:3000/Home/1112482398/%EB%B0%95%EB%AF%BC%EB%91%A5/8" "Mozilla/5.0 (Linux; Android 5.0; SM-G900P Build/LRX21T) AppleWebKit/537.36 (KHTML, like Gecko) Chrome/92.0.4515.131 Mobile Safari/537.36"

2021-08-18 10:20:45 info: PARAM {"0":"image/1112482398/gallery"} | BODY {}
2021-08-18 10:20:59 info: PARAM {"0":"kakao/getinfo"} | BODY {}
2021-08-18 10:20:59 info: PARAM {"0":"userinfo/1112482398"} | BODY {}
2021-08-18 10:20:59 info: PARAM {"0":"image/1112482398/gallery"} | BODY {}
2021-08-18 10:20:59 info: PARAM {"0":"image/1112482398/main"} | BODY {}
2021-08-18 10:20:59 info: PARAM {"0":"video/1112482398/박민둥/8"} | BODY {}
2021-08-18 10:20:59 info: ::ffff:127.0.0.1 - - [18/Aug/2021:01:20:59 +0000] "POST /api/kakao/getinfo HTTP/1.1" 200 122 "http://localhost:3000/Home/1112482398/%EB%B0%95%EB%AF%BC%EB%91%A5/8" "Mozilla/5.0 (Linux; Android 5.0; SM-G900P Build/LRX21T) AppleWebKit/537.36 (KHTML, like Gecko) Chrome/92.0.4515.131 Mobile Safari/537.36"

2021-08-18 10:20:59 info: PARAM {"0":"memo/1112482398"} | BODY {}
2021-08-18 10:21:00 info: PARAM {"0":"image/1112482398/gallery"} | BODY {}
2021-08-18 10:21:30 info: PARAM {"0":"video/1112482398/박민둥/8"} | BODY {}
2021-08-18 10:21:30 info: PARAM {"0":"image/1112482398/main"} | BODY {}
2021-08-18 10:21:30 info: PARAM {"0":"image/1112482398/gallery"} | BODY {}
2021-08-18 10:21:30 info: PARAM {"0":"kakao/getinfo"} | BODY {}
2021-08-18 10:21:30 info: PARAM {"0":"memo/1112482398"} | BODY {}
2021-08-18 10:21:30 info: PARAM {"0":"userinfo/1112482398"} | BODY {}
2021-08-18 10:21:30 info: ::ffff:127.0.0.1 - - [18/Aug/2021:01:21:30 +0000] "POST /api/kakao/getinfo HTTP/1.1" 200 122 "http://localhost:3000/Home/1112482398/%EB%B0%95%EB%AF%BC%EB%91%A5/8" "Mozilla/5.0 (Linux; Android 5.0; SM-G900P Build/LRX21T) AppleWebKit/537.36 (KHTML, like Gecko) Chrome/92.0.4515.131 Mobile Safari/537.36"

2021-08-18 10:21:30 info: PARAM {"0":"image/1112482398/gallery"} | BODY {}
2021-08-18 10:22:00 info: PARAM {"0":"video/1112482398/박민둥/8"} | BODY {}
2021-08-18 10:22:00 info: PARAM {"0":"image/1112482398/main"} | BODY {}
2021-08-18 10:22:00 info: PARAM {"0":"image/1112482398/gallery"} | BODY {}
2021-08-18 10:22:00 info: PARAM {"0":"userinfo/1112482398"} | BODY {}
2021-08-18 10:22:00 info: PARAM {"0":"memo/1112482398"} | BODY {}
2021-08-18 10:22:01 info: PARAM {"0":"kakao/getinfo"} | BODY {}
2021-08-18 10:22:01 info: PARAM {"0":"image/1112482398/gallery"} | BODY {}
2021-08-18 10:22:01 info: ::ffff:127.0.0.1 - - [18/Aug/2021:01:22:01 +0000] "POST /api/kakao/getinfo HTTP/1.1" 200 122 "http://localhost:3000/Home/1112482398/%EB%B0%95%EB%AF%BC%EB%91%A5/8" "Mozilla/5.0 (Linux; Android 5.0; SM-G900P Build/LRX21T) AppleWebKit/537.36 (KHTML, like Gecko) Chrome/92.0.4515.131 Mobile Safari/537.36"

2021-08-18 10:22:16 info: PARAM {"0":"kakao/getinfo"} | BODY {}
2021-08-18 10:22:16 info: PARAM {"0":"image/1112482398/gallery"} | BODY {}
2021-08-18 10:22:16 info: PARAM {"0":"video/1112482398/박민둥/8"} | BODY {}
2021-08-18 10:22:16 info: PARAM {"0":"image/1112482398/main"} | BODY {}
2021-08-18 10:22:16 info: PARAM {"0":"userinfo/1112482398"} | BODY {}
2021-08-18 10:22:16 info: ::ffff:127.0.0.1 - - [18/Aug/2021:01:22:16 +0000] "POST /api/kakao/getinfo HTTP/1.1" 200 122 "http://localhost:3000/Home/1112482398/%EB%B0%95%EB%AF%BC%EB%91%A5/8" "Mozilla/5.0 (Linux; Android 5.0; SM-G900P Build/LRX21T) AppleWebKit/537.36 (KHTML, like Gecko) Chrome/92.0.4515.131 Mobile Safari/537.36"

2021-08-18 10:22:16 info: PARAM {"0":"memo/1112482398"} | BODY {}
2021-08-18 10:22:16 info: PARAM {"0":"image/1112482398/gallery"} | BODY {}
2021-08-18 10:22:51 info: PARAM {"0":"image/1112482398/main"} | BODY {}
2021-08-18 10:22:51 info: PARAM {"0":"video/1112482398/박민둥/8"} | BODY {}
2021-08-18 10:22:51 info: PARAM {"0":"image/1112482398/gallery"} | BODY {}
2021-08-18 10:22:51 info: PARAM {"0":"kakao/getinfo"} | BODY {}
2021-08-18 10:22:51 info: PARAM {"0":"userinfo/1112482398"} | BODY {}
2021-08-18 10:22:51 info: PARAM {"0":"memo/1112482398"} | BODY {}
2021-08-18 10:22:51 info: ::ffff:127.0.0.1 - - [18/Aug/2021:01:22:51 +0000] "POST /api/kakao/getinfo HTTP/1.1" 200 122 "http://localhost:3000/Home/1112482398/%EB%B0%95%EB%AF%BC%EB%91%A5/8" "Mozilla/5.0 (Linux; Android 5.0; SM-G900P Build/LRX21T) AppleWebKit/537.36 (KHTML, like Gecko) Chrome/92.0.4515.131 Mobile Safari/537.36"

2021-08-18 10:22:51 info: PARAM {"0":"image/1112482398/gallery"} | BODY {}
2021-08-18 10:22:58 info: PARAM {"0":"image/1112482398/main"} | BODY {}
2021-08-18 10:22:58 info: PARAM {"0":"video/1112482398/박민둥/8"} | BODY {}
2021-08-18 10:22:58 info: PARAM {"0":"image/1112482398/gallery"} | BODY {}
2021-08-18 10:22:59 info: PARAM {"0":"kakao/getinfo"} | BODY {}
2021-08-18 10:22:59 info: PARAM {"0":"memo/1112482398"} | BODY {}
2021-08-18 10:22:59 info: PARAM {"0":"userinfo/1112482398"} | BODY {}
2021-08-18 10:22:59 info: ::ffff:127.0.0.1 - - [18/Aug/2021:01:22:59 +0000] "POST /api/kakao/getinfo HTTP/1.1" 200 122 "http://localhost:3000/Home/1112482398/%EB%B0%95%EB%AF%BC%EB%91%A5/8" "Mozilla/5.0 (Linux; Android 5.0; SM-G900P Build/LRX21T) AppleWebKit/537.36 (KHTML, like Gecko) Chrome/92.0.4515.131 Mobile Safari/537.36"

2021-08-18 10:22:59 info: PARAM {"0":"image/1112482398/gallery"} | BODY {}
2021-08-18 10:23:49 info: PARAM {"0":"video/1112482398/박민둥/8"} | BODY {}
2021-08-18 10:23:49 info: PARAM {"0":"image/1112482398/main"} | BODY {}
2021-08-18 10:23:49 info: PARAM {"0":"image/1112482398/gallery"} | BODY {}
2021-08-18 10:23:49 info: PARAM {"0":"kakao/getinfo"} | BODY {}
2021-08-18 10:23:49 info: PARAM {"0":"userinfo/1112482398"} | BODY {}
2021-08-18 10:23:49 info: PARAM {"0":"memo/1112482398"} | BODY {}
2021-08-18 10:23:49 info: ::ffff:127.0.0.1 - - [18/Aug/2021:01:23:49 +0000] "POST /api/kakao/getinfo HTTP/1.1" 200 122 "http://localhost:3000/Home/1112482398/%EB%B0%95%EB%AF%BC%EB%91%A5/8" "Mozilla/5.0 (Linux; Android 5.0; SM-G900P Build/LRX21T) AppleWebKit/537.36 (KHTML, like Gecko) Chrome/92.0.4515.131 Mobile Safari/537.36"

2021-08-18 10:23:49 info: PARAM {"0":"image/1112482398/gallery"} | BODY {}
2021-08-18 10:51:18 info: PARAM {"0":"kakao/getinfo"} | BODY {}
2021-08-18 10:51:18 info: PARAM {"0":"userinfo/1112482398"} | BODY {}
2021-08-18 10:51:18 info: PARAM {"0":"image/1112482398/main"} | BODY {}
2021-08-18 10:51:18 info: PARAM {"0":"image/1112482398/gallery"} | BODY {}
2021-08-18 10:51:18 info: PARAM {"0":"video/1112482398/박민둥/8"} | BODY {}
2021-08-18 10:51:18 info: ::ffff:127.0.0.1 - - [18/Aug/2021:01:51:18 +0000] "POST /api/kakao/getinfo HTTP/1.1" 200 122 "http://localhost:3000/Home/1112482398/%EB%B0%95%EB%AF%BC%EB%91%A5/8" "Mozilla/5.0 (Linux; Android 5.0; SM-G900P Build/LRX21T) AppleWebKit/537.36 (KHTML, like Gecko) Chrome/92.0.4515.131 Mobile Safari/537.36"

2021-08-18 10:51:18 info: PARAM {"0":"memo/1112482398"} | BODY {}
2021-08-18 10:51:18 info: PARAM {"0":"image/1112482398/gallery"} | BODY {}
2021-08-18 10:51:39 info: PARAM {"0":"kakao/getinfo"} | BODY {}
2021-08-18 10:51:39 info: PARAM {"0":"userinfo/1112482398"} | BODY {}
2021-08-18 10:51:39 info: PARAM {"0":"image/1112482398/main"} | BODY {}
2021-08-18 10:51:39 info: PARAM {"0":"image/1112482398/gallery"} | BODY {}
2021-08-18 10:51:39 info: PARAM {"0":"video/1112482398/박민둥/8"} | BODY {}
2021-08-18 10:51:39 info: PARAM {"0":"memo/1112482398"} | BODY {}
2021-08-18 10:51:39 info: ::ffff:127.0.0.1 - - [18/Aug/2021:01:51:39 +0000] "POST /api/kakao/getinfo HTTP/1.1" 200 122 "http://localhost:3000/Home/1112482398/%EB%B0%95%EB%AF%BC%EB%91%A5/8" "Mozilla/5.0 (Linux; Android 5.0; SM-G900P Build/LRX21T) AppleWebKit/537.36 (KHTML, like Gecko) Chrome/92.0.4515.131 Mobile Safari/537.36"

2021-08-18 10:51:39 info: PARAM {"0":"image/1112482398/gallery"} | BODY {}
2021-08-18 10:51:50 info: PARAM {"0":"image/1112482398/gallery"} | BODY {}
2021-08-18 10:51:50 info: PARAM {"0":"video/1112482398/박민둥/8"} | BODY {}
2021-08-18 10:51:50 info: PARAM {"0":"image/1112482398/main"} | BODY {}
2021-08-18 10:51:50 info: PARAM {"0":"userinfo/1112482398"} | BODY {}
2021-08-18 10:51:50 info: PARAM {"0":"kakao/getinfo"} | BODY {}
2021-08-18 10:51:51 info: PARAM {"0":"memo/1112482398"} | BODY {}
2021-08-18 10:51:51 info: ::ffff:127.0.0.1 - - [18/Aug/2021:01:51:51 +0000] "POST /api/kakao/getinfo HTTP/1.1" 200 122 "http://localhost:3000/Home/1112482398/%EB%B0%95%EB%AF%BC%EB%91%A5/8" "Mozilla/5.0 (Linux; Android 5.0; SM-G900P Build/LRX21T) AppleWebKit/537.36 (KHTML, like Gecko) Chrome/92.0.4515.131 Mobile Safari/537.36"

2021-08-18 10:51:51 info: PARAM {"0":"image/1112482398/gallery"} | BODY {}
2021-08-18 10:52:07 info: PARAM {"0":"kakao/getinfo"} | BODY {}
2021-08-18 10:52:07 info: PARAM {"0":"image/1112482398/main"} | BODY {}
2021-08-18 10:52:07 info: PARAM {"0":"userinfo/1112482398"} | BODY {}
2021-08-18 10:52:07 info: PARAM {"0":"image/1112482398/gallery"} | BODY {}
2021-08-18 10:52:07 info: PARAM {"0":"video/1112482398/박민둥/8"} | BODY {}
2021-08-18 10:52:08 info: PARAM {"0":"memo/1112482398"} | BODY {}
2021-08-18 10:52:08 info: ::ffff:127.0.0.1 - - [18/Aug/2021:01:52:08 +0000] "POST /api/kakao/getinfo HTTP/1.1" 200 122 "http://localhost:3000/Home/1112482398/%EB%B0%95%EB%AF%BC%EB%91%A5/8" "Mozilla/5.0 (Linux; Android 5.0; SM-G900P Build/LRX21T) AppleWebKit/537.36 (KHTML, like Gecko) Chrome/92.0.4515.131 Mobile Safari/537.36"

2021-08-18 10:52:08 info: PARAM {"0":"image/1112482398/gallery"} | BODY {}
2021-08-18 11:01:25 info: PARAM {"0":"video/1112482398/박민둥/8"} | BODY {}
2021-08-18 11:01:25 info: PARAM {"0":"image/1112482398/gallery"} | BODY {}
2021-08-18 11:01:25 info: PARAM {"0":"image/1112482398/main"} | BODY {}
2021-08-18 11:01:25 info: PARAM {"0":"userinfo/1112482398"} | BODY {}
2021-08-18 11:01:25 info: PARAM {"0":"kakao/getinfo"} | BODY {}
2021-08-18 11:01:25 info: PARAM {"0":"memo/1112482398"} | BODY {}
2021-08-18 11:01:26 info: PARAM {"0":"image/1112482398/gallery"} | BODY {}
2021-08-18 11:01:26 info: ::ffff:127.0.0.1 - - [18/Aug/2021:02:01:26 +0000] "POST /api/kakao/getinfo HTTP/1.1" 200 122 "http://localhost:3000/Home/1112482398/%EB%B0%95%EB%AF%BC%EB%91%A5/8" "Mozilla/5.0 (Linux; Android 5.0; SM-G900P Build/LRX21T) AppleWebKit/537.36 (KHTML, like Gecko) Chrome/92.0.4515.131 Mobile Safari/537.36"

2021-08-18 11:01:45 info: PARAM {"0":"kakao/getinfo"} | BODY {}
2021-08-18 11:01:45 info: PARAM {"0":"image/1112482398/gallery"} | BODY {}
2021-08-18 11:01:45 info: PARAM {"0":"image/1112482398/main"} | BODY {}
2021-08-18 11:01:45 info: PARAM {"0":"userinfo/1112482398"} | BODY {}
2021-08-18 11:01:45 info: ::ffff:127.0.0.1 - - [18/Aug/2021:02:01:45 +0000] "POST /api/kakao/getinfo HTTP/1.1" 200 122 "http://localhost:3000/Main" "Mozilla/5.0 (Windows NT 10.0; Win64; x64) AppleWebKit/537.36 (KHTML, like Gecko) Chrome/92.0.4515.131 Safari/537.36"

2021-08-18 11:02:42 info: PARAM {"0":"kakao/getinfo"} | BODY {}
2021-08-18 11:02:42 info: PARAM {"0":"userinfo/1112482398"} | BODY {}
2021-08-18 11:02:42 info: PARAM {"0":"image/1112482398/gallery"} | BODY {}
2021-08-18 11:02:42 info: PARAM {"0":"image/1112482398/main"} | BODY {}
2021-08-18 11:02:42 info: ::ffff:127.0.0.1 - - [18/Aug/2021:02:02:42 +0000] "POST /api/kakao/getinfo HTTP/1.1" 200 122 "http://localhost:3000/Main" "Mozilla/5.0 (Linux; Android 5.0; SM-G900P Build/LRX21T) AppleWebKit/537.36 (KHTML, like Gecko) Chrome/92.0.4515.131 Mobile Safari/537.36"

2021-08-18 11:02:42 info: PARAM {"0":"video/1112482398/박민둥/8"} | BODY {}
2021-08-18 11:02:42 info: PARAM {"0":"image/1112482398/main"} | BODY {}
2021-08-18 11:02:43 info: PARAM {"0":"kakao/getinfo"} | BODY {}
2021-08-18 11:02:43 info: PARAM {"0":"image/1112482398/gallery"} | BODY {}
2021-08-18 11:02:43 info: PARAM {"0":"userinfo/1112482398"} | BODY {}
2021-08-18 11:02:43 info: ::ffff:127.0.0.1 - - [18/Aug/2021:02:02:43 +0000] "POST /api/kakao/getinfo HTTP/1.1" 200 122 "http://localhost:3000/Home/1112482398/%EB%B0%95%EB%AF%BC%EB%91%A5/8" "Mozilla/5.0 (Linux; Android 5.0; SM-G900P Build/LRX21T) AppleWebKit/537.36 (KHTML, like Gecko) Chrome/92.0.4515.131 Mobile Safari/537.36"

2021-08-18 11:02:43 info: PARAM {"0":"memo/1112482398"} | BODY {}
2021-08-18 11:02:43 info: PARAM {"0":"image/1112482398/gallery"} | BODY {}
