2019-07-15 09:37:52 info: Check out the app at http://localhost:4000
2019-07-15 09:37:53 info: Connected to mongodb server
2019-07-15 13:10:23 info: PARAM {"0":"kakao/"} | BODY {"code":"GDPqXsT5MCQ_DI2PSBBInsME8XDZ74MtDHrvmxrvf4i_qCQlA6JiwXELO7JUUdF6SAZZ_QopyNoAAAFr89L7CA"}
2019-07-15 13:10:23 info: ::ffff:127.0.0.1 - - [15/Jul/2019:04:10:23 +0000] "POST /api/kakao/ HTTP/1.1" - - "http://localhost:3000/oauth?code=GDPqXsT5MCQ_DI2PSBBInsME8XDZ74MtDHrvmxrvf4i_qCQlA6JiwXELO7JUUdF6SAZZ_QopyNoAAAFr89L7CA" "Mozilla/5.0 (Linux; Android 5.0; SM-G900P Build/LRX21T) AppleWebKit/537.36 (KHTML, like Gecko) Chrome/75.0.3770.100 Mobile Safari/537.36"

2019-07-15 13:10:23 info: PARAM {"0":"kakao/"} | BODY {"code":"GDPqXsT5MCQ_DI2PSBBInsME8XDZ74MtDHrvmxrvf4i_qCQlA6JiwXELO7JUUdF6SAZZ_QopyNoAAAFr89L7CA"}
2019-07-15 13:10:23 error: {"error":"invalid_grant","error_description":"authorization code not found for code=GDPqXsT5MCQ_DI2PSBBInsME8XDZ74MtDHrvmxrvf4i_qCQlA6JiwXELO7JUUdF6SAZZ_QopyNoAAAFr89L7CA"}
2019-07-15 13:10:23 info: ::ffff:127.0.0.1 - - [15/Jul/2019:04:10:23 +0000] "POST /api/kakao/ HTTP/1.1" - - "http://localhost:3000/oauth?code=GDPqXsT5MCQ_DI2PSBBInsME8XDZ74MtDHrvmxrvf4i_qCQlA6JiwXELO7JUUdF6SAZZ_QopyNoAAAFr89L7CA" "Mozilla/5.0 (Linux; Android 5.0; SM-G900P Build/LRX21T) AppleWebKit/537.36 (KHTML, like Gecko) Chrome/75.0.3770.100 Mobile Safari/537.36"

2019-07-15 13:10:23 info: PARAM {"0":"kakao/"} | BODY {"code":"LJbYZ8htkx33DTKHQ4HdwL7nLfcM4uSRK3HtTeAthUv0yUuuTlGVKekh2a_jCe54IHhivAopyNoAAAFr89MN0w"}
2019-07-15 13:10:23 info: ::ffff:127.0.0.1 - - [15/Jul/2019:04:10:23 +0000] "POST /api/kakao/ HTTP/1.1" 200 267 "http://localhost:3000/oauth?code=LJbYZ8htkx33DTKHQ4HdwL7nLfcM4uSRK3HtTeAthUv0yUuuTlGVKekh2a_jCe54IHhivAopyNoAAAFr89MN0w" "Mozilla/5.0 (Linux; Android 5.0; SM-G900P Build/LRX21T) AppleWebKit/537.36 (KHTML, like Gecko) Chrome/75.0.3770.100 Mobile Safari/537.36"

2019-07-15 13:10:23 info: PARAM {"0":"kakao/me"} | BODY {"token":"iVQPGvKsv1_-JHP7TcapjsqEjk1_K3HPWP0FRgorDNIAAAFr89MPCg"}
2019-07-15 13:10:24 info: ::ffff:127.0.0.1 - - [15/Jul/2019:04:10:24 +0000] "POST /api/kakao/me HTTP/1.1" 200 146 "http://localhost:3000/oauth?code=LJbYZ8htkx33DTKHQ4HdwL7nLfcM4uSRK3HtTeAthUv0yUuuTlGVKekh2a_jCe54IHhivAopyNoAAAFr89MN0w" "Mozilla/5.0 (Linux; Android 5.0; SM-G900P Build/LRX21T) AppleWebKit/537.36 (KHTML, like Gecko) Chrome/75.0.3770.100 Mobile Safari/537.36"

2019-07-15 13:10:24 info: PARAM {"0":"kakao/getinfo"} | BODY {}
2019-07-15 13:10:24 info: ::ffff:127.0.0.1 - - [15/Jul/2019:04:10:24 +0000] "POST /api/kakao/getinfo HTTP/1.1" 200 155 "http://localhost:3000/" "Mozilla/5.0 (Linux; Android 5.0; SM-G900P Build/LRX21T) AppleWebKit/537.36 (KHTML, like Gecko) Chrome/75.0.3770.100 Mobile Safari/537.36"

2019-07-15 13:10:24 info: PARAM {"0":"image/1112482398/gallery"} | BODY {}
2019-07-15 13:10:24 info: PARAM {"0":"image/1112482398/grid"} | BODY {}
2019-07-15 13:10:24 info: PARAM {"0":"memo/1112482398"} | BODY {}
2019-07-15 13:10:27 info: PARAM {"0":"kakao/getinfo"} | BODY {}
2019-07-15 13:10:27 info: ::ffff:127.0.0.1 - - [15/Jul/2019:04:10:27 +0000] "POST /api/kakao/getinfo HTTP/1.1" 200 155 "http://localhost:3000/" "Mozilla/5.0 (Linux; Android 5.0; SM-G900P Build/LRX21T) AppleWebKit/537.36 (KHTML, like Gecko) Chrome/75.0.3770.100 Mobile Safari/537.36"

2019-07-15 13:10:27 info: PARAM {"0":"image/1112482398/gallery"} | BODY {}
2019-07-15 13:10:27 info: PARAM {"0":"image/1112482398/grid"} | BODY {}
2019-07-15 13:10:27 info: PARAM {"0":"memo/1112482398"} | BODY {}
2019-07-15 13:10:46 info: PARAM {"0":"kakao/logout"} | BODY {"token":"iVQPGvKsv1_-JHP7TcapjsqEjk1_K3HPWP0FRgorDNIAAAFr89MPCg"}
2019-07-15 13:10:46 info: ::ffff:127.0.0.1 - - [15/Jul/2019:04:10:46 +0000] "POST /api/kakao/logout HTTP/1.1" 200 17 "http://localhost:3000/" "Mozilla/5.0 (Linux; Android 5.0; SM-G900P Build/LRX21T) AppleWebKit/537.36 (KHTML, like Gecko) Chrome/75.0.3770.100 Mobile Safari/537.36"

2019-07-15 15:10:26 info: PARAM {"0":"kakao/"} | BODY {"code":"QtuGQjNmIA-pW6bS5oayYsas2xId3nGHNZ1Hcm1_I6eHj-3zyJOQAuxheKX4bsr0_9YKcQo9dJkAAAFr9EDyZQ"}
2019-07-15 15:10:26 info: ::ffff:127.0.0.1 - - [15/Jul/2019:06:10:26 +0000] "POST /api/kakao/ HTTP/1.1" 200 267 "http://localhost:3000/oauth?code=QtuGQjNmIA-pW6bS5oayYsas2xId3nGHNZ1Hcm1_I6eHj-3zyJOQAuxheKX4bsr0_9YKcQo9dJkAAAFr9EDyZQ" "Mozilla/5.0 (Linux; Android 5.0; SM-G900P Build/LRX21T) AppleWebKit/537.36 (KHTML, like Gecko) Chrome/75.0.3770.100 Mobile Safari/537.36"

2019-07-15 15:10:26 info: PARAM {"0":"kakao/me"} | BODY {"token":"OzqgZw1e8qe4ThmyDYMSscV3uxU-003JUgsKBgo9dJcAAAFr9ED1EA"}
2019-07-15 15:10:26 info: ::ffff:127.0.0.1 - - [15/Jul/2019:06:10:26 +0000] "POST /api/kakao/me HTTP/1.1" 200 146 "http://localhost:3000/oauth?code=QtuGQjNmIA-pW6bS5oayYsas2xId3nGHNZ1Hcm1_I6eHj-3zyJOQAuxheKX4bsr0_9YKcQo9dJkAAAFr9EDyZQ" "Mozilla/5.0 (Linux; Android 5.0; SM-G900P Build/LRX21T) AppleWebKit/537.36 (KHTML, like Gecko) Chrome/75.0.3770.100 Mobile Safari/537.36"

2019-07-15 15:10:26 info: PARAM {"0":"kakao/getinfo"} | BODY {}
2019-07-15 15:10:26 info: ::ffff:127.0.0.1 - - [15/Jul/2019:06:10:26 +0000] "POST /api/kakao/getinfo HTTP/1.1" 200 155 "http://localhost:3000/" "Mozilla/5.0 (Linux; Android 5.0; SM-G900P Build/LRX21T) AppleWebKit/537.36 (KHTML, like Gecko) Chrome/75.0.3770.100 Mobile Safari/537.36"

2019-07-15 15:10:26 info: PARAM {"0":"image/1112482398/gallery"} | BODY {}
2019-07-15 15:10:26 info: PARAM {"0":"image/1112482398/grid"} | BODY {}
2019-07-15 15:10:26 info: PARAM {"0":"memo/1112482398"} | BODY {}
2019-07-15 15:10:31 info: PARAM {"0":"kakao/getinfo"} | BODY {}
2019-07-15 15:10:31 info: ::ffff:127.0.0.1 - - [15/Jul/2019:06:10:31 +0000] "POST /api/kakao/getinfo HTTP/1.1" 200 155 "http://localhost:3000/" "Mozilla/5.0 (Linux; Android 5.0; SM-G900P Build/LRX21T) AppleWebKit/537.36 (KHTML, like Gecko) Chrome/75.0.3770.100 Mobile Safari/537.36"

2019-07-15 15:10:32 info: PARAM {"0":"image/1112482398/gallery"} | BODY {}
2019-07-15 15:10:32 info: PARAM {"0":"image/1112482398/grid"} | BODY {}
2019-07-15 15:10:32 info: PARAM {"0":"memo/1112482398"} | BODY {}
2019-07-15 15:10:56 info: PARAM {"0":"memo/"} | BODY {"username":"4455","password":"","contents":"www","enterid":1112482398}
2019-07-15 15:10:56 info: ::ffff:127.0.0.1 - - [15/Jul/2019:06:10:56 +0000] "POST /api/memo/ HTTP/1.1" 400 33 "http://localhost:3000/" "Mozilla/5.0 (Linux; Android 5.0; SM-G900P Build/LRX21T) AppleWebKit/537.36 (KHTML, like Gecko) Chrome/75.0.3770.100 Mobile Safari/537.36"

2019-07-15 15:10:58 info: PARAM {"0":"memo/"} | BODY {"username":"4455","password":"44","contents":"www","enterid":1112482398}
2019-07-15 15:10:58 info: ::ffff:127.0.0.1 - - [15/Jul/2019:06:10:58 +0000] "POST /api/memo/ HTTP/1.1" 200 16 "http://localhost:3000/" "Mozilla/5.0 (Linux; Android 5.0; SM-G900P Build/LRX21T) AppleWebKit/537.36 (KHTML, like Gecko) Chrome/75.0.3770.100 Mobile Safari/537.36"

2019-07-15 15:10:59 info: PARAM {"0":"memo/1112482398"} | BODY {}
2019-07-15 15:10:59 info: ::ffff:127.0.0.1 - - [15/Jul/2019:06:10:59 +0000] "GET /api/memo/1112482398 HTTP/1.1" 200 3008 "http://localhost:3000/" "Mozilla/5.0 (Linux; Android 5.0; SM-G900P Build/LRX21T) AppleWebKit/537.36 (KHTML, like Gecko) Chrome/75.0.3770.100 Mobile Safari/537.36"

2019-07-15 15:11:02 info: PARAM {"0":"memo/"} | BODY {"username":"","password":"rr","contents":"rrr","enterid":1112482398}
2019-07-15 15:11:02 info: ::ffff:127.0.0.1 - - [15/Jul/2019:06:11:02 +0000] "POST /api/memo/ HTTP/1.1" 400 33 "http://localhost:3000/" "Mozilla/5.0 (Linux; Android 5.0; SM-G900P Build/LRX21T) AppleWebKit/537.36 (KHTML, like Gecko) Chrome/75.0.3770.100 Mobile Safari/537.36"

2019-07-15 15:11:05 info: PARAM {"0":"memo/"} | BODY {"username":"rr","password":"rr","contents":"rrr","enterid":1112482398}
2019-07-15 15:11:05 info: ::ffff:127.0.0.1 - - [15/Jul/2019:06:11:05 +0000] "POST /api/memo/ HTTP/1.1" 200 16 "http://localhost:3000/" "Mozilla/5.0 (Linux; Android 5.0; SM-G900P Build/LRX21T) AppleWebKit/537.36 (KHTML, like Gecko) Chrome/75.0.3770.100 Mobile Safari/537.36"

2019-07-15 15:11:05 info: PARAM {"0":"memo/1112482398"} | BODY {}
2019-07-15 15:11:05 info: ::ffff:127.0.0.1 - - [15/Jul/2019:06:11:05 +0000] "GET /api/memo/1112482398 HTTP/1.1" 200 3279 "http://localhost:3000/" "Mozilla/5.0 (Linux; Android 5.0; SM-G900P Build/LRX21T) AppleWebKit/537.36 (KHTML, like Gecko) Chrome/75.0.3770.100 Mobile Safari/537.36"

2019-07-15 15:11:06 info: PARAM {"0":"kakao/getinfo"} | BODY {}
2019-07-15 15:11:07 info: ::ffff:127.0.0.1 - - [15/Jul/2019:06:11:07 +0000] "POST /api/kakao/getinfo HTTP/1.1" 200 155 "http://localhost:3000/" "Mozilla/5.0 (Linux; Android 5.0; SM-G900P Build/LRX21T) AppleWebKit/537.36 (KHTML, like Gecko) Chrome/75.0.3770.100 Mobile Safari/537.36"

2019-07-15 15:11:07 info: PARAM {"0":"image/1112482398/gallery"} | BODY {}
2019-07-15 15:11:07 info: PARAM {"0":"image/1112482398/grid"} | BODY {}
2019-07-15 15:11:07 info: PARAM {"0":"memo/1112482398"} | BODY {}
2019-07-15 15:12:05 info: PARAM {"0":"kakao/logout"} | BODY {"token":"OzqgZw1e8qe4ThmyDYMSscV3uxU-003JUgsKBgo9dJcAAAFr9ED1EA"}
2019-07-15 15:12:05 info: ::ffff:127.0.0.1 - - [15/Jul/2019:06:12:05 +0000] "POST /api/kakao/logout HTTP/1.1" 200 17 "http://localhost:3000/" "Mozilla/5.0 (Linux; Android 5.0; SM-G900P Build/LRX21T) AppleWebKit/537.36 (KHTML, like Gecko) Chrome/75.0.3770.100 Mobile Safari/537.36"

2019-07-15 17:36:29 info: PARAM {"0":"kakao/"} | BODY {"code":"gSBJrwvFENe_OitkBKhKK3qU8za1RGBFRAPeukdaesGiSIe2nDD37LA2JgXxJ7-O7BD-swo9dVwAAAFr9Maq1w"}
2019-07-15 17:36:29 info: ::ffff:127.0.0.1 - - [15/Jul/2019:08:36:29 +0000] "POST /api/kakao/ HTTP/1.1" 200 267 "http://localhost:3000/oauth?code=gSBJrwvFENe_OitkBKhKK3qU8za1RGBFRAPeukdaesGiSIe2nDD37LA2JgXxJ7-O7BD-swo9dVwAAAFr9Maq1w" "Mozilla/5.0 (Linux; Android 5.0; SM-G900P Build/LRX21T) AppleWebKit/537.36 (KHTML, like Gecko) Chrome/75.0.3770.100 Mobile Safari/537.36"

2019-07-15 17:36:29 info: PARAM {"0":"kakao/me"} | BODY {"token":"nSDDwtoAkr-KOdEjdsPBjlttJTuKLu_Z-XhzOgo9dNsAAAFr9MasoQ"}
2019-07-15 17:36:29 info: ::ffff:127.0.0.1 - - [15/Jul/2019:08:36:29 +0000] "POST /api/kakao/me HTTP/1.1" 200 146 "http://localhost:3000/oauth?code=gSBJrwvFENe_OitkBKhKK3qU8za1RGBFRAPeukdaesGiSIe2nDD37LA2JgXxJ7-O7BD-swo9dVwAAAFr9Maq1w" "Mozilla/5.0 (Linux; Android 5.0; SM-G900P Build/LRX21T) AppleWebKit/537.36 (KHTML, like Gecko) Chrome/75.0.3770.100 Mobile Safari/537.36"

2019-07-15 17:36:29 info: PARAM {"0":"kakao/getinfo"} | BODY {}
2019-07-15 17:36:29 info: ::ffff:127.0.0.1 - - [15/Jul/2019:08:36:29 +0000] "POST /api/kakao/getinfo HTTP/1.1" 200 155 "http://localhost:3000/" "Mozilla/5.0 (Linux; Android 5.0; SM-G900P Build/LRX21T) AppleWebKit/537.36 (KHTML, like Gecko) Chrome/75.0.3770.100 Mobile Safari/537.36"

2019-07-15 17:36:29 info: PARAM {"0":"image/1112482398/gallery"} | BODY {}
2019-07-15 17:36:29 info: PARAM {"0":"image/1112482398/grid"} | BODY {}
2019-07-15 17:36:29 info: PARAM {"0":"memo/1112482398"} | BODY {}
2019-07-15 17:36:55 info: PARAM {"0":"kakao/getinfo"} | BODY {}
2019-07-15 17:36:55 info: ::ffff:127.0.0.1 - - [15/Jul/2019:08:36:55 +0000] "POST /api/kakao/getinfo HTTP/1.1" 200 155 "http://localhost:3000/" "Mozilla/5.0 (Linux; Android 5.0; SM-G900P Build/LRX21T) AppleWebKit/537.36 (KHTML, like Gecko) Chrome/75.0.3770.100 Mobile Safari/537.36"

2019-07-15 17:36:55 info: PARAM {"0":"image/1112482398/gallery"} | BODY {}
2019-07-15 17:36:55 info: PARAM {"0":"image/1112482398/grid"} | BODY {}
2019-07-15 17:36:55 info: PARAM {"0":"memo/1112482398"} | BODY {}
2019-07-15 17:36:58 info: PARAM {"0":"kakao/getinfo"} | BODY {}
2019-07-15 17:36:58 info: ::ffff:127.0.0.1 - - [15/Jul/2019:08:36:58 +0000] "POST /api/kakao/getinfo HTTP/1.1" 200 155 "http://localhost:3000/" "Mozilla/5.0 (Linux; Android 5.0; SM-G900P Build/LRX21T) AppleWebKit/537.36 (KHTML, like Gecko) Chrome/75.0.3770.100 Mobile Safari/537.36"

2019-07-15 17:36:58 info: PARAM {"0":"image/1112482398/gallery"} | BODY {}
2019-07-15 17:36:58 info: PARAM {"0":"image/1112482398/grid"} | BODY {}
2019-07-15 17:36:58 info: PARAM {"0":"memo/1112482398"} | BODY {}
2019-07-15 17:41:54 info: PARAM {"0":"kakao/getinfo"} | BODY {}
2019-07-15 17:41:54 info: ::ffff:127.0.0.1 - - [15/Jul/2019:08:41:54 +0000] "POST /api/kakao/getinfo HTTP/1.1" 200 155 "http://localhost:3000/" "Mozilla/5.0 (Linux; Android 5.0; SM-G900P Build/LRX21T) AppleWebKit/537.36 (KHTML, like Gecko) Chrome/75.0.3770.100 Mobile Safari/537.36"

2019-07-15 17:41:54 info: PARAM {"0":"image/1112482398/gallery"} | BODY {}
2019-07-15 17:41:54 info: PARAM {"0":"image/1112482398/grid"} | BODY {}
2019-07-15 17:41:54 info: PARAM {"0":"memo/1112482398"} | BODY {}
2019-07-15 17:42:29 info: PARAM {"0":"kakao/getinfo"} | BODY {}
2019-07-15 17:42:29 info: ::ffff:127.0.0.1 - - [15/Jul/2019:08:42:29 +0000] "POST /api/kakao/getinfo HTTP/1.1" 200 155 "http://localhost:3000/" "Mozilla/5.0 (Linux; Android 5.0; SM-G900P Build/LRX21T) AppleWebKit/537.36 (KHTML, like Gecko) Chrome/75.0.3770.100 Mobile Safari/537.36"

2019-07-15 17:42:29 info: PARAM {"0":"image/1112482398/gallery"} | BODY {}
2019-07-15 17:42:29 info: PARAM {"0":"image/1112482398/grid"} | BODY {}
2019-07-15 17:42:29 info: PARAM {"0":"memo/1112482398"} | BODY {}
2019-07-15 17:43:05 info: PARAM {"0":"kakao/getinfo"} | BODY {}
2019-07-15 17:43:05 info: ::ffff:127.0.0.1 - - [15/Jul/2019:08:43:05 +0000] "POST /api/kakao/getinfo HTTP/1.1" 200 155 "http://localhost:3000/" "Mozilla/5.0 (Linux; Android 5.0; SM-G900P Build/LRX21T) AppleWebKit/537.36 (KHTML, like Gecko) Chrome/75.0.3770.100 Mobile Safari/537.36"

2019-07-15 17:43:05 info: PARAM {"0":"image/1112482398/gallery"} | BODY {}
2019-07-15 17:43:05 info: PARAM {"0":"image/1112482398/grid"} | BODY {}
2019-07-15 17:43:05 info: PARAM {"0":"memo/1112482398"} | BODY {}
2019-07-15 17:43:11 info: PARAM {"0":"kakao/getinfo"} | BODY {}
2019-07-15 17:43:11 info: ::ffff:127.0.0.1 - - [15/Jul/2019:08:43:11 +0000] "POST /api/kakao/getinfo HTTP/1.1" 200 155 "http://localhost:3000/" "Mozilla/5.0 (Linux; Android 5.0; SM-G900P Build/LRX21T) AppleWebKit/537.36 (KHTML, like Gecko) Chrome/75.0.3770.100 Mobile Safari/537.36"

2019-07-15 17:43:11 info: PARAM {"0":"image/1112482398/gallery"} | BODY {}
2019-07-15 17:43:11 info: PARAM {"0":"image/1112482398/grid"} | BODY {}
2019-07-15 17:43:11 info: PARAM {"0":"memo/1112482398"} | BODY {}
2019-07-15 17:43:29 info: PARAM {"0":"kakao/getinfo"} | BODY {}
2019-07-15 17:43:29 info: ::ffff:127.0.0.1 - - [15/Jul/2019:08:43:29 +0000] "POST /api/kakao/getinfo HTTP/1.1" 200 155 "http://localhost:3000/" "Mozilla/5.0 (Linux; Android 5.0; SM-G900P Build/LRX21T) AppleWebKit/537.36 (KHTML, like Gecko) Chrome/75.0.3770.100 Mobile Safari/537.36"

2019-07-15 17:43:29 info: PARAM {"0":"image/1112482398/gallery"} | BODY {}
2019-07-15 17:43:29 info: PARAM {"0":"image/1112482398/grid"} | BODY {}
2019-07-15 17:43:29 info: PARAM {"0":"memo/1112482398"} | BODY {}
2019-07-15 17:43:36 info: PARAM {"0":"kakao/getinfo"} | BODY {}
2019-07-15 17:43:36 info: ::ffff:127.0.0.1 - - [15/Jul/2019:08:43:36 +0000] "POST /api/kakao/getinfo HTTP/1.1" 200 155 "http://localhost:3000/" "Mozilla/5.0 (Linux; Android 5.0; SM-G900P Build/LRX21T) AppleWebKit/537.36 (KHTML, like Gecko) Chrome/75.0.3770.100 Mobile Safari/537.36"

2019-07-15 17:43:36 info: PARAM {"0":"image/1112482398/gallery"} | BODY {}
2019-07-15 17:43:36 info: PARAM {"0":"image/1112482398/grid"} | BODY {}
2019-07-15 17:43:36 info: PARAM {"0":"memo/1112482398"} | BODY {}
2019-07-15 17:43:48 info: PARAM {"0":"kakao/getinfo"} | BODY {}
2019-07-15 17:43:48 info: ::ffff:127.0.0.1 - - [15/Jul/2019:08:43:48 +0000] "POST /api/kakao/getinfo HTTP/1.1" 200 155 "http://localhost:3000/" "Mozilla/5.0 (Linux; Android 5.0; SM-G900P Build/LRX21T) AppleWebKit/537.36 (KHTML, like Gecko) Chrome/75.0.3770.100 Mobile Safari/537.36"

2019-07-15 17:43:48 info: PARAM {"0":"image/1112482398/gallery"} | BODY {}
2019-07-15 17:43:48 info: PARAM {"0":"image/1112482398/grid"} | BODY {}
2019-07-15 17:43:48 info: PARAM {"0":"memo/1112482398"} | BODY {}
2019-07-15 17:43:58 info: PARAM {"0":"kakao/getinfo"} | BODY {}
2019-07-15 17:43:58 info: ::ffff:127.0.0.1 - - [15/Jul/2019:08:43:58 +0000] "POST /api/kakao/getinfo HTTP/1.1" 200 155 "http://localhost:3000/" "Mozilla/5.0 (Linux; Android 5.0; SM-G900P Build/LRX21T) AppleWebKit/537.36 (KHTML, like Gecko) Chrome/75.0.3770.100 Mobile Safari/537.36"

2019-07-15 17:43:58 info: PARAM {"0":"image/1112482398/gallery"} | BODY {}
2019-07-15 17:43:58 info: PARAM {"0":"image/1112482398/grid"} | BODY {}
2019-07-15 17:43:58 info: PARAM {"0":"memo/1112482398"} | BODY {}
2019-07-15 17:44:02 info: PARAM {"0":"kakao/getinfo"} | BODY {}
2019-07-15 17:44:02 info: ::ffff:127.0.0.1 - - [15/Jul/2019:08:44:02 +0000] "POST /api/kakao/getinfo HTTP/1.1" 200 155 "http://localhost:3000/" "Mozilla/5.0 (Linux; Android 5.0; SM-G900P Build/LRX21T) AppleWebKit/537.36 (KHTML, like Gecko) Chrome/75.0.3770.100 Mobile Safari/537.36"

2019-07-15 17:44:02 info: PARAM {"0":"image/1112482398/gallery"} | BODY {}
2019-07-15 17:44:02 info: PARAM {"0":"image/1112482398/grid"} | BODY {}
2019-07-15 17:44:02 info: PARAM {"0":"memo/1112482398"} | BODY {}
2019-07-15 17:44:07 info: PARAM {"0":"kakao/getinfo"} | BODY {}
2019-07-15 17:44:07 info: ::ffff:127.0.0.1 - - [15/Jul/2019:08:44:07 +0000] "POST /api/kakao/getinfo HTTP/1.1" 200 155 "http://localhost:3000/" "Mozilla/5.0 (Linux; Android 5.0; SM-G900P Build/LRX21T) AppleWebKit/537.36 (KHTML, like Gecko) Chrome/75.0.3770.100 Mobile Safari/537.36"

2019-07-15 17:44:07 info: PARAM {"0":"image/1112482398/gallery"} | BODY {}
2019-07-15 17:44:07 info: PARAM {"0":"image/1112482398/grid"} | BODY {}
2019-07-15 17:44:07 info: PARAM {"0":"memo/1112482398"} | BODY {}
2019-07-15 17:44:12 info: PARAM {"0":"kakao/getinfo"} | BODY {}
2019-07-15 17:44:12 info: ::ffff:127.0.0.1 - - [15/Jul/2019:08:44:12 +0000] "POST /api/kakao/getinfo HTTP/1.1" 200 155 "http://localhost:3000/" "Mozilla/5.0 (Linux; Android 5.0; SM-G900P Build/LRX21T) AppleWebKit/537.36 (KHTML, like Gecko) Chrome/75.0.3770.100 Mobile Safari/537.36"

2019-07-15 17:44:12 info: PARAM {"0":"image/1112482398/gallery"} | BODY {}
2019-07-15 17:44:12 info: PARAM {"0":"image/1112482398/grid"} | BODY {}
2019-07-15 17:44:12 info: PARAM {"0":"memo/1112482398"} | BODY {}
2019-07-15 17:44:30 info: PARAM {"0":"kakao/getinfo"} | BODY {}
2019-07-15 17:44:30 info: ::ffff:127.0.0.1 - - [15/Jul/2019:08:44:30 +0000] "POST /api/kakao/getinfo HTTP/1.1" 200 155 "http://localhost:3000/" "Mozilla/5.0 (Linux; Android 5.0; SM-G900P Build/LRX21T) AppleWebKit/537.36 (KHTML, like Gecko) Chrome/75.0.3770.100 Mobile Safari/537.36"

2019-07-15 17:44:30 info: PARAM {"0":"image/1112482398/gallery"} | BODY {}
2019-07-15 17:44:30 info: PARAM {"0":"image/1112482398/grid"} | BODY {}
2019-07-15 17:44:30 info: PARAM {"0":"memo/1112482398"} | BODY {}
2019-07-15 17:44:35 info: PARAM {"0":"kakao/getinfo"} | BODY {}
2019-07-15 17:44:35 info: ::ffff:127.0.0.1 - - [15/Jul/2019:08:44:35 +0000] "POST /api/kakao/getinfo HTTP/1.1" 200 155 "http://localhost:3000/" "Mozilla/5.0 (Linux; Android 5.0; SM-G900P Build/LRX21T) AppleWebKit/537.36 (KHTML, like Gecko) Chrome/75.0.3770.100 Mobile Safari/537.36"

2019-07-15 17:44:36 info: PARAM {"0":"image/1112482398/gallery"} | BODY {}
2019-07-15 17:44:36 info: ::ffff:127.0.0.1 - - [15/Jul/2019:08:44:36 +0000] "GET /api/image/1112482398/gallery HTTP/1.1" - - "http://localhost:3000/" "Mozilla/5.0 (Linux; Android 5.0; SM-G900P Build/LRX21T) AppleWebKit/537.36 (KHTML, like Gecko) Chrome/75.0.3770.100 Mobile Safari/537.36"

2019-07-15 17:44:36 info: PARAM {"0":"image/1112482398/grid"} | BODY {}
2019-07-15 17:44:36 info: ::ffff:127.0.0.1 - - [15/Jul/2019:08:44:36 +0000] "GET /api/image/1112482398/grid HTTP/1.1" - - "http://localhost:3000/" "Mozilla/5.0 (Linux; Android 5.0; SM-G900P Build/LRX21T) AppleWebKit/537.36 (KHTML, like Gecko) Chrome/75.0.3770.100 Mobile Safari/537.36"

2019-07-15 17:44:36 info: PARAM {"0":"kakao/getinfo"} | BODY {}
2019-07-15 17:44:36 info: ::ffff:127.0.0.1 - - [15/Jul/2019:08:44:36 +0000] "POST /api/kakao/getinfo HTTP/1.1" 200 155 "http://localhost:3000/" "Mozilla/5.0 (Linux; Android 5.0; SM-G900P Build/LRX21T) AppleWebKit/537.36 (KHTML, like Gecko) Chrome/75.0.3770.100 Mobile Safari/537.36"

2019-07-15 17:44:36 info: PARAM {"0":"image/1112482398/gallery"} | BODY {}
2019-07-15 17:44:36 info: PARAM {"0":"image/1112482398/grid"} | BODY {}
2019-07-15 17:44:36 info: PARAM {"0":"memo/1112482398"} | BODY {}
2019-07-15 17:44:36 info: ::ffff:127.0.0.1 - - [15/Jul/2019:08:44:36 +0000] "GET /api/image/1112482398/gallery HTTP/1.1" 200 5204 "http://localhost:3000/" "Mozilla/5.0 (Linux; Android 5.0; SM-G900P Build/LRX21T) AppleWebKit/537.36 (KHTML, like Gecko) Chrome/75.0.3770.100 Mobile Safari/537.36"

2019-07-15 17:44:36 info: ::ffff:127.0.0.1 - - [15/Jul/2019:08:44:36 +0000] "GET /api/image/1112482398/grid HTTP/1.1" 200 5174 "http://localhost:3000/" "Mozilla/5.0 (Linux; Android 5.0; SM-G900P Build/LRX21T) AppleWebKit/537.36 (KHTML, like Gecko) Chrome/75.0.3770.100 Mobile Safari/537.36"

2019-07-15 17:44:36 info: ::ffff:127.0.0.1 - - [15/Jul/2019:08:44:36 +0000] "GET /api/memo/1112482398 HTTP/1.1" 200 3279 "http://localhost:3000/" "Mozilla/5.0 (Linux; Android 5.0; SM-G900P Build/LRX21T) AppleWebKit/537.36 (KHTML, like Gecko) Chrome/75.0.3770.100 Mobile Safari/537.36"

2019-07-15 17:45:53 info: PARAM {"0":"kakao/getinfo"} | BODY {}
2019-07-15 17:45:53 info: ::ffff:127.0.0.1 - - [15/Jul/2019:08:45:53 +0000] "POST /api/kakao/getinfo HTTP/1.1" 200 155 "http://localhost:3000/" "Mozilla/5.0 (Linux; Android 5.0; SM-G900P Build/LRX21T) AppleWebKit/537.36 (KHTML, like Gecko) Chrome/75.0.3770.100 Mobile Safari/537.36"

2019-07-15 17:45:53 info: PARAM {"0":"image/1112482398/gallery"} | BODY {}
2019-07-15 17:45:53 info: PARAM {"0":"image/1112482398/grid"} | BODY {}
2019-07-15 17:45:53 info: PARAM {"0":"memo/1112482398"} | BODY {}
2019-07-15 17:46:06 info: PARAM {"0":"kakao/getinfo"} | BODY {}
2019-07-15 17:46:06 info: ::ffff:127.0.0.1 - - [15/Jul/2019:08:46:06 +0000] "POST /api/kakao/getinfo HTTP/1.1" 200 155 "http://localhost:3000/" "Mozilla/5.0 (Linux; Android 5.0; SM-G900P Build/LRX21T) AppleWebKit/537.36 (KHTML, like Gecko) Chrome/75.0.3770.100 Mobile Safari/537.36"

2019-07-15 17:46:07 info: PARAM {"0":"image/1112482398/gallery"} | BODY {}
2019-07-15 17:46:07 info: PARAM {"0":"image/1112482398/grid"} | BODY {}
2019-07-15 17:46:07 info: PARAM {"0":"memo/1112482398"} | BODY {}
2019-07-15 17:46:16 info: PARAM {"0":"kakao/getinfo"} | BODY {}
2019-07-15 17:46:16 info: ::ffff:127.0.0.1 - - [15/Jul/2019:08:46:16 +0000] "POST /api/kakao/getinfo HTTP/1.1" 200 155 "http://localhost:3000/" "Mozilla/5.0 (Linux; Android 5.0; SM-G900P Build/LRX21T) AppleWebKit/537.36 (KHTML, like Gecko) Chrome/75.0.3770.100 Mobile Safari/537.36"

2019-07-15 17:46:16 info: PARAM {"0":"image/1112482398/gallery"} | BODY {}
2019-07-15 17:46:16 info: PARAM {"0":"image/1112482398/grid"} | BODY {}
2019-07-15 17:46:16 info: PARAM {"0":"memo/1112482398"} | BODY {}
2019-07-15 17:47:11 info: PARAM {"0":"kakao/getinfo"} | BODY {}
2019-07-15 17:47:12 info: ::ffff:127.0.0.1 - - [15/Jul/2019:08:47:12 +0000] "POST /api/kakao/getinfo HTTP/1.1" 200 155 "http://localhost:3000/" "Mozilla/5.0 (Linux; Android 5.0; SM-G900P Build/LRX21T) AppleWebKit/537.36 (KHTML, like Gecko) Chrome/75.0.3770.100 Mobile Safari/537.36"

2019-07-15 17:47:12 info: PARAM {"0":"image/1112482398/gallery"} | BODY {}
2019-07-15 17:47:12 info: PARAM {"0":"image/1112482398/grid"} | BODY {}
2019-07-15 17:47:12 info: PARAM {"0":"memo/1112482398"} | BODY {}
2019-07-15 17:50:43 info: PARAM {"0":"kakao/getinfo"} | BODY {}
2019-07-15 17:50:43 info: ::ffff:127.0.0.1 - - [15/Jul/2019:08:50:43 +0000] "POST /api/kakao/getinfo HTTP/1.1" 200 155 "http://localhost:3000/" "Mozilla/5.0 (Linux; Android 5.0; SM-G900P Build/LRX21T) AppleWebKit/537.36 (KHTML, like Gecko) Chrome/75.0.3770.100 Mobile Safari/537.36"

2019-07-15 17:50:43 info: PARAM {"0":"image/1112482398/gallery"} | BODY {}
2019-07-15 17:50:44 info: PARAM {"0":"image/1112482398/grid"} | BODY {}
2019-07-15 17:50:44 info: PARAM {"0":"memo/1112482398"} | BODY {}
2019-07-15 17:51:43 info: PARAM {"0":"kakao/getinfo"} | BODY {}
2019-07-15 17:51:43 info: ::ffff:127.0.0.1 - - [15/Jul/2019:08:51:43 +0000] "POST /api/kakao/getinfo HTTP/1.1" 200 155 "http://localhost:3000/" "Mozilla/5.0 (Linux; Android 5.0; SM-G900P Build/LRX21T) AppleWebKit/537.36 (KHTML, like Gecko) Chrome/75.0.3770.100 Mobile Safari/537.36"

2019-07-15 17:51:43 info: PARAM {"0":"image/1112482398/gallery"} | BODY {}
2019-07-15 17:51:43 info: PARAM {"0":"image/1112482398/grid"} | BODY {}
2019-07-15 17:51:43 info: PARAM {"0":"memo/1112482398"} | BODY {}
2019-07-15 17:52:03 info: PARAM {"0":"kakao/getinfo"} | BODY {}
2019-07-15 17:52:03 info: ::ffff:127.0.0.1 - - [15/Jul/2019:08:52:03 +0000] "POST /api/kakao/getinfo HTTP/1.1" 200 155 "http://localhost:3000/" "Mozilla/5.0 (Linux; Android 5.0; SM-G900P Build/LRX21T) AppleWebKit/537.36 (KHTML, like Gecko) Chrome/75.0.3770.100 Mobile Safari/537.36"

2019-07-15 17:52:03 info: PARAM {"0":"image/1112482398/gallery"} | BODY {}
2019-07-15 17:52:03 info: PARAM {"0":"image/1112482398/grid"} | BODY {}
2019-07-15 17:52:03 info: PARAM {"0":"memo/1112482398"} | BODY {}
2019-07-15 17:52:53 info: PARAM {"0":"kakao/getinfo"} | BODY {}
2019-07-15 17:52:54 info: ::ffff:127.0.0.1 - - [15/Jul/2019:08:52:54 +0000] "POST /api/kakao/getinfo HTTP/1.1" 200 155 "http://localhost:3000/" "Mozilla/5.0 (Linux; Android 5.0; SM-G900P Build/LRX21T) AppleWebKit/537.36 (KHTML, like Gecko) Chrome/75.0.3770.100 Mobile Safari/537.36"

2019-07-15 17:52:54 info: PARAM {"0":"image/1112482398/gallery"} | BODY {}
2019-07-15 17:52:54 info: PARAM {"0":"image/1112482398/grid"} | BODY {}
2019-07-15 17:52:54 info: PARAM {"0":"memo/1112482398"} | BODY {}
2019-07-15 17:55:27 info: PARAM {"0":"kakao/getinfo"} | BODY {}
2019-07-15 17:55:27 info: ::ffff:127.0.0.1 - - [15/Jul/2019:08:55:27 +0000] "POST /api/kakao/getinfo HTTP/1.1" 200 155 "http://localhost:3000/" "Mozilla/5.0 (Linux; Android 5.0; SM-G900P Build/LRX21T) AppleWebKit/537.36 (KHTML, like Gecko) Chrome/75.0.3770.100 Mobile Safari/537.36"

2019-07-15 17:55:27 info: PARAM {"0":"image/1112482398/gallery"} | BODY {}
2019-07-15 17:55:27 info: PARAM {"0":"image/1112482398/grid"} | BODY {}
2019-07-15 17:55:27 info: PARAM {"0":"memo/1112482398"} | BODY {}
2019-07-15 17:55:29 info: PARAM {"0":"kakao/getinfo"} | BODY {}
2019-07-15 17:55:29 info: ::ffff:127.0.0.1 - - [15/Jul/2019:08:55:29 +0000] "POST /api/kakao/getinfo HTTP/1.1" 200 155 "http://localhost:3000/" "Mozilla/5.0 (Linux; Android 5.0; SM-G900P Build/LRX21T) AppleWebKit/537.36 (KHTML, like Gecko) Chrome/75.0.3770.100 Mobile Safari/537.36"

2019-07-15 17:55:29 info: PARAM {"0":"image/1112482398/gallery"} | BODY {}
2019-07-15 17:55:29 info: PARAM {"0":"image/1112482398/grid"} | BODY {}
2019-07-15 17:55:30 info: PARAM {"0":"memo/1112482398"} | BODY {}
2019-07-15 17:55:50 info: PARAM {"0":"kakao/getinfo"} | BODY {}
2019-07-15 17:55:50 info: ::ffff:127.0.0.1 - - [15/Jul/2019:08:55:50 +0000] "POST /api/kakao/getinfo HTTP/1.1" 200 155 "http://localhost:3000/" "Mozilla/5.0 (Linux; Android 5.0; SM-G900P Build/LRX21T) AppleWebKit/537.36 (KHTML, like Gecko) Chrome/75.0.3770.100 Mobile Safari/537.36"

2019-07-15 17:55:50 info: PARAM {"0":"image/1112482398/gallery"} | BODY {}
2019-07-15 17:55:50 info: PARAM {"0":"image/1112482398/grid"} | BODY {}
2019-07-15 17:55:50 info: PARAM {"0":"memo/1112482398"} | BODY {}
2019-07-15 17:56:05 info: PARAM {"0":"kakao/getinfo"} | BODY {}
2019-07-15 17:56:05 info: ::ffff:127.0.0.1 - - [15/Jul/2019:08:56:05 +0000] "POST /api/kakao/getinfo HTTP/1.1" 200 155 "http://localhost:3000/" "Mozilla/5.0 (Linux; Android 5.0; SM-G900P Build/LRX21T) AppleWebKit/537.36 (KHTML, like Gecko) Chrome/75.0.3770.100 Mobile Safari/537.36"

2019-07-15 17:56:05 info: PARAM {"0":"image/1112482398/gallery"} | BODY {}
2019-07-15 17:56:05 info: PARAM {"0":"image/1112482398/grid"} | BODY {}
2019-07-15 17:56:05 info: PARAM {"0":"memo/1112482398"} | BODY {}
2019-07-15 17:56:13 info: PARAM {"0":"kakao/getinfo"} | BODY {}
2019-07-15 17:56:13 info: ::ffff:127.0.0.1 - - [15/Jul/2019:08:56:13 +0000] "POST /api/kakao/getinfo HTTP/1.1" 200 155 "http://localhost:3000/" "Mozilla/5.0 (Linux; Android 5.0; SM-G900P Build/LRX21T) AppleWebKit/537.36 (KHTML, like Gecko) Chrome/75.0.3770.100 Mobile Safari/537.36"

2019-07-15 17:56:13 info: PARAM {"0":"image/1112482398/gallery"} | BODY {}
2019-07-15 17:56:13 info: PARAM {"0":"image/1112482398/grid"} | BODY {}
2019-07-15 17:56:13 info: PARAM {"0":"memo/1112482398"} | BODY {}
2019-07-15 17:56:27 info: PARAM {"0":"kakao/getinfo"} | BODY {}
2019-07-15 17:56:27 info: ::ffff:127.0.0.1 - - [15/Jul/2019:08:56:27 +0000] "POST /api/kakao/getinfo HTTP/1.1" 200 155 "http://localhost:3000/" "Mozilla/5.0 (Linux; Android 5.0; SM-G900P Build/LRX21T) AppleWebKit/537.36 (KHTML, like Gecko) Chrome/75.0.3770.100 Mobile Safari/537.36"

2019-07-15 17:56:27 info: PARAM {"0":"image/1112482398/gallery"} | BODY {}
2019-07-15 17:56:27 info: PARAM {"0":"image/1112482398/grid"} | BODY {}
2019-07-15 17:56:27 info: PARAM {"0":"memo/1112482398"} | BODY {}
2019-07-15 17:56:44 info: PARAM {"0":"kakao/getinfo"} | BODY {}
2019-07-15 17:56:45 info: ::ffff:127.0.0.1 - - [15/Jul/2019:08:56:45 +0000] "POST /api/kakao/getinfo HTTP/1.1" 200 155 "http://localhost:3000/" "Mozilla/5.0 (Linux; Android 5.0; SM-G900P Build/LRX21T) AppleWebKit/537.36 (KHTML, like Gecko) Chrome/75.0.3770.100 Mobile Safari/537.36"

2019-07-15 17:56:45 info: PARAM {"0":"image/1112482398/gallery"} | BODY {}
2019-07-15 17:56:45 info: PARAM {"0":"image/1112482398/grid"} | BODY {}
2019-07-15 17:56:45 info: PARAM {"0":"memo/1112482398"} | BODY {}
2019-07-15 17:56:48 info: PARAM {"0":"kakao/getinfo"} | BODY {}
2019-07-15 17:56:48 info: ::ffff:127.0.0.1 - - [15/Jul/2019:08:56:48 +0000] "POST /api/kakao/getinfo HTTP/1.1" 200 155 "http://localhost:3000/" "Mozilla/5.0 (Linux; Android 5.0; SM-G900P Build/LRX21T) AppleWebKit/537.36 (KHTML, like Gecko) Chrome/75.0.3770.100 Mobile Safari/537.36"

2019-07-15 17:56:48 info: PARAM {"0":"image/1112482398/gallery"} | BODY {}
2019-07-15 17:56:48 info: PARAM {"0":"image/1112482398/grid"} | BODY {}
2019-07-15 17:56:48 info: PARAM {"0":"memo/1112482398"} | BODY {}
2019-07-15 17:56:52 info: PARAM {"0":"kakao/getinfo"} | BODY {}
2019-07-15 17:56:52 info: ::ffff:127.0.0.1 - - [15/Jul/2019:08:56:52 +0000] "POST /api/kakao/getinfo HTTP/1.1" 200 155 "http://localhost:3000/" "Mozilla/5.0 (Linux; Android 5.0; SM-G900P Build/LRX21T) AppleWebKit/537.36 (KHTML, like Gecko) Chrome/75.0.3770.100 Mobile Safari/537.36"

2019-07-15 17:56:53 info: PARAM {"0":"image/1112482398/gallery"} | BODY {}
2019-07-15 17:56:53 info: PARAM {"0":"image/1112482398/grid"} | BODY {}
2019-07-15 17:56:53 info: PARAM {"0":"memo/1112482398"} | BODY {}
2019-07-15 18:01:07 info: PARAM {"0":"kakao/getinfo"} | BODY {}
2019-07-15 18:01:07 info: ::ffff:127.0.0.1 - - [15/Jul/2019:09:01:07 +0000] "POST /api/kakao/getinfo HTTP/1.1" 200 155 "http://localhost:3000/" "Mozilla/5.0 (Linux; Android 5.0; SM-G900P Build/LRX21T) AppleWebKit/537.36 (KHTML, like Gecko) Chrome/75.0.3770.100 Mobile Safari/537.36"

2019-07-15 18:01:07 info: PARAM {"0":"image/1112482398/gallery"} | BODY {}
2019-07-15 18:01:07 info: PARAM {"0":"image/1112482398/grid"} | BODY {}
2019-07-15 18:01:07 info: PARAM {"0":"memo/1112482398"} | BODY {}
2019-07-15 18:02:27 info: PARAM {"0":"kakao/getinfo"} | BODY {}
2019-07-15 18:02:27 info: ::ffff:127.0.0.1 - - [15/Jul/2019:09:02:27 +0000] "POST /api/kakao/getinfo HTTP/1.1" 200 155 "http://localhost:3000/" "Mozilla/5.0 (Linux; Android 5.0; SM-G900P Build/LRX21T) AppleWebKit/537.36 (KHTML, like Gecko) Chrome/75.0.3770.100 Mobile Safari/537.36"

2019-07-15 18:02:27 info: PARAM {"0":"image/1112482398/gallery"} | BODY {}
2019-07-15 18:02:27 info: PARAM {"0":"image/1112482398/grid"} | BODY {}
2019-07-15 18:02:27 info: PARAM {"0":"memo/1112482398"} | BODY {}
2019-07-15 18:02:37 info: PARAM {"0":"kakao/getinfo"} | BODY {}
2019-07-15 18:02:37 info: ::ffff:127.0.0.1 - - [15/Jul/2019:09:02:37 +0000] "POST /api/kakao/getinfo HTTP/1.1" 200 155 "http://localhost:3000/" "Mozilla/5.0 (Linux; Android 5.0; SM-G900P Build/LRX21T) AppleWebKit/537.36 (KHTML, like Gecko) Chrome/75.0.3770.100 Mobile Safari/537.36"

2019-07-15 18:02:37 info: PARAM {"0":"image/1112482398/gallery"} | BODY {}
2019-07-15 18:02:37 info: PARAM {"0":"image/1112482398/grid"} | BODY {}
2019-07-15 18:02:37 info: PARAM {"0":"memo/1112482398"} | BODY {}
2019-07-15 18:02:39 info: PARAM {"0":"kakao/getinfo"} | BODY {}
2019-07-15 18:02:39 info: ::ffff:127.0.0.1 - - [15/Jul/2019:09:02:39 +0000] "POST /api/kakao/getinfo HTTP/1.1" 200 155 "http://localhost:3000/" "Mozilla/5.0 (Linux; Android 5.0; SM-G900P Build/LRX21T) AppleWebKit/537.36 (KHTML, like Gecko) Chrome/75.0.3770.100 Mobile Safari/537.36"

2019-07-15 18:02:39 info: PARAM {"0":"image/1112482398/gallery"} | BODY {}
2019-07-15 18:02:39 info: PARAM {"0":"image/1112482398/grid"} | BODY {}
2019-07-15 18:02:39 info: PARAM {"0":"memo/1112482398"} | BODY {}
2019-07-15 18:02:40 info: PARAM {"0":"kakao/getinfo"} | BODY {}
2019-07-15 18:02:40 info: ::ffff:127.0.0.1 - - [15/Jul/2019:09:02:40 +0000] "POST /api/kakao/getinfo HTTP/1.1" 200 155 "http://localhost:3000/" "Mozilla/5.0 (Linux; Android 5.0; SM-G900P Build/LRX21T) AppleWebKit/537.36 (KHTML, like Gecko) Chrome/75.0.3770.100 Mobile Safari/537.36"

2019-07-15 18:02:40 info: PARAM {"0":"image/1112482398/gallery"} | BODY {}
2019-07-15 18:02:40 info: PARAM {"0":"image/1112482398/grid"} | BODY {}
2019-07-15 18:02:40 info: PARAM {"0":"memo/1112482398"} | BODY {}
2019-07-15 18:03:01 info: PARAM {"0":"kakao/getinfo"} | BODY {}
2019-07-15 18:03:01 info: ::ffff:127.0.0.1 - - [15/Jul/2019:09:03:01 +0000] "POST /api/kakao/getinfo HTTP/1.1" 200 155 "http://localhost:3000/" "Mozilla/5.0 (Linux; Android 5.0; SM-G900P Build/LRX21T) AppleWebKit/537.36 (KHTML, like Gecko) Chrome/75.0.3770.100 Mobile Safari/537.36"

2019-07-15 18:03:01 info: PARAM {"0":"image/1112482398/gallery"} | BODY {}
2019-07-15 18:03:01 info: PARAM {"0":"image/1112482398/grid"} | BODY {}
2019-07-15 18:03:01 info: PARAM {"0":"memo/1112482398"} | BODY {}
2019-07-15 18:03:02 info: PARAM {"0":"kakao/getinfo"} | BODY {}
2019-07-15 18:03:02 info: ::ffff:127.0.0.1 - - [15/Jul/2019:09:03:02 +0000] "POST /api/kakao/getinfo HTTP/1.1" 200 155 "http://localhost:3000/" "Mozilla/5.0 (Linux; Android 5.0; SM-G900P Build/LRX21T) AppleWebKit/537.36 (KHTML, like Gecko) Chrome/75.0.3770.100 Mobile Safari/537.36"

2019-07-15 18:03:02 info: PARAM {"0":"image/1112482398/gallery"} | BODY {}
2019-07-15 18:03:02 info: PARAM {"0":"image/1112482398/grid"} | BODY {}
2019-07-15 18:03:02 info: PARAM {"0":"memo/1112482398"} | BODY {}
2019-07-15 18:09:17 info: Check out the app at http://localhost:4000
